<?xml version="1.0" encoding="utf-8"?>
<TestRun id="cbbc20f2-8663-4edb-a9af-e5b475d5182c" name="@Precision-7510 2025-11-15 01:31:54" xmlns="http://microsoft.com/schemas/VisualStudio/TeamTest/2010">
  <Times creation="2025-11-15T01:31:54.2667379+07:00" queuing="2025-11-15T01:31:54.2667380+07:00" start="2025-11-15T01:31:52.5988442+07:00" finish="2025-11-15T01:31:58.3281070+07:00" />
  <TestSettings name="default" id="eadb6328-4a8e-408c-9b25-8a397d963a85">
    <Deployment runDeploymentRoot="_Precision-7510_2025-11-15_01_31_54" />
  </TestSettings>
  <Results>
    <UnitTestResult executionId="e1655c0b-ce30-4a25-ba72-d20caaf27947" testId="8220d0ca-10f9-b0c9-44ad-26f8c0a61205" testName="MathBridgeSystem.Tests.Services.ZoomProviderTests.GetAccessTokenAsync_WithCache_OnlyCallsHttpOnce" computerName="Precision-7510" duration="00:00:00.0729638" startTime="2025-11-15T01:31:54.8759391+07:00" endTime="2025-11-15T01:31:54.9462355+07:00" testType="13cdc9d9-ddb5-4fa4-a97d-d965ccfc6d4b" outcome="Passed" testListId="8c84fa94-04c1-424b-9868-57a2d4851a1d" relativeResultsDirectory="e1655c0b-ce30-4a25-ba72-d20caaf27947" />
    <UnitTestResult executionId="b9efd76f-b31f-48d6-b177-5a620eed36e8" testId="5674865a-d226-b88a-2cea-2838e66d9351" testName="MathBridgeSystem.Tests.Controllers.UnitControllerTests.UpdateUnit_UnexpectedException_ReturnsInternalServerError" computerName="Precision-7510" duration="00:00:00.0078676" startTime="2025-11-15T01:31:54.1692225+07:00" endTime="2025-11-15T01:31:54.1694146+07:00" testType="13cdc9d9-ddb5-4fa4-a97d-d965ccfc6d4b" outcome="Passed" testListId="8c84fa94-04c1-424b-9868-57a2d4851a1d" relativeResultsDirectory="b9efd76f-b31f-48d6-b177-5a620eed36e8" />
    <UnitTestResult executionId="66112e98-3ee5-4840-9987-1ce6fa607cfa" testId="07c27817-a1af-8fd2-1790-f7a45e00285a" testName="MathBridgeSystem.Tests.Services.TutorScheduleServiceTests.BulkCreateAvailabilitiesAsync_AllValid_CreatesAll" computerName="Precision-7510" duration="00:00:00.0054733" startTime="2025-11-15T01:31:55.0834329+07:00" endTime="2025-11-15T01:31:55.0874744+07:00" testType="13cdc9d9-ddb5-4fa4-a97d-d965ccfc6d4b" outcome="Passed" testListId="8c84fa94-04c1-424b-9868-57a2d4851a1d" relativeResultsDirectory="66112e98-3ee5-4840-9987-1ce6fa607cfa" />
    <UnitTestResult executionId="e59592f8-8e86-4134-b5ea-5d208a4e4abc" testId="7b285109-2638-9420-728f-5504f18a1483" testName="MathBridgeSystem.Tests.Services.TutorScheduleServiceTests.DeleteAvailabilityAsync_NotFound_ThrowsException" computerName="Precision-7510" duration="00:00:00.0025124" startTime="2025-11-15T01:31:55.0801006+07:00" endTime="2025-11-15T01:31:55.0830926+07:00" testType="13cdc9d9-ddb5-4fa4-a97d-d965ccfc6d4b" outcome="Passed" testListId="8c84fa94-04c1-424b-9868-57a2d4851a1d" relativeResultsDirectory="e59592f8-8e86-4134-b5ea-5d208a4e4abc" />
    <UnitTestResult executionId="1cb95f55-92a0-4869-a095-c28aa285dae0" testId="e043b09f-9ca8-cec7-902f-770fa7343779" testName="MathBridgeSystem.Tests.Controllers.NotificationControllerTests.GetUnreadCount_NoUnreadNotifications_ReturnsZero" computerName="Precision-7510" duration="00:00:00.0104978" startTime="2025-11-15T01:31:54.1909333+07:00" endTime="2025-11-15T01:31:54.1915916+07:00" testType="13cdc9d9-ddb5-4fa4-a97d-d965ccfc6d4b" outcome="Passed" testListId="8c84fa94-04c1-424b-9868-57a2d4851a1d" relativeResultsDirectory="1cb95f55-92a0-4869-a095-c28aa285dae0" />
    <UnitTestResult executionId="f830dd7f-50c9-4f64-9923-e859246c01ed" testId="73038791-9ebc-1ee3-4b5e-1d5957ebb813" testName="MathBridgeSystem.Tests.Services.ChildServiceTests.LinkCenterAsync_CenterNotFound_ThrowsException" computerName="Precision-7510" duration="00:00:00.0046340" startTime="2025-11-15T01:31:55.1039366+07:00" endTime="2025-11-15T01:31:55.1080465+07:00" testType="13cdc9d9-ddb5-4fa4-a97d-d965ccfc6d4b" outcome="Passed" testListId="8c84fa94-04c1-424b-9868-57a2d4851a1d" relativeResultsDirectory="f830dd7f-50c9-4f64-9923-e859246c01ed" />
    <UnitTestResult executionId="94fa886b-e563-4601-bccf-1aa44d5a64c7" testId="ff702328-79e2-5088-d70b-2dafde099c7d" testName="MathBridgeSystem.Tests.Services.ChildServiceTests.AddChildAsync_InvalidGrade_ThrowsException" computerName="Precision-7510" duration="00:00:00.0030616" startTime="2025-11-15T01:31:55.0923007+07:00" endTime="2025-11-15T01:31:55.0945800+07:00" testType="13cdc9d9-ddb5-4fa4-a97d-d965ccfc6d4b" outcome="Passed" testListId="8c84fa94-04c1-424b-9868-57a2d4851a1d" relativeResultsDirectory="94fa886b-e563-4601-bccf-1aa44d5a64c7" />
    <UnitTestResult executionId="2585a96d-2525-4f5e-9dc1-c4c3d39cb009" testId="7cfd6bee-12e7-4a22-8610-9ce9ee557be1" testName="MathBridgeSystem.Tests.Controllers.NotificationControllerTests.GetNotifications_DefaultPagination_ReturnsNotifications" computerName="Precision-7510" duration="00:00:00.0050875" startTime="2025-11-15T01:31:54.1723318+07:00" endTime="2025-11-15T01:31:54.1748154+07:00" testType="13cdc9d9-ddb5-4fa4-a97d-d965ccfc6d4b" outcome="Passed" testListId="8c84fa94-04c1-424b-9868-57a2d4851a1d" relativeResultsDirectory="2585a96d-2525-4f5e-9dc1-c4c3d39cb009" />
    <UnitTestResult executionId="18a74c66-cb01-4838-9137-a33d6e867e80" testId="c9405ff6-aeda-aa2d-e07c-57e974eb55a4" testName="MathBridgeSystem.Tests.Controllers.AdminControllerTests.UpdateUserStatus_ValidRequest_ReturnsOkResult" computerName="Precision-7510" duration="00:00:00.0144363" startTime="2025-11-15T01:31:54.7209611+07:00" endTime="2025-11-15T01:31:54.7392467+07:00" testType="13cdc9d9-ddb5-4fa4-a97d-d965ccfc6d4b" outcome="Passed" testListId="8c84fa94-04c1-424b-9868-57a2d4851a1d" relativeResultsDirectory="18a74c66-cb01-4838-9137-a33d6e867e80" />
    <UnitTestResult executionId="873eb22e-4adf-49e1-aa1e-e2a3d3929c1e" testId="03430a3d-7ba7-97d7-db35-ab7bc7e1978a" testName="MathBridgeSystem.Tests.Services.SessionServiceTests.GetSessionForTutorCheckAsync_InvalidTutor_ReturnsNull" computerName="Precision-7510" duration="00:00:00.0024221" startTime="2025-11-15T01:31:54.7582616+07:00" endTime="2025-11-15T01:31:54.7615091+07:00" testType="13cdc9d9-ddb5-4fa4-a97d-d965ccfc6d4b" outcome="Passed" testListId="8c84fa94-04c1-424b-9868-57a2d4851a1d" relativeResultsDirectory="873eb22e-4adf-49e1-aa1e-e2a3d3929c1e" />
    <UnitTestResult executionId="cc71e913-4d06-4441-8d98-611431e5e12d" testId="96a9dc43-21d1-754b-8895-3f221c6e4cec" testName="MathBridgeSystem.Tests.Controllers.AuthControllerTests.VerifyEmailGet_EmptyOobCode_ReturnsBadRequest" computerName="Precision-7510" duration="00:00:00.0039177" startTime="2025-11-15T01:31:54.2708111+07:00" endTime="2025-11-15T01:31:54.2749345+07:00" testType="13cdc9d9-ddb5-4fa4-a97d-d965ccfc6d4b" outcome="Passed" testListId="8c84fa94-04c1-424b-9868-57a2d4851a1d" relativeResultsDirectory="cc71e913-4d06-4441-8d98-611431e5e12d" />
    <UnitTestResult executionId="a8108e90-3608-473e-a27e-b452c83c6b52" testId="1648772a-9b2f-44f1-6565-9ff762ca2c65" testName="MathBridgeSystem.Tests.Services.VideoConferenceServiceTests.GetVideoConferencesByBookingAsync_SessionsFound_ReturnsDtoList" computerName="Precision-7510" duration="00:00:00.0157879" startTime="2025-11-15T01:31:54.6965599+07:00" endTime="2025-11-15T01:31:54.7201928+07:00" testType="13cdc9d9-ddb5-4fa4-a97d-d965ccfc6d4b" outcome="Passed" testListId="8c84fa94-04c1-424b-9868-57a2d4851a1d" relativeResultsDirectory="a8108e90-3608-473e-a27e-b452c83c6b52" />
    <UnitTestResult executionId="a6383a70-b578-4bd1-be11-2478e04c01ff" testId="89442476-88ce-78c1-e6ee-f3a6d7829b6f" testName="MathBridgeSystem.Tests.Services.RescheduleServiceTests.ApproveRequestAsync_TutorNotAvailable_ThrowsInvalidOperationException" computerName="Precision-7510" duration="00:00:00.0064509" startTime="2025-11-15T01:31:54.3512527+07:00" endTime="2025-11-15T01:31:54.3572546+07:00" testType="13cdc9d9-ddb5-4fa4-a97d-d965ccfc6d4b" outcome="Passed" testListId="8c84fa94-04c1-424b-9868-57a2d4851a1d" relativeResultsDirectory="a6383a70-b578-4bd1-be11-2478e04c01ff" />
    <UnitTestResult executionId="eda6627f-618a-498f-b629-fab0d498354c" testId="796b0d1d-1cec-ead6-cba4-2ddc17a924ed" testName="MathBridgeSystem.Tests.Services.CenterServiceTests.AssignTutorToCenterAsync_CenterNotFound_ThrowsException" computerName="Precision-7510" duration="00:00:00.0025855" startTime="2025-11-15T01:31:55.1000128+07:00" endTime="2025-11-15T01:31:55.1025387+07:00" testType="13cdc9d9-ddb5-4fa4-a97d-d965ccfc6d4b" outcome="Passed" testListId="8c84fa94-04c1-424b-9868-57a2d4851a1d" relativeResultsDirectory="eda6627f-618a-498f-b629-fab0d498354c" />
    <UnitTestResult executionId="568ad07e-a322-4027-b07a-0dc848eed58e" testId="dccec6ff-3001-cc0c-8b0d-d0afc0091636" testName="MathBridgeSystem.Tests.Services.ChildServiceTests.GetAllChildrenAsync_NoChildren_ReturnsEmptyList" computerName="Precision-7510" duration="00:00:00.0014574" startTime="2025-11-15T01:31:55.0992920+07:00" endTime="2025-11-15T01:31:55.1003198+07:00" testType="13cdc9d9-ddb5-4fa4-a97d-d965ccfc6d4b" outcome="Passed" testListId="8c84fa94-04c1-424b-9868-57a2d4851a1d" relativeResultsDirectory="568ad07e-a322-4027-b07a-0dc848eed58e" />
    <UnitTestResult executionId="48929a38-f137-45cb-8e48-c46157790093" testId="d8b5e14e-f079-608e-3dbf-5f3bfc42e3a7" testName="MathBridgeSystem.Tests.Services.CurriculumServiceTests.GetCurriculumWithSchoolsAsync_Existing_ReturnsDtoWithSchools" computerName="Precision-7510" duration="00:00:00.0286027" startTime="2025-11-15T01:31:54.5836819+07:00" endTime="2025-11-15T01:31:54.6120664+07:00" testType="13cdc9d9-ddb5-4fa4-a97d-d965ccfc6d4b" outcome="Passed" testListId="8c84fa94-04c1-424b-9868-57a2d4851a1d" relativeResultsDirectory="48929a38-f137-45cb-8e48-c46157790093" />
    <UnitTestResult executionId="654e1ade-6c5a-4b88-9847-7d33e99017b1" testId="fc8a75e6-80db-a30c-adcf-e9b9c7ab6ad4" testName="MathBridgeSystem.Tests.Services.PackageServiceTests.CreatePackageAsync_MissingPackageName_ThrowsArgumentException" computerName="Precision-7510" duration="00:00:00.0089980" startTime="2025-11-15T01:31:55.0177907+07:00" endTime="2025-11-15T01:31:55.0255761+07:00" testType="13cdc9d9-ddb5-4fa4-a97d-d965ccfc6d4b" outcome="Passed" testListId="8c84fa94-04c1-424b-9868-57a2d4851a1d" relativeResultsDirectory="654e1ade-6c5a-4b88-9847-7d33e99017b1" />
    <UnitTestResult executionId="e1052f85-5c7b-41f0-82b4-7873391534e7" testId="42f56234-8f10-8621-49a0-9f501a38b21d" testName="MathBridgeSystem.Tests.Services.CenterServiceTests.CreateCenterAsync_ValidRequest_ReturnsCenterId" computerName="Precision-7510" duration="00:00:00.0042818" startTime="2025-11-15T01:31:55.2311424+07:00" endTime="2025-11-15T01:31:55.2352063+07:00" testType="13cdc9d9-ddb5-4fa4-a97d-d965ccfc6d4b" outcome="Passed" testListId="8c84fa94-04c1-424b-9868-57a2d4851a1d" relativeResultsDirectory="e1052f85-5c7b-41f0-82b4-7873391534e7" />
    <UnitTestResult executionId="2080fc9b-00e7-4595-9afb-69a04f969f58" testId="fd0f821b-f053-c027-2539-2b8bcfb6ba48" testName="MathBridgeSystem.Tests.Controllers.PackageControllerTests.GetActivePackageById_ServiceThrowsException_ReturnsInternalServerError" computerName="Precision-7510" duration="00:00:00.0021341" startTime="2025-11-15T01:31:54.1953066+07:00" endTime="2025-11-15T01:31:54.1959926+07:00" testType="13cdc9d9-ddb5-4fa4-a97d-d965ccfc6d4b" outcome="Passed" testListId="8c84fa94-04c1-424b-9868-57a2d4851a1d" relativeResultsDirectory="2080fc9b-00e7-4595-9afb-69a04f969f58" />
    <UnitTestResult executionId="06941b70-b251-4258-b4b2-92c624c4f033" testId="0a20f142-26b4-d745-d530-d3fb55d5c57d" testName="MathBridgeSystem.Tests.Services.SchoolServiceTests.UpdateSchoolAsync_ValidChanges_UpdatesSchool" computerName="Precision-7510" duration="00:00:00.0064117" startTime="2025-11-15T01:31:54.9439862+07:00" endTime="2025-11-15T01:31:54.9508255+07:00" testType="13cdc9d9-ddb5-4fa4-a97d-d965ccfc6d4b" outcome="Passed" testListId="8c84fa94-04c1-424b-9868-57a2d4851a1d" relativeResultsDirectory="06941b70-b251-4258-b4b2-92c624c4f033" />
    <UnitTestResult executionId="afe08632-1483-4372-b439-57a5dd88db79" testId="5a9a5796-fd13-3c77-6f01-f74bc576ff5c" testName="MathBridgeSystem.Tests.Services.SePayServiceTests.CreatePaymentRequestAsync_ValidRequest_CreatesTransactionsAndReturnsSuccess" computerName="Precision-7510" duration="00:00:00.0229519" startTime="2025-11-15T01:31:54.4040263+07:00" endTime="2025-11-15T01:31:54.4271141+07:00" testType="13cdc9d9-ddb5-4fa4-a97d-d965ccfc6d4b" outcome="Passed" testListId="8c84fa94-04c1-424b-9868-57a2d4851a1d" relativeResultsDirectory="afe08632-1483-4372-b439-57a5dd88db79" />
    <UnitTestResult executionId="eece04f8-5307-4c91-a404-cb207ce4aa46" testId="de2db257-2308-e49f-5269-675f24bbe3f3" testName="MathBridgeSystem.Tests.Services.ZoomProviderTests.GetAccessTokenAsync_HttpFails_ThrowsInvalidOperationException" computerName="Precision-7510" duration="00:00:00.0039949" startTime="2025-11-15T01:31:54.7387058+07:00" endTime="2025-11-15T01:31:54.7397269+07:00" testType="13cdc9d9-ddb5-4fa4-a97d-d965ccfc6d4b" outcome="Passed" testListId="8c84fa94-04c1-424b-9868-57a2d4851a1d" relativeResultsDirectory="eece04f8-5307-4c91-a404-cb207ce4aa46" />
    <UnitTestResult executionId="d78fa4d9-03bd-491e-8d02-c83ae466514f" testId="d2d70120-f72c-b104-d94f-45f97934ad71" testName="MathBridgeSystem.Tests.Services.EmailServiceTests.SendResetPasswordLinkAsync_EmptyEmail_ThrowsArgumentException" computerName="Precision-7510" duration="00:00:00.0139381" startTime="2025-11-15T01:31:54.3428537+07:00" endTime="2025-11-15T01:31:54.3556912+07:00" testType="13cdc9d9-ddb5-4fa4-a97d-d965ccfc6d4b" outcome="Passed" testListId="8c84fa94-04c1-424b-9868-57a2d4851a1d" relativeResultsDirectory="d78fa4d9-03bd-491e-8d02-c83ae466514f" />
    <UnitTestResult executionId="a3829588-ef00-49f1-8e6b-4127e40943a0" testId="8ce03fc8-c035-fd5e-08aa-4b276e4c9493" testName="MathBridgeSystem.Tests.Services.ChildServiceTests.AddChildAsync_ValidRequest_ReturnsChildId" computerName="Precision-7510" duration="00:00:00.0033832" startTime="2025-11-15T01:31:55.1085338+07:00" endTime="2025-11-15T01:31:55.1115124+07:00" testType="13cdc9d9-ddb5-4fa4-a97d-d965ccfc6d4b" outcome="Passed" testListId="8c84fa94-04c1-424b-9868-57a2d4851a1d" relativeResultsDirectory="a3829588-ef00-49f1-8e6b-4127e40943a0" />
    <UnitTestResult executionId="70d18842-c195-4509-9a74-5a6cbc0b05bf" testId="fe4bcf51-0830-bc82-12ac-69bbe01a7666" testName="MathBridgeSystem.Tests.Services.CurriculumServiceTests.DeleteCurriculumAsync_HasSchools_ThrowsInvalidOperationException" computerName="Precision-7510" duration="00:00:00.0042256" startTime="2025-11-15T01:31:54.6648376+07:00" endTime="2025-11-15T01:31:54.6695408+07:00" testType="13cdc9d9-ddb5-4fa4-a97d-d965ccfc6d4b" outcome="Passed" testListId="8c84fa94-04c1-424b-9868-57a2d4851a1d" relativeResultsDirectory="70d18842-c195-4509-9a74-5a6cbc0b05bf" />
    <UnitTestResult executionId="8f10b60f-3cb7-4695-9cd6-1e0dc0462aef" testId="d3b3ab3a-2e69-f52a-1015-8adf7ee15e24" testName="MathBridgeSystem.Tests.Services.ContractServiceTests.CompleteContractAsync_Valid_CompletesContract" computerName="Precision-7510" duration="00:00:00.0176043" startTime="2025-11-15T01:31:54.8288957+07:00" endTime="2025-11-15T01:31:54.8353789+07:00" testType="13cdc9d9-ddb5-4fa4-a97d-d965ccfc6d4b" outcome="Passed" testListId="8c84fa94-04c1-424b-9868-57a2d4851a1d" relativeResultsDirectory="8f10b60f-3cb7-4695-9cd6-1e0dc0462aef" />
    <UnitTestResult executionId="b9ac44a1-70d6-4fc9-b5b7-4daed3e1fb08" testId="74816f86-af5c-9945-00c7-57ffb4966220" testName="MathBridgeSystem.Tests.Services.PackageServiceTests.UpdatePackageAsync_ValidRequest_UpdatesAndReturnsDto" computerName="Precision-7510" duration="00:00:00.0057605" startTime="2025-11-15T01:31:55.0524064+07:00" endTime="2025-11-15T01:31:55.0596600+07:00" testType="13cdc9d9-ddb5-4fa4-a97d-d965ccfc6d4b" outcome="Passed" testListId="8c84fa94-04c1-424b-9868-57a2d4851a1d" relativeResultsDirectory="b9ac44a1-70d6-4fc9-b5b7-4daed3e1fb08" />
    <UnitTestResult executionId="305752c4-dab9-4405-ad62-f89d5067c710" testId="bc072820-96f2-f847-d64b-e60506b9d4d5" testName="MathBridgeSystem.Tests.Services.LocationServiceTests.SaveUserAddressAsync_RepositoryThrowsException_ReturnsFailure" computerName="Precision-7510" duration="00:00:00.0124751" startTime="2025-11-15T01:31:54.5846148+07:00" endTime="2025-11-15T01:31:54.5967874+07:00" testType="13cdc9d9-ddb5-4fa4-a97d-d965ccfc6d4b" outcome="Passed" testListId="8c84fa94-04c1-424b-9868-57a2d4851a1d" relativeResultsDirectory="305752c4-dab9-4405-ad62-f89d5067c710" />
    <UnitTestResult executionId="67aeb31a-342a-460f-81fd-d3fdb6f82fdd" testId="df444571-fc21-1a88-eb1a-21737925a8a6" testName="MathBridgeSystem.Tests.EdgeCases.ValidationEdgeCasesTests.Guid_MultipleThreads_ShouldGenerateUniqueIds" computerName="Precision-7510" duration="00:00:00.0150041" startTime="2025-11-15T01:31:54.7431832+07:00" endTime="2025-11-15T01:31:54.7503615+07:00" testType="13cdc9d9-ddb5-4fa4-a97d-d965ccfc6d4b" outcome="Passed" testListId="8c84fa94-04c1-424b-9868-57a2d4851a1d" relativeResultsDirectory="67aeb31a-342a-460f-81fd-d3fdb6f82fdd" />
    <UnitTestResult executionId="c096c8b2-e5de-4ab5-a456-0075b564e6b3" testId="20ec9868-0aad-d57c-5569-f20ef4ccb277" testName="MathBridgeSystem.Tests.Services.TutorVerificationServiceTests.CreateVerificationAsync_NullRequest_ThrowsArgumentNullException" computerName="Precision-7510" duration="00:00:00.0029489" startTime="2025-11-15T01:31:54.5129591+07:00" endTime="2025-11-15T01:31:54.5131412+07:00" testType="13cdc9d9-ddb5-4fa4-a97d-d965ccfc6d4b" outcome="Passed" testListId="8c84fa94-04c1-424b-9868-57a2d4851a1d" relativeResultsDirectory="c096c8b2-e5de-4ab5-a456-0075b564e6b3" />
    <UnitTestResult executionId="2ad6a960-5baa-4328-bc36-a928535ebb23" testId="4140be0f-3bdd-7ca4-b58f-7cb869fcc3af" testName="MathBridgeSystem.Tests.Controllers.UsersControllerTests.GetUser_AdminRole_CallsServiceWithAdminRole" computerName="Precision-7510" duration="00:00:00.0202878" startTime="2025-11-15T01:31:54.8471821+07:00" endTime="2025-11-15T01:31:54.8612911+07:00" testType="13cdc9d9-ddb5-4fa4-a97d-d965ccfc6d4b" outcome="Passed" testListId="8c84fa94-04c1-424b-9868-57a2d4851a1d" relativeResultsDirectory="2ad6a960-5baa-4328-bc36-a928535ebb23" />
    <UnitTestResult executionId="ee3875e2-a645-4170-9fc0-ff6f5afecf0b" testId="426b7b5c-b462-6288-d8d6-cf773cadafd1" testName="MathBridgeSystem.Tests.Services.CurriculumServiceTests.UpdateCurriculumAsync_NonExisting_ThrowsKeyNotFoundException" computerName="Precision-7510" duration="00:00:00.0070612" startTime="2025-11-15T01:31:54.8035977+07:00" endTime="2025-11-15T01:31:54.8054425+07:00" testType="13cdc9d9-ddb5-4fa4-a97d-d965ccfc6d4b" outcome="Passed" testListId="8c84fa94-04c1-424b-9868-57a2d4851a1d" relativeResultsDirectory="ee3875e2-a645-4170-9fc0-ff6f5afecf0b" />
    <UnitTestResult executionId="2ab6d073-4f61-4e33-8b56-70e57c2fc875" testId="a124fa35-2223-67bb-135e-4ac3af4d908b" testName="MathBridgeSystem.Tests.Services.UnitServiceTests.CreateUnitAsync_ShouldThrowException_WhenUnitNameAlreadyExists" computerName="Precision-7510" duration="00:00:00.0165719" startTime="2025-11-15T01:31:54.8478098+07:00" endTime="2025-11-15T01:31:54.8608066+07:00" testType="13cdc9d9-ddb5-4fa4-a97d-d965ccfc6d4b" outcome="Passed" testListId="8c84fa94-04c1-424b-9868-57a2d4851a1d" relativeResultsDirectory="2ab6d073-4f61-4e33-8b56-70e57c2fc875" />
    <UnitTestResult executionId="92be22c4-15c9-4c0e-9d23-2c52ce9c4100" testId="55e50828-0373-17ab-2ed4-3d4fe9589cbb" testName="MathBridgeSystem.Tests.EdgeCases.ValidationEdgeCasesTests.Name_WithSpecialCharacters_ShouldBeHandled(name: &quot;Test 'single' quote&quot;)" computerName="Precision-7510" duration="00:00:00.0002276" startTime="2025-11-15T01:31:54.7240419+07:00" endTime="2025-11-15T01:31:54.7241998+07:00" testType="13cdc9d9-ddb5-4fa4-a97d-d965ccfc6d4b" outcome="Passed" testListId="8c84fa94-04c1-424b-9868-57a2d4851a1d" relativeResultsDirectory="92be22c4-15c9-4c0e-9d23-2c52ce9c4100" />
    <UnitTestResult executionId="8016a416-c5ce-4c62-b734-de0d2a239b42" testId="7c52a907-4a6f-29ee-6ab7-3a24b117972e" testName="MathBridgeSystem.Tests.Services.SchoolServiceTests.GetSchoolWithChildrenAsync_NotFound_ReturnsNull" computerName="Precision-7510" duration="00:00:00.0015208" startTime="2025-11-15T01:31:54.9209917+07:00" endTime="2025-11-15T01:31:54.9218307+07:00" testType="13cdc9d9-ddb5-4fa4-a97d-d965ccfc6d4b" outcome="Passed" testListId="8c84fa94-04c1-424b-9868-57a2d4851a1d" relativeResultsDirectory="8016a416-c5ce-4c62-b734-de0d2a239b42" />
    <UnitTestResult executionId="069ca37f-052a-4ad2-91f7-54dc53d3df2f" testId="91be05ab-70d3-c3bf-3a7f-9046f73f2e2e" testName="MathBridgeSystem.Tests.Services.StatisticsServiceTests.GetUserRegistrationTrendsAsync_ShouldReturnTrendsInPeriod" computerName="Precision-7510" duration="00:00:00.0244486" startTime="2025-11-15T01:31:54.6534326+07:00" endTime="2025-11-15T01:31:54.6911289+07:00" testType="13cdc9d9-ddb5-4fa4-a97d-d965ccfc6d4b" outcome="Passed" testListId="8c84fa94-04c1-424b-9868-57a2d4851a1d" relativeResultsDirectory="069ca37f-052a-4ad2-91f7-54dc53d3df2f" />
    <UnitTestResult executionId="c3e20bfa-9a2f-4f8d-8374-7184add518a4" testId="5e12739c-6a8c-08ea-4580-48494520730d" testName="MathBridgeSystem.Tests.EdgeCases.ValidationEdgeCasesTests.Gender_ValidValues_ShouldBeRecognized" computerName="Precision-7510" duration="00:00:00.0003006" startTime="2025-11-15T01:31:54.7570329+07:00" endTime="2025-11-15T01:31:54.7571591+07:00" testType="13cdc9d9-ddb5-4fa4-a97d-d965ccfc6d4b" outcome="Passed" testListId="8c84fa94-04c1-424b-9868-57a2d4851a1d" relativeResultsDirectory="c3e20bfa-9a2f-4f8d-8374-7184add518a4" />
    <UnitTestResult executionId="6c1fc3f7-8a71-4eb7-865a-8f61edddf861" testId="b60ccb37-88d2-6989-f388-df580c77e823" testName="MathBridgeSystem.Tests.Controllers.NotificationControllerTests.GetNotifications_CustomPagination_ReturnsNotifications" computerName="Precision-7510" duration="00:00:00.0034255" startTime="2025-11-15T01:31:54.1948095+07:00" endTime="2025-11-15T01:31:54.1964960+07:00" testType="13cdc9d9-ddb5-4fa4-a97d-d965ccfc6d4b" outcome="Passed" testListId="8c84fa94-04c1-424b-9868-57a2d4851a1d" relativeResultsDirectory="6c1fc3f7-8a71-4eb7-865a-8f61edddf861" />
    <UnitTestResult executionId="5bc435c8-0fe8-4e9a-a910-9c8be951ac8c" testId="11ae5c07-0287-a6fd-a5be-cef7b4e22e48" testName="MathBridgeSystem.Tests.Controllers.SessionControllerTests.GetSessionById_ServiceThrowsException_ReturnsBadRequest" computerName="Precision-7510" duration="00:00:00.0113747" startTime="2025-11-15T01:31:54.4155529+07:00" endTime="2025-11-15T01:31:54.4265960+07:00" testType="13cdc9d9-ddb5-4fa4-a97d-d965ccfc6d4b" outcome="Passed" testListId="8c84fa94-04c1-424b-9868-57a2d4851a1d" relativeResultsDirectory="5bc435c8-0fe8-4e9a-a910-9c8be951ac8c" />
    <UnitTestResult executionId="a5a679cf-111b-4dd0-a850-87a76827a4b7" testId="bef690dc-f8ee-f8b6-fbc7-e22196153f57" testName="MathBridgeSystem.Tests.Services.CurriculumServiceTests.GetAllCurriculaAsync_NoCurricula_ReturnsEmptyList" computerName="Precision-7510" duration="00:00:00.0034129" startTime="2025-11-15T01:31:54.7628289+07:00" endTime="2025-11-15T01:31:54.7678224+07:00" testType="13cdc9d9-ddb5-4fa4-a97d-d965ccfc6d4b" outcome="Passed" testListId="8c84fa94-04c1-424b-9868-57a2d4851a1d" relativeResultsDirectory="a5a679cf-111b-4dd0-a850-87a76827a4b7" />
    <UnitTestResult executionId="6f6f3458-bf69-4121-96e8-1b658edfc944" testId="fcf1b256-0d36-9009-bb88-6a70f5c575a1" testName="MathBridgeSystem.Tests.Services.WalletTransactionServiceTests.UpdateTransactionStatusAsync_ShouldUpdateStatus_WhenTransactionExists" computerName="Precision-7510" duration="00:00:00.0066981" startTime="2025-11-15T01:31:54.2913112+07:00" endTime="2025-11-15T01:31:54.2967836+07:00" testType="13cdc9d9-ddb5-4fa4-a97d-d965ccfc6d4b" outcome="Passed" testListId="8c84fa94-04c1-424b-9868-57a2d4851a1d" relativeResultsDirectory="6f6f3458-bf69-4121-96e8-1b658edfc944" />
    <UnitTestResult executionId="009edc3f-b1af-4b7e-b68f-a2222e68b29e" testId="1782c4af-7253-5e50-4004-0243c3361256" testName="MathBridgeSystem.Tests.Controllers.PackageControllerTests.GetActivePackageById_NonExistingPackage_ReturnsNotFound" computerName="Precision-7510" duration="00:00:00.0019694" startTime="2025-11-15T01:31:54.1924541+07:00" endTime="2025-11-15T01:31:54.1926006+07:00" testType="13cdc9d9-ddb5-4fa4-a97d-d965ccfc6d4b" outcome="Passed" testListId="8c84fa94-04c1-424b-9868-57a2d4851a1d" relativeResultsDirectory="009edc3f-b1af-4b7e-b68f-a2222e68b29e" />
    <UnitTestResult executionId="56b4eff9-ebe8-474c-8a48-021b66eee07d" testId="e379385f-f350-bba7-102e-5e8db3d6d098" testName="MathBridgeSystem.Tests.Services.LocationServiceTests.SaveUserAddressAsync_ValidRequest_UpdatesUserAndReturnsSuccess" computerName="Precision-7510" duration="00:00:00.0453785" startTime="2025-11-15T01:31:54.4618079+07:00" endTime="2025-11-15T01:31:54.4967179+07:00" testType="13cdc9d9-ddb5-4fa4-a97d-d965ccfc6d4b" outcome="Passed" testListId="8c84fa94-04c1-424b-9868-57a2d4851a1d" relativeResultsDirectory="56b4eff9-ebe8-474c-8a48-021b66eee07d" />
    <UnitTestResult executionId="be048800-45cb-4c6d-907d-4b7e8a047898" testId="2b304341-0a31-e357-f5d4-fb9739d58875" testName="MathBridgeSystem.Tests.EdgeCases.ValidationEdgeCasesTests.Collection_Null_ShouldBeHandled" computerName="Precision-7510" duration="00:00:00.0001397" startTime="2025-11-15T01:31:54.7673619+07:00" endTime="2025-11-15T01:31:54.7674981+07:00" testType="13cdc9d9-ddb5-4fa4-a97d-d965ccfc6d4b" outcome="Passed" testListId="8c84fa94-04c1-424b-9868-57a2d4851a1d" relativeResultsDirectory="be048800-45cb-4c6d-907d-4b7e8a047898" />
    <UnitTestResult executionId="146c5f24-0b17-4448-ab93-21c812cd7eb5" testId="f64dfbd1-586e-b9cc-f4a7-c8b101ebcdb7" testName="MathBridgeSystem.Tests.Services.CenterServiceTests.UpdateCenterAsync_CenterNotFound_ThrowsException" computerName="Precision-7510" duration="00:00:00.0031798" startTime="2025-11-15T01:31:55.1896093+07:00" endTime="2025-11-15T01:31:55.1927125+07:00" testType="13cdc9d9-ddb5-4fa4-a97d-d965ccfc6d4b" outcome="Passed" testListId="8c84fa94-04c1-424b-9868-57a2d4851a1d" relativeResultsDirectory="146c5f24-0b17-4448-ab93-21c812cd7eb5" />
    <UnitTestResult executionId="8d035f52-9aa6-4598-b220-8fa97a97affd" testId="f5acc780-ce2b-f79f-6c4b-6e5173d3ac2a" testName="MathBridgeSystem.Tests.Controllers.ParentChildrenControllerTests.GetMyChildren_ValidUser_ReturnsOkWithChildren" computerName="Precision-7510" duration="00:00:00.0467339" startTime="2025-11-15T01:31:54.1583076+07:00" endTime="2025-11-15T01:31:54.1767241+07:00" testType="13cdc9d9-ddb5-4fa4-a97d-d965ccfc6d4b" outcome="Passed" testListId="8c84fa94-04c1-424b-9868-57a2d4851a1d" relativeResultsDirectory="8d035f52-9aa6-4598-b220-8fa97a97affd" />
    <UnitTestResult executionId="3b6b57ef-65db-4f1d-b2ac-5e20f4391a6f" testId="40b29558-1c17-5119-709a-6223b2373c6e" testName="MathBridgeSystem.Tests.Services.UnitServiceTests.Constructor_ShouldThrowArgumentNullException_WhenUnitRepositoryIsNull" computerName="Precision-7510" duration="00:00:00.0022497" startTime="2025-11-15T01:31:54.9158650+07:00" endTime="2025-11-15T01:31:54.9166082+07:00" testType="13cdc9d9-ddb5-4fa4-a97d-d965ccfc6d4b" outcome="Passed" testListId="8c84fa94-04c1-424b-9868-57a2d4851a1d" relativeResultsDirectory="3b6b57ef-65db-4f1d-b2ac-5e20f4391a6f" />
    <UnitTestResult executionId="2dc3e864-c13e-480d-98a9-c525ced2f9f9" testId="97051fcf-889b-55c5-b44b-98498a0c7c00" testName="MathBridgeSystem.Tests.Services.SessionServiceTests.GetSessionForTutorCheckAsync_ValidTutor_ReturnsPartialDto" computerName="Precision-7510" duration="00:00:00.0096042" startTime="2025-11-15T01:31:54.6959942+07:00" endTime="2025-11-15T01:31:54.6989110+07:00" testType="13cdc9d9-ddb5-4fa4-a97d-d965ccfc6d4b" outcome="Passed" testListId="8c84fa94-04c1-424b-9868-57a2d4851a1d" relativeResultsDirectory="2dc3e864-c13e-480d-98a9-c525ced2f9f9" />
    <UnitTestResult executionId="222bfcfc-9b75-4fb6-bd24-feecbc082748" testId="ccc440f1-f96a-55c4-3723-f0554291d005" testName="MathBridgeSystem.Tests.Services.AuthServiceTests.ChangePasswordAsync_InvalidCurrentPassword_ThrowsException" computerName="Precision-7510" duration="00:00:00.3503719" startTime="2025-11-15T01:31:56.9999434+07:00" endTime="2025-11-15T01:31:57.3502873+07:00" testType="13cdc9d9-ddb5-4fa4-a97d-d965ccfc6d4b" outcome="Passed" testListId="8c84fa94-04c1-424b-9868-57a2d4851a1d" relativeResultsDirectory="222bfcfc-9b75-4fb6-bd24-feecbc082748" />
    <UnitTestResult executionId="46109950-d936-4373-a72e-7fe82075a023" testId="ee9eb499-9b24-e80e-eaf7-2c788d723d9e" testName="MathBridgeSystem.Tests.Services.CenterServiceTests.GetCentersCountByCriteriaAsync_ReturnsCount" computerName="Precision-7510" duration="00:00:00.0087045" startTime="2025-11-15T01:31:55.1238156+07:00" endTime="2025-11-15T01:31:55.1322930+07:00" testType="13cdc9d9-ddb5-4fa4-a97d-d965ccfc6d4b" outcome="Passed" testListId="8c84fa94-04c1-424b-9868-57a2d4851a1d" relativeResultsDirectory="46109950-d936-4373-a72e-7fe82075a023" />
    <UnitTestResult executionId="424833a3-47ee-4752-8da3-8f000965de85" testId="3acdc702-6476-69c7-e6d1-668eaa7847a4" testName="MathBridgeSystem.Tests.EdgeCases.ValidationEdgeCasesTests.PageSize_VariousSizes_ShouldBeHandled(pageSize: 10)" computerName="Precision-7510" duration="00:00:00.0000090" startTime="2025-11-15T01:31:54.7185018+07:00" endTime="2025-11-15T01:31:54.7186696+07:00" testType="13cdc9d9-ddb5-4fa4-a97d-d965ccfc6d4b" outcome="Passed" testListId="8c84fa94-04c1-424b-9868-57a2d4851a1d" relativeResultsDirectory="424833a3-47ee-4752-8da3-8f000965de85" />
    <UnitTestResult executionId="f093a2cf-365a-4984-a3f3-79eb2e80a12b" testId="9327f440-5c5d-470b-2cbd-d4d756aa4aaa" testName="MathBridgeSystem.Tests.Controllers.SessionControllerTests.GetSessionsByChildId_ReturnsSessions" computerName="Precision-7510" duration="00:00:00.0076012" startTime="2025-11-15T01:31:54.4392311+07:00" endTime="2025-11-15T01:31:54.4465158+07:00" testType="13cdc9d9-ddb5-4fa4-a97d-d965ccfc6d4b" outcome="Passed" testListId="8c84fa94-04c1-424b-9868-57a2d4851a1d" relativeResultsDirectory="f093a2cf-365a-4984-a3f3-79eb2e80a12b" />
    <UnitTestResult executionId="6a34b0d9-f0bc-42a9-9ae0-756c36e6f695" testId="26e0eb27-e65b-545e-6f7f-fecd145ac1d2" testName="MathBridgeSystem.Tests.Services.UnitServiceTests.CreateUnitAsync_ShouldCreateUnit_WhenValid" computerName="Precision-7510" duration="00:00:00.0308679" startTime="2025-11-15T01:31:54.8754483+07:00" endTime="2025-11-15T01:31:54.9061832+07:00" testType="13cdc9d9-ddb5-4fa4-a97d-d965ccfc6d4b" outcome="Passed" testListId="8c84fa94-04c1-424b-9868-57a2d4851a1d" relativeResultsDirectory="6a34b0d9-f0bc-42a9-9ae0-756c36e6f695" />
    <UnitTestResult executionId="734ad442-1f5e-46c2-82d1-f3671681d53e" testId="b32b6183-9e9e-14da-fe9a-831d5621d2bf" testName="MathBridgeSystem.Tests.Services.ChildServiceTests.GetChildContractsAsync_ReturnsList" computerName="Precision-7510" duration="00:00:00.0029113" startTime="2025-11-15T01:31:55.0426360+07:00" endTime="2025-11-15T01:31:55.0459242+07:00" testType="13cdc9d9-ddb5-4fa4-a97d-d965ccfc6d4b" outcome="Passed" testListId="8c84fa94-04c1-424b-9868-57a2d4851a1d" relativeResultsDirectory="734ad442-1f5e-46c2-82d1-f3671681d53e" />
    <UnitTestResult executionId="7cc7593b-10fe-4079-924f-12d4ec228112" testId="bb198da1-eb0e-3219-8524-51beecb28cdd" testName="MathBridgeSystem.Tests.Services.SessionServiceTests.GetSessionByBookingIdAsync_AsParentNotOwner_ReturnsNull" computerName="Precision-7510" duration="00:00:00.0020328" startTime="2025-11-15T01:31:54.7703753+07:00" endTime="2025-11-15T01:31:54.7705119+07:00" testType="13cdc9d9-ddb5-4fa4-a97d-d965ccfc6d4b" outcome="Passed" testListId="8c84fa94-04c1-424b-9868-57a2d4851a1d" relativeResultsDirectory="7cc7593b-10fe-4079-924f-12d4ec228112" />
    <UnitTestResult executionId="f137e43a-84a6-43f8-8562-0e77e79da7bc" testId="dff3de47-c830-76c4-d6de-873183602cc2" testName="MathBridgeSystem.Tests.Services.SchoolServiceTests.GetSchoolByIdAsync_Found_ReturnsDto" computerName="Precision-7510" duration="00:00:00.0064764" startTime="2025-11-15T01:31:54.8743888+07:00" endTime="2025-11-15T01:31:54.8779774+07:00" testType="13cdc9d9-ddb5-4fa4-a97d-d965ccfc6d4b" outcome="Passed" testListId="8c84fa94-04c1-424b-9868-57a2d4851a1d" relativeResultsDirectory="f137e43a-84a6-43f8-8562-0e77e79da7bc" />
    <UnitTestResult executionId="b8a615be-9ec5-4e10-80c1-ba22d0f34e1c" testId="65b3a98a-2ae1-c7de-74cf-2ee2670b86bc" testName="MathBridgeSystem.Tests.Services.RescheduleServiceTests.CreateRequestAsync_ValidRequest_CreatesRequest" computerName="Precision-7510" duration="00:00:00.0153276" startTime="2025-11-15T01:31:54.2658748+07:00" endTime="2025-11-15T01:31:54.2826315+07:00" testType="13cdc9d9-ddb5-4fa4-a97d-d965ccfc6d4b" outcome="Passed" testListId="8c84fa94-04c1-424b-9868-57a2d4851a1d" relativeResultsDirectory="b8a615be-9ec5-4e10-80c1-ba22d0f34e1c" />
    <UnitTestResult executionId="95ff5d38-bf33-4943-aac5-a78fb007b63f" testId="0dbbdd16-5eac-1b70-7073-814336b757b0" testName="MathBridgeSystem.Tests.Services.ContractServiceTests.GetContractsByParentAsync_OnlineContract_MapsDtoCorrectly" computerName="Precision-7510" duration="00:00:00.0228466" startTime="2025-11-15T01:31:54.6469587+07:00" endTime="2025-11-15T01:31:54.6706951+07:00" testType="13cdc9d9-ddb5-4fa4-a97d-d965ccfc6d4b" outcome="Passed" testListId="8c84fa94-04c1-424b-9868-57a2d4851a1d" relativeResultsDirectory="95ff5d38-bf33-4943-aac5-a78fb007b63f" />
    <UnitTestResult executionId="bd1655c3-c00c-4714-b9da-7c329c481f79" testId="d8990e2e-baa1-4c44-54d8-30c76c6b43b3" testName="MathBridgeSystem.Tests.Services.ChildServiceTests.RestoreChildAsync_DeletedChild_SetsActiveStatus" computerName="Precision-7510" duration="00:00:00.0029579" startTime="2025-11-15T01:31:55.0839161+07:00" endTime="2025-11-15T01:31:55.0853638+07:00" testType="13cdc9d9-ddb5-4fa4-a97d-d965ccfc6d4b" outcome="Passed" testListId="8c84fa94-04c1-424b-9868-57a2d4851a1d" relativeResultsDirectory="bd1655c3-c00c-4714-b9da-7c329c481f79" />
    <UnitTestResult executionId="d92fc152-7cb4-4405-9d40-0702b93a5cf2" testId="b42a504c-2a3a-4ec2-eddb-93ee1ba4cb73" testName="MathBridgeSystem.Tests.Services.TutorVerificationServiceTests.RestoreVerificationAsync_Valid_CallsRepository" computerName="Precision-7510" duration="00:00:00.0071352" startTime="2025-11-15T01:31:54.5135208+07:00" endTime="2025-11-15T01:31:54.5201305+07:00" testType="13cdc9d9-ddb5-4fa4-a97d-d965ccfc6d4b" outcome="Passed" testListId="8c84fa94-04c1-424b-9868-57a2d4851a1d" relativeResultsDirectory="d92fc152-7cb4-4405-9d40-0702b93a5cf2" />
    <UnitTestResult executionId="c21cfeda-4a03-4663-bddc-cda76ec7d328" testId="da717a61-d86e-2939-75f4-9431233f708d" testName="MathBridgeSystem.Tests.Services.ContractServiceTests.UpdateContractStatusAsync_ToActive_MissingParent_ThrowsInvalidOperationException" computerName="Precision-7510" duration="00:00:00.0088930" startTime="2025-11-15T01:31:54.7146421+07:00" endTime="2025-11-15T01:31:54.7210536+07:00" testType="13cdc9d9-ddb5-4fa4-a97d-d965ccfc6d4b" outcome="Passed" testListId="8c84fa94-04c1-424b-9868-57a2d4851a1d" relativeResultsDirectory="c21cfeda-4a03-4663-bddc-cda76ec7d328" />
    <UnitTestResult executionId="e0ed0088-b6a2-4de7-a2ba-ec2771a77609" testId="32d4491c-5b96-777d-6163-735759244c08" testName="MathBridgeSystem.Tests.Services.SePayServiceTests.ProcessWebhookAsync_TransactionNotFound_ReturnsFailure" computerName="Precision-7510" duration="00:00:00.0222868" startTime="2025-11-15T01:31:54.3760205+07:00" endTime="2025-11-15T01:31:54.3976199+07:00" testType="13cdc9d9-ddb5-4fa4-a97d-d965ccfc6d4b" outcome="Passed" testListId="8c84fa94-04c1-424b-9868-57a2d4851a1d" relativeResultsDirectory="e0ed0088-b6a2-4de7-a2ba-ec2771a77609" />
    <UnitTestResult executionId="57421802-b5c0-4f74-9824-62605969f000" testId="593e99fa-50bf-7266-f2d3-dcd6f16114e9" testName="MathBridgeSystem.Tests.Services.CurriculumServiceTests.CreateCurriculumAsync_ValidRequest_ReturnsCurriculumId" computerName="Precision-7510" duration="00:00:00.0156812" startTime="2025-11-15T01:31:54.7284147+07:00" endTime="2025-11-15T01:31:54.7460465+07:00" testType="13cdc9d9-ddb5-4fa4-a97d-d965ccfc6d4b" outcome="Passed" testListId="8c84fa94-04c1-424b-9868-57a2d4851a1d" relativeResultsDirectory="57421802-b5c0-4f74-9824-62605969f000" />
    <UnitTestResult executionId="4035a6cf-1c01-4b4b-b7f2-5266f86406bd" testId="c7b6e302-6438-b74d-89ef-df6c7e8277ab" testName="MathBridgeSystem.Tests.Services.AuthServiceTests.RegisterAsync_ExistingEmail_ThrowsException" computerName="Precision-7510" duration="00:00:00.0018239" startTime="2025-11-15T01:31:56.5951812+07:00" endTime="2025-11-15T01:31:56.5967292+07:00" testType="13cdc9d9-ddb5-4fa4-a97d-d965ccfc6d4b" outcome="Passed" testListId="8c84fa94-04c1-424b-9868-57a2d4851a1d" relativeResultsDirectory="4035a6cf-1c01-4b4b-b7f2-5266f86406bd" />
    <UnitTestResult executionId="1115f7bd-8df5-478a-9f69-c01523138703" testId="fd7af487-6cb4-efb0-9bfb-937e4ff0af63" testName="MathBridgeSystem.Tests.Controllers.UsersControllerTests.GetWallet_ValidRequest_ReturnsOkWithWalletData" computerName="Precision-7510" duration="00:00:00.0105994" startTime="2025-11-15T01:31:54.8696973+07:00" endTime="2025-11-15T01:31:54.8802467+07:00" testType="13cdc9d9-ddb5-4fa4-a97d-d965ccfc6d4b" outcome="Passed" testListId="8c84fa94-04c1-424b-9868-57a2d4851a1d" relativeResultsDirectory="1115f7bd-8df5-478a-9f69-c01523138703" />
    <UnitTestResult executionId="4a271087-4e96-46fb-9c2c-8b1ad2e4fa3d" testId="ece093a4-c9cc-c07b-7543-258e63c7c42d" testName="MathBridgeSystem.Tests.Services.GoogleAuthServiceTests.ValidateGoogleTokenAsync_InvalidTokenVariants_ThrowsException(token: &quot; &quot;)" computerName="Precision-7510" duration="00:00:00.0008802" startTime="2025-11-15T01:31:54.4063610+07:00" endTime="2025-11-15T01:31:54.4085236+07:00" testType="13cdc9d9-ddb5-4fa4-a97d-d965ccfc6d4b" outcome="Passed" testListId="8c84fa94-04c1-424b-9868-57a2d4851a1d" relativeResultsDirectory="4a271087-4e96-46fb-9c2c-8b1ad2e4fa3d" />
    <UnitTestResult executionId="9f54e13f-8047-48fb-a5f4-869358dbc6db" testId="44a65d9d-7f39-ef34-9241-26f22cfab9d8" testName="MathBridgeSystem.Tests.Controllers.AdminControllerTests.UpdateUserStatus_ServiceThrowsException_ReturnsInternalServerError" computerName="Precision-7510" duration="00:00:00.0192034" startTime="2025-11-15T01:31:54.6928565+07:00" endTime="2025-11-15T01:31:54.7206361+07:00" testType="13cdc9d9-ddb5-4fa4-a97d-d965ccfc6d4b" outcome="Passed" testListId="8c84fa94-04c1-424b-9868-57a2d4851a1d" relativeResultsDirectory="9f54e13f-8047-48fb-a5f4-869358dbc6db" />
    <UnitTestResult executionId="7fb7c6f3-51c7-40f4-ae68-f223b2e13c2b" testId="2fe08b50-b699-e2de-9e05-031f72c828d5" testName="MathBridgeSystem.Tests.Services.TutorVerificationServiceTests.UpdateVerificationAsync_EmptyId_ThrowsArgumentException" computerName="Precision-7510" duration="00:00:00.0020289" startTime="2025-11-15T01:31:54.5725838+07:00" endTime="2025-11-15T01:31:54.5746956+07:00" testType="13cdc9d9-ddb5-4fa4-a97d-d965ccfc6d4b" outcome="Passed" testListId="8c84fa94-04c1-424b-9868-57a2d4851a1d" relativeResultsDirectory="7fb7c6f3-51c7-40f4-ae68-f223b2e13c2b" />
    <UnitTestResult executionId="6e7ecff5-06f5-4d6d-8455-2facde8f432f" testId="dd23b9f7-1f6c-a724-3f5a-5b8e2c9571ab" testName="MathBridgeSystem.Tests.EdgeCases.ValidationEdgeCasesTests.Email_WithWhitespace_ShouldBeTrimmed(email: &quot;  test@example.com  &quot;)" computerName="Precision-7510" duration="00:00:00.0000143" startTime="2025-11-15T01:31:54.7522592+07:00" endTime="2025-11-15T01:31:54.7524703+07:00" testType="13cdc9d9-ddb5-4fa4-a97d-d965ccfc6d4b" outcome="Passed" testListId="8c84fa94-04c1-424b-9868-57a2d4851a1d" relativeResultsDirectory="6e7ecff5-06f5-4d6d-8455-2facde8f432f" />
    <UnitTestResult executionId="6883003f-4c94-4ab7-8a73-084136338c1f" testId="228e4c0c-5dbb-bac2-d6a3-31d33556b83f" testName="MathBridgeSystem.Tests.Controllers.ParentChildrenControllerTests.GetChildren_ValidParentId_ReturnsOkWithChildren" computerName="Precision-7510" duration="00:00:00.0034480" startTime="2025-11-15T01:31:54.1785381+07:00" endTime="2025-11-15T01:31:54.1805079+07:00" testType="13cdc9d9-ddb5-4fa4-a97d-d965ccfc6d4b" outcome="Passed" testListId="8c84fa94-04c1-424b-9868-57a2d4851a1d" relativeResultsDirectory="6883003f-4c94-4ab7-8a73-084136338c1f" />
    <UnitTestResult executionId="7795e668-0070-46c6-a8af-19ac095886e6" testId="6d26cb01-efbf-edb2-7ddc-88f7d564a0ca" testName="MathBridgeSystem.Tests.Controllers.ParentChildrenControllerTests.GetChildren_EmptyList_ReturnsOkWithEmptyList" computerName="Precision-7510" duration="00:00:00.1300560" startTime="2025-11-15T01:31:53.9201908+07:00" endTime="2025-11-15T01:31:54.0659090+07:00" testType="13cdc9d9-ddb5-4fa4-a97d-d965ccfc6d4b" outcome="Passed" testListId="8c84fa94-04c1-424b-9868-57a2d4851a1d" relativeResultsDirectory="7795e668-0070-46c6-a8af-19ac095886e6" />
    <UnitTestResult executionId="f218cf47-e3f9-4f1c-ad21-89cccb12c805" testId="14291328-b85e-b5bf-2e6a-b370bca61c15" testName="MathBridgeSystem.Tests.Services.FinalFeedbackServiceTests.GetByContractIdAsync_ShouldReturnContractFeedbacks" computerName="Precision-7510" duration="00:00:00.0226651" startTime="2025-11-15T01:31:54.7478598+07:00" endTime="2025-11-15T01:31:54.7695517+07:00" testType="13cdc9d9-ddb5-4fa4-a97d-d965ccfc6d4b" outcome="Passed" testListId="8c84fa94-04c1-424b-9868-57a2d4851a1d" relativeResultsDirectory="f218cf47-e3f9-4f1c-ad21-89cccb12c805" />
    <UnitTestResult executionId="e2f7a1c3-6da9-4283-a0b8-96e2eba164b5" testId="08f31ee9-b3db-8e73-1b1c-4ab467bf2c68" testName="MathBridgeSystem.Tests.Services.ContractServiceTests.CreateContractAsync_NoTutor_CreatesContractWithoutSessions" computerName="Precision-7510" duration="00:00:00.0062120" startTime="2025-11-15T01:31:54.8356839+07:00" endTime="2025-11-15T01:31:54.8402443+07:00" testType="13cdc9d9-ddb5-4fa4-a97d-d965ccfc6d4b" outcome="Passed" testListId="8c84fa94-04c1-424b-9868-57a2d4851a1d" relativeResultsDirectory="e2f7a1c3-6da9-4283-a0b8-96e2eba164b5" />
    <UnitTestResult executionId="2542943c-d1f7-49c3-9f64-a8dd5f210759" testId="620a061c-4c6c-0261-f078-d8d3035732bb" testName="MathBridgeSystem.Tests.Services.ContractServiceTests.AssignTutorsAsync_MissingMainTutorId_ThrowsArgumentException" computerName="Precision-7510" duration="00:00:00.0054111" startTime="2025-11-15T01:31:54.7437185+07:00" endTime="2025-11-15T01:31:54.7469917+07:00" testType="13cdc9d9-ddb5-4fa4-a97d-d965ccfc6d4b" outcome="Passed" testListId="8c84fa94-04c1-424b-9868-57a2d4851a1d" relativeResultsDirectory="2542943c-d1f7-49c3-9f64-a8dd5f210759" />
    <UnitTestResult executionId="94f5817e-9ba0-489e-aa9f-e0b6d0407e95" testId="1583db45-8fa0-2f96-2af0-987d3df5c062" testName="MathBridgeSystem.Tests.Services.CurriculumServiceTests.GetCurriculumByIdAsync_NotFound_ReturnsNull" computerName="Precision-7510" duration="00:00:00.0014108" startTime="2025-11-15T01:31:54.8347954+07:00" endTime="2025-11-15T01:31:54.8349308+07:00" testType="13cdc9d9-ddb5-4fa4-a97d-d965ccfc6d4b" outcome="Passed" testListId="8c84fa94-04c1-424b-9868-57a2d4851a1d" relativeResultsDirectory="94f5817e-9ba0-489e-aa9f-e0b6d0407e95" />
    <UnitTestResult executionId="3cdaa5e7-0484-4946-b440-b4d724457829" testId="2a70835e-5b8e-db08-20a6-aa781dbc57e5" testName="MathBridgeSystem.Tests.Services.AuthServiceTests.RegisterAsync_ParentRoleNotFound_ThrowsException" computerName="Precision-7510" duration="00:00:00.0021633" startTime="2025-11-15T01:31:56.9824793+07:00" endTime="2025-11-15T01:31:56.9844702+07:00" testType="13cdc9d9-ddb5-4fa4-a97d-d965ccfc6d4b" outcome="Passed" testListId="8c84fa94-04c1-424b-9868-57a2d4851a1d" relativeResultsDirectory="3cdaa5e7-0484-4946-b440-b4d724457829" />
    <UnitTestResult executionId="e5a6e64f-04a9-4446-9f4c-980153be25f4" testId="0cb57188-a51e-540e-bf6f-f86ff17a7ff4" testName="MathBridgeSystem.Tests.Controllers.StatisticsControllerTests.GetUserStatistics_ServiceThrowsException_ReturnsInternalServerError" computerName="Precision-7510" duration="00:00:00.0024956" startTime="2025-11-15T01:31:54.9766550+07:00" endTime="2025-11-15T01:31:54.9807684+07:00" testType="13cdc9d9-ddb5-4fa4-a97d-d965ccfc6d4b" outcome="Passed" testListId="8c84fa94-04c1-424b-9868-57a2d4851a1d" relativeResultsDirectory="e5a6e64f-04a9-4446-9f4c-980153be25f4" />
    <UnitTestResult executionId="d75e373e-fd52-49f2-b2ff-eb20cff21fcc" testId="6727983f-160d-c4dc-73dd-54824b023676" testName="MathBridgeSystem.Tests.Services.AuthServiceTests.RegisterAsync_EmailServiceFails_ThrowsException" computerName="Precision-7510" duration="00:00:00.1827405" startTime="2025-11-15T01:31:56.4122988+07:00" endTime="2025-11-15T01:31:56.5948264+07:00" testType="13cdc9d9-ddb5-4fa4-a97d-d965ccfc6d4b" outcome="Passed" testListId="8c84fa94-04c1-424b-9868-57a2d4851a1d" relativeResultsDirectory="d75e373e-fd52-49f2-b2ff-eb20cff21fcc" />
    <UnitTestResult executionId="be397ea7-fc8d-4415-9f96-8afe444d3dac" testId="4e94bfa5-7598-ee2a-54eb-1ad79c6f7121" testName="MathBridgeSystem.Tests.Services.PackageServiceTests.UpdatePackageAsync_CurriculumNotFound_ThrowsKeyNotFoundException" computerName="Precision-7510" duration="00:00:00.0117403" startTime="2025-11-15T01:31:55.0044086+07:00" endTime="2025-11-15T01:31:55.0170097+07:00" testType="13cdc9d9-ddb5-4fa4-a97d-d965ccfc6d4b" outcome="Passed" testListId="8c84fa94-04c1-424b-9868-57a2d4851a1d" relativeResultsDirectory="be397ea7-fc8d-4415-9f96-8afe444d3dac" />
    <UnitTestResult executionId="f73beab1-405c-4aba-933b-a5f3b0a75f5c" testId="95b7e198-7896-ff69-8592-6d454f623762" testName="MathBridgeSystem.Tests.Services.VideoConferenceServiceTests.CreateVideoConferenceAsync_MeetingAlreadyExists_ReturnsExistingSession" computerName="Precision-7510" duration="00:00:00.0438617" startTime="2025-11-15T01:31:54.6008939+07:00" endTime="2025-11-15T01:31:54.6421014+07:00" testType="13cdc9d9-ddb5-4fa4-a97d-d965ccfc6d4b" outcome="Passed" testListId="8c84fa94-04c1-424b-9868-57a2d4851a1d" relativeResultsDirectory="f73beab1-405c-4aba-933b-a5f3b0a75f5c" />
    <UnitTestResult executionId="440c867a-2664-4228-93f3-108143fdc338" testId="4b356775-d617-eb4b-da07-fc92a16d3ece" testName="MathBridgeSystem.Tests.Services.TutorVerificationServiceTests.PermanentlyDeleteVerificationAsync_NotFound_ThrowsKeyNotFoundException" computerName="Precision-7510" duration="00:00:00.0123376" startTime="2025-11-15T01:31:54.4792011+07:00" endTime="2025-11-15T01:31:54.4910371+07:00" testType="13cdc9d9-ddb5-4fa4-a97d-d965ccfc6d4b" outcome="Passed" testListId="8c84fa94-04c1-424b-9868-57a2d4851a1d" relativeResultsDirectory="440c867a-2664-4228-93f3-108143fdc338" />
    <UnitTestResult executionId="03b2392a-bd39-4f96-8bac-0d218ca60bda" testId="8003e00d-7d06-1144-b58b-242ad8b17a84" testName="MathBridgeSystem.Tests.Services.CurriculumServiceTests.ActivateCurriculumAsync_AlreadyActive_DoesNotCallUpdate" computerName="Precision-7510" duration="00:00:00.0080831" startTime="2025-11-15T01:31:54.6503296+07:00" endTime="2025-11-15T01:31:54.6581640+07:00" testType="13cdc9d9-ddb5-4fa4-a97d-d965ccfc6d4b" outcome="Passed" testListId="8c84fa94-04c1-424b-9868-57a2d4851a1d" relativeResultsDirectory="03b2392a-bd39-4f96-8bac-0d218ca60bda" />
    <UnitTestResult executionId="6051e73d-43a9-4d4b-9129-915372572456" testId="e1066eba-5755-2c51-5859-9118ffe4c772" testName="MathBridgeSystem.Tests.Services.TutorVerificationServiceTests.RejectVerificationAsync_Valid_UpdatesStatusToRejected" computerName="Precision-7510" duration="00:00:00.0085272" startTime="2025-11-15T01:31:54.6417474+07:00" endTime="2025-11-15T01:31:54.6506638+07:00" testType="13cdc9d9-ddb5-4fa4-a97d-d965ccfc6d4b" outcome="Passed" testListId="8c84fa94-04c1-424b-9868-57a2d4851a1d" relativeResultsDirectory="6051e73d-43a9-4d4b-9129-915372572456" />
    <UnitTestResult executionId="9dc584f1-7095-4b9f-80fb-035e4b9e2d46" testId="23103ec3-06b9-476f-d1f4-cb1cbabc5afd" testName="MathBridgeSystem.Tests.Services.ContractServiceTests.GetContractsByParentPhoneAsync_NullOrEmptyPhone_ThrowsArgumentException" computerName="Precision-7510" duration="00:00:00.0130573" startTime="2025-11-15T01:31:54.8854993+07:00" endTime="2025-11-15T01:31:54.8978166+07:00" testType="13cdc9d9-ddb5-4fa4-a97d-d965ccfc6d4b" outcome="Passed" testListId="8c84fa94-04c1-424b-9868-57a2d4851a1d" relativeResultsDirectory="9dc584f1-7095-4b9f-80fb-035e4b9e2d46" />
    <UnitTestResult executionId="660f6938-23b0-437a-96a7-44bb2114bffd" testId="f0924bbd-2ab9-ad76-1d9f-46034f7618f4" testName="MathBridgeSystem.Tests.Services.CenterServiceTests.SearchCentersAsync_WithFilters_ReturnsFilteredList" computerName="Precision-7510" duration="00:00:00.0046790" startTime="2025-11-15T01:31:55.1929335+07:00" endTime="2025-11-15T01:31:55.1975542+07:00" testType="13cdc9d9-ddb5-4fa4-a97d-d965ccfc6d4b" outcome="Passed" testListId="8c84fa94-04c1-424b-9868-57a2d4851a1d" relativeResultsDirectory="660f6938-23b0-437a-96a7-44bb2114bffd" />
    <UnitTestResult executionId="bea10361-4dd7-443e-a5b3-a769dc2ff271" testId="0d4b2c16-c5f5-5545-57d1-a455685f9773" testName="MathBridgeSystem.Tests.EdgeCases.ValidationEdgeCasesTests.Input_SQLInjectionAttempts_ShouldBeDetectable(input: &quot;'; DROP TABLE users--&quot;)" computerName="Precision-7510" duration="00:00:00.0008625" startTime="2025-11-15T01:31:54.6909139+07:00" endTime="2025-11-15T01:31:54.6922954+07:00" testType="13cdc9d9-ddb5-4fa4-a97d-d965ccfc6d4b" outcome="Passed" testListId="8c84fa94-04c1-424b-9868-57a2d4851a1d" relativeResultsDirectory="bea10361-4dd7-443e-a5b3-a769dc2ff271" />
    <UnitTestResult executionId="81ee077f-70f3-4e0c-8567-95398d693619" testId="15fcc622-7134-ca39-a8d3-60674d6b51d7" testName="MathBridgeSystem.Tests.Controllers.PackageControllerTests.GetActivePackageById_ExistingActivePackage_ReturnsOkWithPackage" computerName="Precision-7510" duration="00:00:00.0055670" startTime="2025-11-15T01:31:54.1904293+07:00" endTime="2025-11-15T01:31:54.1910784+07:00" testType="13cdc9d9-ddb5-4fa4-a97d-d965ccfc6d4b" outcome="Passed" testListId="8c84fa94-04c1-424b-9868-57a2d4851a1d" relativeResultsDirectory="81ee077f-70f3-4e0c-8567-95398d693619" />
    <UnitTestResult executionId="46f1e26a-dfbd-47ba-91cb-203c691ffe26" testId="20e9d637-0404-f5af-ce5d-6c8430d41a7f" testName="MathBridgeSystem.Tests.Services.SessionReminderServiceTests.CheckAndSendRemindersAsync_NoSessionsFound_DoesNotCreateNotifications" computerName="Precision-7510" duration="00:00:00.0107440" startTime="2025-11-15T01:31:54.9984133+07:00" endTime="2025-11-15T01:31:55.0101584+07:00" testType="13cdc9d9-ddb5-4fa4-a97d-d965ccfc6d4b" outcome="Passed" testListId="8c84fa94-04c1-424b-9868-57a2d4851a1d" relativeResultsDirectory="46f1e26a-dfbd-47ba-91cb-203c691ffe26" />
    <UnitTestResult executionId="6b861986-6e68-4957-a233-507e1f5a2d28" testId="1d624042-9b58-e997-490d-69f78614d60c" testName="MathBridgeSystem.Tests.Services.ChildServiceTests.UpdateChildAsync_InvalidGrade_ThrowsException" computerName="Precision-7510" duration="00:00:00.0031566" startTime="2025-11-15T01:31:55.0857191+07:00" endTime="2025-11-15T01:31:55.0885988+07:00" testType="13cdc9d9-ddb5-4fa4-a97d-d965ccfc6d4b" outcome="Passed" testListId="8c84fa94-04c1-424b-9868-57a2d4851a1d" relativeResultsDirectory="6b861986-6e68-4957-a233-507e1f5a2d28" />
    <UnitTestResult executionId="68b042fd-933c-485e-a2cd-d7dfc46bd768" testId="f422420d-8c96-4d16-17f0-4ec928d0eac6" testName="MathBridgeSystem.Tests.Services.UserServiceTests.AdminCreateUserAsync_EmailExists_ThrowsException" computerName="Precision-7510" duration="00:00:00.0217705" startTime="2025-11-15T01:31:54.8439056+07:00" endTime="2025-11-15T01:31:54.8589770+07:00" testType="13cdc9d9-ddb5-4fa4-a97d-d965ccfc6d4b" outcome="Passed" testListId="8c84fa94-04c1-424b-9868-57a2d4851a1d" relativeResultsDirectory="68b042fd-933c-485e-a2cd-d7dfc46bd768" />
    <UnitTestResult executionId="815cdacc-aac3-4720-a0bd-ad7fe2f2dc85" testId="7d1ebe53-67c4-5bb8-6c76-66d309881774" testName="MathBridgeSystem.Tests.Services.TutorVerificationServiceTests.ApproveVerificationAsync_NotFound_ThrowsKeyNotFoundException" computerName="Precision-7510" duration="00:00:00.0055947" startTime="2025-11-15T01:31:54.6510138+07:00" endTime="2025-11-15T01:31:54.6558103+07:00" testType="13cdc9d9-ddb5-4fa4-a97d-d965ccfc6d4b" outcome="Passed" testListId="8c84fa94-04c1-424b-9868-57a2d4851a1d" relativeResultsDirectory="815cdacc-aac3-4720-a0bd-ad7fe2f2dc85" />
    <UnitTestResult executionId="8b552bad-0a6e-4dce-a00b-f8e69f48e086" testId="8237c2be-f20a-da9d-a45f-4ddbd7efb4fe" testName="MathBridgeSystem.Tests.Services.EmailServiceTests.Constructor_MissingFromEmail_ThrowsArgumentNullException" computerName="Precision-7510" duration="00:00:00.0311088" startTime="2025-11-15T01:31:54.2304871+07:00" endTime="2025-11-15T01:31:54.2630872+07:00" testType="13cdc9d9-ddb5-4fa4-a97d-d965ccfc6d4b" outcome="Passed" testListId="8c84fa94-04c1-424b-9868-57a2d4851a1d" relativeResultsDirectory="8b552bad-0a6e-4dce-a00b-f8e69f48e086" />
    <UnitTestResult executionId="abe94965-e1c5-4cba-af8c-5a3c2d6cc86e" testId="96261c79-c049-baf4-dfff-7efd7fa88614" testName="MathBridgeSystem.Tests.Services.ChildServiceTests.UpdateChildAsync_ValidRequest_UpdatesChild" computerName="Precision-7510" duration="00:00:00.0043996" startTime="2025-11-15T01:31:55.1193021+07:00" endTime="2025-11-15T01:31:55.1239255+07:00" testType="13cdc9d9-ddb5-4fa4-a97d-d965ccfc6d4b" outcome="Passed" testListId="8c84fa94-04c1-424b-9868-57a2d4851a1d" relativeResultsDirectory="abe94965-e1c5-4cba-af8c-5a3c2d6cc86e" />
    <UnitTestResult executionId="7b618082-2a1f-4e26-9b55-928e03ba1fbd" testId="015e10d1-52a3-d720-3907-931f8eb51e41" testName="MathBridgeSystem.Tests.Services.SePayServiceTests.ExtractOrderReference_VariousContent_ReturnsCorrectReferenceOrNull(content: &quot;No prefix 1234&quot;, expected: null)" computerName="Precision-7510" duration="00:00:00.0004359" startTime="2025-11-15T01:31:54.4380601+07:00" endTime="2025-11-15T01:31:54.4381922+07:00" testType="13cdc9d9-ddb5-4fa4-a97d-d965ccfc6d4b" outcome="Passed" testListId="8c84fa94-04c1-424b-9868-57a2d4851a1d" relativeResultsDirectory="7b618082-2a1f-4e26-9b55-928e03ba1fbd" />
    <UnitTestResult executionId="0b7762f9-0c1b-48d8-900e-2ea4d2437da3" testId="7fff6bbc-db65-ad53-9358-08659a92eccf" testName="MathBridgeSystem.Tests.Controllers.RoleControllerTests.DeleteRole_RoleHasUsers_ReturnsBadRequest" computerName="Precision-7510" duration="00:00:00.0045063" startTime="2025-11-15T01:31:54.8141822+07:00" endTime="2025-11-15T01:31:54.8152930+07:00" testType="13cdc9d9-ddb5-4fa4-a97d-d965ccfc6d4b" outcome="Passed" testListId="8c84fa94-04c1-424b-9868-57a2d4851a1d" relativeResultsDirectory="0b7762f9-0c1b-48d8-900e-2ea4d2437da3" />
    <UnitTestResult executionId="1adb9ae3-24d3-4232-b35e-2f2948cb492e" testId="ebae2c66-a972-5565-e5e8-36e26b88d1e8" testName="MathBridgeSystem.Tests.Services.CenterServiceTests.RemoveTutorFromCenterAsync_ValidRemoval_RemovesTutor" computerName="Precision-7510" duration="00:00:00.0094559" startTime="2025-11-15T01:31:55.2174165+07:00" endTime="2025-11-15T01:31:55.2268559+07:00" testType="13cdc9d9-ddb5-4fa4-a97d-d965ccfc6d4b" outcome="Passed" testListId="8c84fa94-04c1-424b-9868-57a2d4851a1d" relativeResultsDirectory="1adb9ae3-24d3-4232-b35e-2f2948cb492e" />
    <UnitTestResult executionId="32551518-14a8-4f41-ad09-6af410e664bb" testId="8ee9c816-853c-ff84-12b2-48437be1169a" testName="MathBridgeSystem.Tests.Services.SchoolServiceTests.GetSchoolsCountAsync_FiltersCorrectly" computerName="Precision-7510" duration="00:00:00.0056429" startTime="2025-11-15T01:31:54.9391816+07:00" endTime="2025-11-15T01:31:54.9436343+07:00" testType="13cdc9d9-ddb5-4fa4-a97d-d965ccfc6d4b" outcome="Passed" testListId="8c84fa94-04c1-424b-9868-57a2d4851a1d" relativeResultsDirectory="32551518-14a8-4f41-ad09-6af410e664bb" />
    <UnitTestResult executionId="6cdf2274-a0ed-44e4-9252-150c1ba16b56" testId="8b82d8ee-a90a-c554-6e94-a589ba2810c4" testName="MathBridgeSystem.Tests.Services.TutorVerificationServiceTests.CreateVerificationAsync_ValidRequest_CreatesAndReturnsId" computerName="Precision-7510" duration="00:00:00.0134725" startTime="2025-11-15T01:31:54.5750503+07:00" endTime="2025-11-15T01:31:54.5852375+07:00" testType="13cdc9d9-ddb5-4fa4-a97d-d965ccfc6d4b" outcome="Passed" testListId="8c84fa94-04c1-424b-9868-57a2d4851a1d" relativeResultsDirectory="6cdf2274-a0ed-44e4-9252-150c1ba16b56" />
    <UnitTestResult executionId="2b064cc6-ba93-40e4-b999-83333cb265a2" testId="9b4fc00d-dc3c-2ef0-26fa-e97eae785232" testName="MathBridgeSystem.Tests.Services.NotificationServiceTests.GetUnreadCountAsync_CallsRepository_ReturnsCount" computerName="Precision-7510" duration="00:00:00.0038803" startTime="2025-11-15T01:31:54.2426175+07:00" endTime="2025-11-15T01:31:54.2450228+07:00" testType="13cdc9d9-ddb5-4fa4-a97d-d965ccfc6d4b" outcome="Passed" testListId="8c84fa94-04c1-424b-9868-57a2d4851a1d" relativeResultsDirectory="2b064cc6-ba93-40e4-b999-83333cb265a2" />
    <UnitTestResult executionId="7b02af4d-f631-4027-8b4a-574791ba25d7" testId="36a58063-c5d2-f91d-ea37-1831b53a1934" testName="MathBridgeSystem.Tests.Services.CenterServiceTests.GetCentersNearLocationAsync_NegativeRadius_ThrowsArgumentException" computerName="Precision-7510" duration="00:00:00.0019278" startTime="2025-11-15T01:31:55.2385213+07:00" endTime="2025-11-15T01:31:55.2400434+07:00" testType="13cdc9d9-ddb5-4fa4-a97d-d965ccfc6d4b" outcome="Passed" testListId="8c84fa94-04c1-424b-9868-57a2d4851a1d" relativeResultsDirectory="7b02af4d-f631-4027-8b4a-574791ba25d7" />
    <UnitTestResult executionId="039a9219-7663-4fb9-a0dd-6995d0833d0e" testId="f3f492a4-0728-a079-d074-f7f69ac5e847" testName="MathBridgeSystem.Tests.Services.ContractServiceTests.AssignTutorsAsync_TutorAlreadyAssigned_ThrowsInvalidOperationException" computerName="Precision-7510" duration="00:00:00.0064164" startTime="2025-11-15T01:31:54.6293141+07:00" endTime="2025-11-15T01:31:54.6364323+07:00" testType="13cdc9d9-ddb5-4fa4-a97d-d965ccfc6d4b" outcome="Passed" testListId="8c84fa94-04c1-424b-9868-57a2d4851a1d" relativeResultsDirectory="039a9219-7663-4fb9-a0dd-6995d0833d0e" />
    <UnitTestResult executionId="7b1dc693-ab8e-44f7-9d88-205f72a151e4" testId="116ac06d-b91f-1549-29ad-9d3a5290c139" testName="MathBridgeSystem.Tests.Services.CurriculumServiceTests.GetAllCurriculaAsync_ReturnsList" computerName="Precision-7510" duration="00:00:00.0092822" startTime="2025-11-15T01:31:54.7501874+07:00" endTime="2025-11-15T01:31:54.7555442+07:00" testType="13cdc9d9-ddb5-4fa4-a97d-d965ccfc6d4b" outcome="Passed" testListId="8c84fa94-04c1-424b-9868-57a2d4851a1d" relativeResultsDirectory="7b1dc693-ab8e-44f7-9d88-205f72a151e4" />
    <UnitTestResult executionId="712e3138-df55-4a3b-a1c5-f45e2f4e8d90" testId="ce924d24-c145-5e5a-1fb9-39657656a07f" testName="MathBridgeSystem.Tests.Services.SchoolServiceTests.GetSchoolsByCurriculumAsync_ReturnsCorrectSchools" computerName="Precision-7510" duration="00:00:00.0065561" startTime="2025-11-15T01:31:54.9087216+07:00" endTime="2025-11-15T01:31:54.9127642+07:00" testType="13cdc9d9-ddb5-4fa4-a97d-d965ccfc6d4b" outcome="Passed" testListId="8c84fa94-04c1-424b-9868-57a2d4851a1d" relativeResultsDirectory="712e3138-df55-4a3b-a1c5-f45e2f4e8d90" />
    <UnitTestResult executionId="4e95ff5f-597e-403b-afa3-9a60d5fc8bc0" testId="6394664a-89c9-1339-45c5-01b7df15db80" testName="MathBridgeSystem.Tests.Controllers.NotificationControllerTests.GetNotification_NonExistingNotification_ReturnsNotFound" computerName="Precision-7510" duration="00:00:00.0059709" startTime="2025-11-15T01:31:54.1759508+07:00" endTime="2025-11-15T01:31:54.1793642+07:00" testType="13cdc9d9-ddb5-4fa4-a97d-d965ccfc6d4b" outcome="Passed" testListId="8c84fa94-04c1-424b-9868-57a2d4851a1d" relativeResultsDirectory="4e95ff5f-597e-403b-afa3-9a60d5fc8bc0" />
    <UnitTestResult executionId="e396b5cf-82e4-446e-bbbc-5c4fbb16e801" testId="b75339af-454e-5587-dbe0-e58be78d60bd" testName="MathBridgeSystem.Tests.Services.PackageServiceTests.CreatePackageAsync_ZeroPrice_ThrowsArgumentException" computerName="Precision-7510" duration="00:00:00.0017437" startTime="2025-11-15T01:31:55.0640982+07:00" endTime="2025-11-15T01:31:55.0655376+07:00" testType="13cdc9d9-ddb5-4fa4-a97d-d965ccfc6d4b" outcome="Passed" testListId="8c84fa94-04c1-424b-9868-57a2d4851a1d" relativeResultsDirectory="e396b5cf-82e4-446e-bbbc-5c4fbb16e801" />
    <UnitTestResult executionId="674015ec-817a-4190-a4c6-d73e8dd11e8b" testId="4d7cab4c-d10e-43d6-23fb-8f77291a484c" testName="MathBridgeSystem.Tests.Services.CenterServiceTests.UpdateCenterAsync_DuplicateName_ThrowsException" computerName="Precision-7510" duration="00:00:00.0038999" startTime="2025-11-15T01:31:55.2016891+07:00" endTime="2025-11-15T01:31:55.2054957+07:00" testType="13cdc9d9-ddb5-4fa4-a97d-d965ccfc6d4b" outcome="Passed" testListId="8c84fa94-04c1-424b-9868-57a2d4851a1d" relativeResultsDirectory="674015ec-817a-4190-a4c6-d73e8dd11e8b" />
    <UnitTestResult executionId="d2e80086-9036-49fd-8fbd-d4c46f6b22e3" testId="25926bfc-de35-7531-4b15-668aa71317ad" testName="MathBridgeSystem.Tests.Services.VideoConferenceServiceTests.GetVideoConferenceAsync_SessionNotFound_ThrowsException" computerName="Precision-7510" duration="00:00:00.0949992" startTime="2025-11-15T01:31:54.5056461+07:00" endTime="2025-11-15T01:31:54.5993866+07:00" testType="13cdc9d9-ddb5-4fa4-a97d-d965ccfc6d4b" outcome="Passed" testListId="8c84fa94-04c1-424b-9868-57a2d4851a1d" relativeResultsDirectory="d2e80086-9036-49fd-8fbd-d4c46f6b22e3" />
    <UnitTestResult executionId="e29d7d01-0629-4e84-8cbf-2f5abc387b2c" testId="a21d8a2d-8720-72b9-d3d9-d73d3f8a7502" testName="MathBridgeSystem.Tests.Controllers.RoleControllerTests.DeleteRole_ValidId_ReturnsNoContent" computerName="Precision-7510" duration="00:00:00.0034375" startTime="2025-11-15T01:31:54.8156260+07:00" endTime="2025-11-15T01:31:54.8172198+07:00" testType="13cdc9d9-ddb5-4fa4-a97d-d965ccfc6d4b" outcome="Passed" testListId="8c84fa94-04c1-424b-9868-57a2d4851a1d" relativeResultsDirectory="e29d7d01-0629-4e84-8cbf-2f5abc387b2c" />
    <UnitTestResult executionId="95f2f304-4651-44ad-8608-f53b4335bed4" testId="85b4f7ab-111c-546b-8ab4-ba5580c57c2f" testName="MathBridgeSystem.Tests.Services.CenterServiceTests.GetAllCentersAsync_ReturnsList" computerName="Precision-7510" duration="00:00:00.0016243" startTime="2025-11-15T01:31:55.1226528+07:00" endTime="2025-11-15T01:31:55.1234654+07:00" testType="13cdc9d9-ddb5-4fa4-a97d-d965ccfc6d4b" outcome="Passed" testListId="8c84fa94-04c1-424b-9868-57a2d4851a1d" relativeResultsDirectory="95f2f304-4651-44ad-8608-f53b4335bed4" />
    <UnitTestResult executionId="d117c623-0c8f-4365-bf01-ec114e6d38bd" testId="f50f5369-93cd-91a5-2adb-90c6794c951d" testName="MathBridgeSystem.Tests.Services.FinalFeedbackServiceTests.GetAllAsync_ShouldReturnAllFeedbacks" computerName="Precision-7510" duration="00:00:00.0027456" startTime="2025-11-15T01:31:54.8069784+07:00" endTime="2025-11-15T01:31:54.8101648+07:00" testType="13cdc9d9-ddb5-4fa4-a97d-d965ccfc6d4b" outcome="Passed" testListId="8c84fa94-04c1-424b-9868-57a2d4851a1d" relativeResultsDirectory="d117c623-0c8f-4365-bf01-ec114e6d38bd" />
    <UnitTestResult executionId="d4b1be17-2535-4093-9dab-e1d7c30bfa17" testId="643f0b1b-2f77-8662-45c5-f145a2af3881" testName="MathBridgeSystem.Tests.Services.CurriculumServiceTests.GetCurriculaCountAsync_NullRequest_ThrowsArgumentNullException" computerName="Precision-7510" duration="00:00:00.0100553" startTime="2025-11-15T01:31:54.6942179+07:00" endTime="2025-11-15T01:31:54.6967664+07:00" testType="13cdc9d9-ddb5-4fa4-a97d-d965ccfc6d4b" outcome="Passed" testListId="8c84fa94-04c1-424b-9868-57a2d4851a1d" relativeResultsDirectory="d4b1be17-2535-4093-9dab-e1d7c30bfa17" />
    <UnitTestResult executionId="46660038-620a-43e6-a192-09e2b60d684a" testId="019c64ac-1124-1beb-1228-e1bcd50c9fd0" testName="MathBridgeSystem.Tests.Services.CenterServiceTests.DeleteCenterAsync_NoDependencies_DeletesCenter" computerName="Precision-7510" duration="00:00:00.0549828" startTime="2025-11-15T01:31:55.0429817+07:00" endTime="2025-11-15T01:31:55.0976218+07:00" testType="13cdc9d9-ddb5-4fa4-a97d-d965ccfc6d4b" outcome="Passed" testListId="8c84fa94-04c1-424b-9868-57a2d4851a1d" relativeResultsDirectory="46660038-620a-43e6-a192-09e2b60d684a" />
    <UnitTestResult executionId="a5730872-b958-4c94-b9a2-4ced198c2ee0" testId="fc2e97d5-1afd-f648-841d-634c8fe86b8a" testName="MathBridgeSystem.Tests.Services.FinalFeedbackServiceTests.CreateAsync_ShouldCreateFeedback" computerName="Precision-7510" duration="00:00:00.0199058" startTime="2025-11-15T01:31:54.8146962+07:00" endTime="2025-11-15T01:31:54.8307671+07:00" testType="13cdc9d9-ddb5-4fa4-a97d-d965ccfc6d4b" outcome="Passed" testListId="8c84fa94-04c1-424b-9868-57a2d4851a1d" relativeResultsDirectory="a5730872-b958-4c94-b9a2-4ced198c2ee0" />
    <UnitTestResult executionId="e1f086f9-0854-4e3b-9bab-fa9dad69c604" testId="1836c497-0093-73aa-9aad-ace67fb705cb" testName="MathBridgeSystem.Tests.Services.NotificationConnectionManagerTests.RegisterConnection_NewUser_AddsConnection" computerName="Precision-7510" duration="00:00:00.0004549" startTime="2025-11-15T01:31:54.6076776+07:00" endTime="2025-11-15T01:31:54.6079002+07:00" testType="13cdc9d9-ddb5-4fa4-a97d-d965ccfc6d4b" outcome="Passed" testListId="8c84fa94-04c1-424b-9868-57a2d4851a1d" relativeResultsDirectory="e1f086f9-0854-4e3b-9bab-fa9dad69c604" />
    <UnitTestResult executionId="6dc7cc1a-754c-4432-afe1-5174c9df6a08" testId="7df03ec3-d3e6-146c-e108-9c8fd299fc8a" testName="MathBridgeSystem.Tests.Controllers.RoleControllerTests.UpdateRole_DuplicateName_ReturnsConflict" computerName="Precision-7510" duration="00:00:00.0118519" startTime="2025-11-15T01:31:54.8026655+07:00" endTime="2025-11-15T01:31:54.8061793+07:00" testType="13cdc9d9-ddb5-4fa4-a97d-d965ccfc6d4b" outcome="Passed" testListId="8c84fa94-04c1-424b-9868-57a2d4851a1d" relativeResultsDirectory="6dc7cc1a-754c-4432-afe1-5174c9df6a08" />
    <UnitTestResult executionId="8fd6696a-1037-4ec0-b8e0-fa916deebb07" testId="d6ea0313-cac1-d77e-1398-e2652b8d4132" testName="MathBridgeSystem.Tests.Services.NotificationConnectionManagerTests.BroadcastNotificationAsync_AllUsersConnected_SendsToAll" computerName="Precision-7510" duration="00:00:00.0016130" startTime="2025-11-15T01:31:54.6082503+07:00" endTime="2025-11-15T01:31:54.6084026+07:00" testType="13cdc9d9-ddb5-4fa4-a97d-d965ccfc6d4b" outcome="Passed" testListId="8c84fa94-04c1-424b-9868-57a2d4851a1d" relativeResultsDirectory="8fd6696a-1037-4ec0-b8e0-fa916deebb07" />
    <UnitTestResult executionId="c9f4200a-90d6-495d-9d7c-9b74f1ea2625" testId="5178f6c7-fe71-cb09-e32e-c90f775d9a44" testName="MathBridgeSystem.Tests.Services.PackageServiceTests.UpdatePackageAsync_PackageNotFound_ThrowsKeyNotFoundException" computerName="Precision-7510" duration="00:00:00.0019799" startTime="2025-11-15T01:31:55.0829563+07:00" endTime="2025-11-15T01:31:55.0841418+07:00" testType="13cdc9d9-ddb5-4fa4-a97d-d965ccfc6d4b" outcome="Passed" testListId="8c84fa94-04c1-424b-9868-57a2d4851a1d" relativeResultsDirectory="c9f4200a-90d6-495d-9d7c-9b74f1ea2625" />
    <UnitTestResult executionId="710af148-5c07-4214-9141-5f1f6475f7d9" testId="40b3f70d-65a2-1c53-cf54-79822e146bdf" testName="MathBridgeSystem.Tests.Services.LocationServiceTests.SaveUserAddressAsync_UserNotFound_ReturnsFailure" computerName="Precision-7510" duration="00:00:00.0076034" startTime="2025-11-15T01:31:54.6179957+07:00" endTime="2025-11-15T01:31:54.6259286+07:00" testType="13cdc9d9-ddb5-4fa4-a97d-d965ccfc6d4b" outcome="Passed" testListId="8c84fa94-04c1-424b-9868-57a2d4851a1d" relativeResultsDirectory="710af148-5c07-4214-9141-5f1f6475f7d9" />
    <UnitTestResult executionId="c0cd9a3a-dea7-4a5b-9b26-ac6be3fadbd0" testId="22055cb0-2a9c-0ad5-ebb3-47da0653b099" testName="MathBridgeSystem.Tests.Controllers.AdminControllerTests.CreateUser_ValidRequest_ReturnsOkResultWithUserId" computerName="Precision-7510" duration="00:00:00.0080468" startTime="2025-11-15T01:31:54.7395597+07:00" endTime="2025-11-15T01:31:54.7442772+07:00" testType="13cdc9d9-ddb5-4fa4-a97d-d965ccfc6d4b" outcome="Passed" testListId="8c84fa94-04c1-424b-9868-57a2d4851a1d" relativeResultsDirectory="c0cd9a3a-dea7-4a5b-9b26-ac6be3fadbd0" />
    <UnitTestResult executionId="ed598d3f-ac78-41a9-812a-ebd44b949479" testId="b7b41027-7835-bdd4-55b1-3a847f0f6a52" testName="MathBridgeSystem.Tests.EdgeCases.ValidationEdgeCasesTests.DateTime_DifferentTimezones_ShouldBeComparable" computerName="Precision-7510" duration="00:00:00.0048232" startTime="2025-11-15T01:31:54.7381990+07:00" endTime="2025-11-15T01:31:54.7401584+07:00" testType="13cdc9d9-ddb5-4fa4-a97d-d965ccfc6d4b" outcome="Passed" testListId="8c84fa94-04c1-424b-9868-57a2d4851a1d" relativeResultsDirectory="ed598d3f-ac78-41a9-812a-ebd44b949479" />
    <UnitTestResult executionId="dfe27789-99e0-47ef-b886-b2ce3ad36a80" testId="4691ca28-d0a2-2dd0-8a4b-fa7ee3234f3b" testName="MathBridgeSystem.Tests.Services.SessionServiceTests.GetSessionsByChildIdAsync_WhenSessionsExist_ReturnsMappedDtoList" computerName="Precision-7510" duration="00:00:00.0107205" startTime="2025-11-15T01:31:54.7708425+07:00" endTime="2025-11-15T01:31:54.7982747+07:00" testType="13cdc9d9-ddb5-4fa4-a97d-d965ccfc6d4b" outcome="Passed" testListId="8c84fa94-04c1-424b-9868-57a2d4851a1d" relativeResultsDirectory="dfe27789-99e0-47ef-b886-b2ce3ad36a80" />
    <UnitTestResult executionId="00b7466b-843b-49fc-84b2-b8d2308ba407" testId="95fd6a0e-0bba-6e7c-78ed-03dea0a39b24" testName="MathBridgeSystem.Tests.Services.CurriculumServiceTests.DeactivateCurriculumAsync_CurriculumNotFound_ThrowsKeyNotFoundException" computerName="Precision-7510" duration="00:00:00.0064757" startTime="2025-11-15T01:31:54.7463798+07:00" endTime="2025-11-15T01:31:54.7484971+07:00" testType="13cdc9d9-ddb5-4fa4-a97d-d965ccfc6d4b" outcome="Passed" testListId="8c84fa94-04c1-424b-9868-57a2d4851a1d" relativeResultsDirectory="00b7466b-843b-49fc-84b2-b8d2308ba407" />
    <UnitTestResult executionId="4351b3ec-c28e-4ddd-b42d-76183a9167b3" testId="61fa6bfb-74c0-b2f6-86fe-02ecd0d19c23" testName="MathBridgeSystem.Tests.Services.SessionServiceTests.GetSessionsByParentAsync_WhenSessionsExist_ReturnsMappedDtoList" computerName="Precision-7510" duration="00:00:00.0173661" startTime="2025-11-15T01:31:54.7391272+07:00" endTime="2025-11-15T01:31:54.7480321+07:00" testType="13cdc9d9-ddb5-4fa4-a97d-d965ccfc6d4b" outcome="Passed" testListId="8c84fa94-04c1-424b-9868-57a2d4851a1d" relativeResultsDirectory="4351b3ec-c28e-4ddd-b42d-76183a9167b3" />
    <UnitTestResult executionId="333c0ffa-73c3-47b7-8a49-302c178eb526" testId="b9791fde-e096-7c08-991a-3ce2bb23a6f5" testName="MathBridgeSystem.Tests.Services.SePayServiceTests.CreatePaymentRequestAsync_UserNotFound_ReturnsFailure" computerName="Precision-7510" duration="00:00:00.0081534" startTime="2025-11-15T01:31:54.5565706+07:00" endTime="2025-11-15T01:31:54.5676402+07:00" testType="13cdc9d9-ddb5-4fa4-a97d-d965ccfc6d4b" outcome="Passed" testListId="8c84fa94-04c1-424b-9868-57a2d4851a1d" relativeResultsDirectory="333c0ffa-73c3-47b7-8a49-302c178eb526" />
    <UnitTestResult executionId="ea5236b2-20be-4be1-b74f-a78c06c64b6c" testId="3c48756e-20b0-f0ac-1730-e06377d174a4" testName="MathBridgeSystem.Tests.Controllers.RoleControllerTests.UpdateRole_ValidRequest_ReturnsOkResult" computerName="Precision-7510" duration="00:00:00.0075925" startTime="2025-11-15T01:31:54.8065114+07:00" endTime="2025-11-15T01:31:54.8138244+07:00" testType="13cdc9d9-ddb5-4fa4-a97d-d965ccfc6d4b" outcome="Passed" testListId="8c84fa94-04c1-424b-9868-57a2d4851a1d" relativeResultsDirectory="ea5236b2-20be-4be1-b74f-a78c06c64b6c" />
    <UnitTestResult executionId="3710e16f-d0b9-4f3f-8b52-9d6b8f49cc2a" testId="43376a60-c1c4-a3fd-76c3-25594a2747d6" testName="MathBridgeSystem.Tests.Services.TutorVerificationServiceTests.ApproveVerificationAsync_Valid_UpdatesStatusToApproved" computerName="Precision-7510" duration="00:00:00.0073745" startTime="2025-11-15T01:31:54.6233341+07:00" endTime="2025-11-15T01:31:54.6303515+07:00" testType="13cdc9d9-ddb5-4fa4-a97d-d965ccfc6d4b" outcome="Passed" testListId="8c84fa94-04c1-424b-9868-57a2d4851a1d" relativeResultsDirectory="3710e16f-d0b9-4f3f-8b52-9d6b8f49cc2a" />
    <UnitTestResult executionId="0adfc402-4fce-4f4f-9de9-3c9b824d8519" testId="e5fec8f0-52f7-3756-807f-496e86c94661" testName="MathBridgeSystem.Tests.Services.TutorVerificationServiceTests.PermanentlyDeleteVerificationAsync_Valid_CallsRepository" computerName="Precision-7510" duration="00:00:00.0074145" startTime="2025-11-15T01:31:54.5270299+07:00" endTime="2025-11-15T01:31:54.5335010+07:00" testType="13cdc9d9-ddb5-4fa4-a97d-d965ccfc6d4b" outcome="Passed" testListId="8c84fa94-04c1-424b-9868-57a2d4851a1d" relativeResultsDirectory="0adfc402-4fce-4f4f-9de9-3c9b824d8519" />
    <UnitTestResult executionId="3a65cb66-c16e-486a-8a9c-0418737939a1" testId="f5ab5ce7-5a5a-2b5d-567f-4cc0508819f8" testName="MathBridgeSystem.Tests.Services.CenterServiceTests.RemoveTutorFromCenterAsync_TutorNotAssigned_ThrowsException" computerName="Precision-7510" duration="00:00:00.0119197" startTime="2025-11-15T01:31:54.9943607+07:00" endTime="2025-11-15T01:31:55.0064257+07:00" testType="13cdc9d9-ddb5-4fa4-a97d-d965ccfc6d4b" outcome="Passed" testListId="8c84fa94-04c1-424b-9868-57a2d4851a1d" relativeResultsDirectory="3a65cb66-c16e-486a-8a9c-0418737939a1" />
    <UnitTestResult executionId="073396cc-f69b-440b-a59a-af7990b5962c" testId="d4cbb7b8-1f23-671c-30b5-9abf03d2f188" testName="MathBridgeSystem.Tests.Services.AuthServiceTests.LoginAsync_ValidCredentials_ReturnsLoginResponse" computerName="Precision-7510" duration="00:00:00.3718511" startTime="2025-11-15T01:31:56.0403846+07:00" endTime="2025-11-15T01:31:56.4118255+07:00" testType="13cdc9d9-ddb5-4fa4-a97d-d965ccfc6d4b" outcome="Passed" testListId="8c84fa94-04c1-424b-9868-57a2d4851a1d" relativeResultsDirectory="073396cc-f69b-440b-a59a-af7990b5962c" />
    <UnitTestResult executionId="f4f531f6-9d63-483a-a43c-febbfa761493" testId="1ee9a204-0184-dfa8-b219-e8640f6b871a" testName="MathBridgeSystem.Tests.Services.WalletTransactionServiceTests.GetParentWalletBalanceAsync_ShouldCalculateCorrectBalance" computerName="Precision-7510" duration="00:00:00.0093004" startTime="2025-11-15T01:31:54.2818351+07:00" endTime="2025-11-15T01:31:54.2909551+07:00" testType="13cdc9d9-ddb5-4fa4-a97d-d965ccfc6d4b" outcome="Passed" testListId="8c84fa94-04c1-424b-9868-57a2d4851a1d" relativeResultsDirectory="f4f531f6-9d63-483a-a43c-febbfa761493" />
    <UnitTestResult executionId="708af137-3c0f-4478-8dc6-db4d5cfefdf3" testId="68934cc3-0abf-ab87-72a7-cc96767f9184" testName="MathBridgeSystem.Tests.Services.TestResultServiceTests.GetTestResultsByContractIdAsync_ShouldReturnAllResults" computerName="Precision-7510" duration="00:00:00.0042567" startTime="2025-11-15T01:31:54.3735085+07:00" endTime="2025-11-15T01:31:54.3769473+07:00" testType="13cdc9d9-ddb5-4fa4-a97d-d965ccfc6d4b" outcome="Passed" testListId="8c84fa94-04c1-424b-9868-57a2d4851a1d" relativeResultsDirectory="708af137-3c0f-4478-8dc6-db4d5cfefdf3" />
    <UnitTestResult executionId="63b51d75-a8ae-418a-8f3d-7cd72afc5a41" testId="e22af7a3-abb8-f390-aeda-5439754aa5aa" testName="MathBridgeSystem.Tests.Services.CurriculumServiceTests.GetCurriculumByIdAsync_Existing_ReturnsDto" computerName="Precision-7510" duration="00:00:00.0115672" startTime="2025-11-15T01:31:54.8315435+07:00" endTime="2025-11-15T01:31:54.8344875+07:00" testType="13cdc9d9-ddb5-4fa4-a97d-d965ccfc6d4b" outcome="Passed" testListId="8c84fa94-04c1-424b-9868-57a2d4851a1d" relativeResultsDirectory="63b51d75-a8ae-418a-8f3d-7cd72afc5a41" />
    <UnitTestResult executionId="5d7c1e0e-65eb-4aa8-88a4-3828c5f0522b" testId="31897760-2f0b-942e-ff31-8f95fa111e1c" testName="MathBridgeSystem.Tests.Controllers.UnitControllerTests.UpdateUnit_UnitNotFound_ReturnsNotFound" computerName="Precision-7510" duration="00:00:00.0045139" startTime="2025-11-15T01:31:54.1698147+07:00" endTime="2025-11-15T01:31:54.1699686+07:00" testType="13cdc9d9-ddb5-4fa4-a97d-d965ccfc6d4b" outcome="Passed" testListId="8c84fa94-04c1-424b-9868-57a2d4851a1d" relativeResultsDirectory="5d7c1e0e-65eb-4aa8-88a4-3828c5f0522b" />
    <UnitTestResult executionId="9dfc6e6b-ee26-4096-85d4-e8d36d433671" testId="c461b759-db90-eb12-ecc3-a9b3af5cbf9e" testName="MathBridgeSystem.Tests.Services.SessionServiceTests.UpdateSessionStatusAsync_UserNotTutorOfSession_ThrowsUnauthorizedAccessException" computerName="Precision-7510" duration="00:00:00.0037853" startTime="2025-11-15T01:31:54.7263841+07:00" endTime="2025-11-15T01:31:54.7388320+07:00" testType="13cdc9d9-ddb5-4fa4-a97d-d965ccfc6d4b" outcome="Passed" testListId="8c84fa94-04c1-424b-9868-57a2d4851a1d" relativeResultsDirectory="9dfc6e6b-ee26-4096-85d4-e8d36d433671" />
    <UnitTestResult executionId="2c04e644-5888-4a1e-a59e-0bc68bf8d2c9" testId="5f71d3ad-600d-ac0c-6c0e-07b6c31207a3" testName="MathBridgeSystem.Tests.Controllers.PackageControllerTests.GetAllActivePackages_ServiceThrowsException_ReturnsInternalServerError" computerName="Precision-7510" duration="00:00:00.0022809" startTime="2025-11-15T01:31:54.1815435+07:00" endTime="2025-11-15T01:31:54.1836033+07:00" testType="13cdc9d9-ddb5-4fa4-a97d-d965ccfc6d4b" outcome="Passed" testListId="8c84fa94-04c1-424b-9868-57a2d4851a1d" relativeResultsDirectory="2c04e644-5888-4a1e-a59e-0bc68bf8d2c9" />
    <UnitTestResult executionId="865721bc-d7c3-49d9-8c7c-c02d5bd9b312" testId="33642bb3-eec0-8541-06c7-fb9f020c0743" testName="MathBridgeSystem.Tests.Services.SessionServiceTests.GetSessionByBookingIdAsync_AsTutorNotOwner_ReturnsNull" computerName="Precision-7510" duration="00:00:00.0056441" startTime="2025-11-15T01:31:54.6667880+07:00" endTime="2025-11-15T01:31:54.6723701+07:00" testType="13cdc9d9-ddb5-4fa4-a97d-d965ccfc6d4b" outcome="Passed" testListId="8c84fa94-04c1-424b-9868-57a2d4851a1d" relativeResultsDirectory="865721bc-d7c3-49d9-8c7c-c02d5bd9b312" />
    <UnitTestResult executionId="37d87b3e-f8d5-4862-97e2-f564f1a1be45" testId="8fc276a7-ed06-778e-9841-183969a460f3" testName="MathBridgeSystem.Tests.Services.SchoolServiceTests.ActivateSchoolAsync_AlreadyActive_DoesNothing" computerName="Precision-7510" duration="00:00:00.0050270" startTime="2025-11-15T01:31:54.9233179+07:00" endTime="2025-11-15T01:31:54.9269501+07:00" testType="13cdc9d9-ddb5-4fa4-a97d-d965ccfc6d4b" outcome="Passed" testListId="8c84fa94-04c1-424b-9868-57a2d4851a1d" relativeResultsDirectory="37d87b3e-f8d5-4862-97e2-f564f1a1be45" />
    <UnitTestResult executionId="3e3363ef-f1bb-4429-84ff-bfba3e83882c" testId="f5c5572e-682a-d6e1-8556-96e3bd1e06eb" testName="MathBridgeSystem.Tests.Services.GoogleAuthServiceTests.ValidateGoogleTokenAsync_NullToken_ThrowsException" computerName="Precision-7510" duration="00:00:00.0025330" startTime="2025-11-15T01:31:54.4096796+07:00" endTime="2025-11-15T01:31:54.4119795+07:00" testType="13cdc9d9-ddb5-4fa4-a97d-d965ccfc6d4b" outcome="Passed" testListId="8c84fa94-04c1-424b-9868-57a2d4851a1d" relativeResultsDirectory="3e3363ef-f1bb-4429-84ff-bfba3e83882c" />
    <UnitTestResult executionId="416c54d1-369f-4751-b93a-90285ee74a9a" testId="e429c622-a451-e537-492f-5d7258694e48" testName="MathBridgeSystem.Tests.EdgeCases.ValidationEdgeCasesTests.Price_NegativeOrZeroValue_ShouldBeInvalid(price: -100)" computerName="Precision-7510" duration="00:00:00.0014262" startTime="2025-11-15T01:31:54.6987903+07:00" endTime="2025-11-15T01:31:54.7147933+07:00" testType="13cdc9d9-ddb5-4fa4-a97d-d965ccfc6d4b" outcome="Passed" testListId="8c84fa94-04c1-424b-9868-57a2d4851a1d" relativeResultsDirectory="416c54d1-369f-4751-b93a-90285ee74a9a" />
[...]
    <TestEntry testId="b8d22c5c-260a-e131-0571-4dcad1af5858" executionId="f3df75b6-ca41-41d8-98d7-83fd43f01539" testListId="8c84fa94-04c1-424b-9868-57a2d4851a1d" />
    <TestEntry testId="6b981813-61b0-960e-5ba5-30e2ad49428e" executionId="e4861cbc-97ee-405d-98bc-cecca4ec83e0" testListId="8c84fa94-04c1-424b-9868-57a2d4851a1d" />
    <TestEntry testId="476d11c6-a2c8-3f14-6dcc-420660920939" executionId="704bbbbf-13e0-4dd6-8615-75efdfa22f8a" testListId="8c84fa94-04c1-424b-9868-57a2d4851a1d" />
    <TestEntry testId="a209aff9-9ecd-656d-f57f-835263707e70" executionId="76cc10fe-8cd1-4c45-82ae-427ded1d80dd" testListId="8c84fa94-04c1-424b-9868-57a2d4851a1d" />
    <TestEntry testId="f1c9cbe7-dabb-7bd4-81f2-1113deb69a8c" executionId="825de4c7-35ab-4ad2-a0f2-18bc13639538" testListId="8c84fa94-04c1-424b-9868-57a2d4851a1d" />
    <TestEntry testId="ed11b005-4cd8-d9dc-475f-41c3a043876a" executionId="950bfcb7-a9f6-42f8-86d8-ce96e17fd86f" testListId="8c84fa94-04c1-424b-9868-57a2d4851a1d" />
    <TestEntry testId="18e537af-5431-bd8b-ea6e-edd513ee683e" executionId="9a923cd5-98e3-47de-b901-b6d80a14ad5c" testListId="8c84fa94-04c1-424b-9868-57a2d4851a1d" />
    <TestEntry testId="74d204fd-7313-66b4-e765-c48e43600e78" executionId="1a9f69dc-4764-4be4-9faa-436350ac5810" testListId="8c84fa94-04c1-424b-9868-57a2d4851a1d" />
    <TestEntry testId="3a1540f9-784f-58f2-9d5a-e9f558e94405" executionId="9a1b2848-e2de-4579-8572-010dbb40140c" testListId="8c84fa94-04c1-424b-9868-57a2d4851a1d" />
    <TestEntry testId="7507a6d9-bdd1-f082-22c1-dc48005c222e" executionId="488d5ae0-88d4-4875-98cf-1f008444d6bf" testListId="8c84fa94-04c1-424b-9868-57a2d4851a1d" />
    <TestEntry testId="cf8fb11d-3f9e-6fd3-a82c-102aa4370598" executionId="8c4ff067-7ad2-431e-a18e-43b9c885a4d8" testListId="8c84fa94-04c1-424b-9868-57a2d4851a1d" />
    <TestEntry testId="86c25d69-10a1-40e0-42de-12a775875a03" executionId="985113dc-71ed-4886-8678-b7d0ad3ac23e" testListId="8c84fa94-04c1-424b-9868-57a2d4851a1d" />
    <TestEntry testId="cc85632a-7877-78aa-2f8f-cb1aee8ed87a" executionId="b1be2dd1-020b-4b06-bcd1-7b30b54249a1" testListId="8c84fa94-04c1-424b-9868-57a2d4851a1d" />
    <TestEntry testId="a5abe5d1-4fd7-5023-35eb-1aca8dcdc85e" executionId="2c266e19-fcf7-4b17-a06f-0c8bca003da7" testListId="8c84fa94-04c1-424b-9868-57a2d4851a1d" />
    <TestEntry testId="abc15872-43ce-6f23-fb6b-12fc94c2fe90" executionId="533ce9a8-b9e3-4ca2-ba33-54a1422e9544" testListId="8c84fa94-04c1-424b-9868-57a2d4851a1d" />
    <TestEntry testId="7b3c811b-be5c-3a41-eb6e-caea371e4fcc" executionId="1f63de3e-be5e-4037-93c7-df427d5cf083" testListId="8c84fa94-04c1-424b-9868-57a2d4851a1d" />
    <TestEntry testId="48f820b8-f8cf-1f2e-e1f9-476bc2349e38" executionId="fcaa7cd4-6001-4390-954b-e794e7ff956b" testListId="8c84fa94-04c1-424b-9868-57a2d4851a1d" />
    <TestEntry testId="1e7274be-5a6d-1796-4dc3-2781a6b68b3a" executionId="5afb048c-2e72-4e75-acc6-01c39fb3b26b" testListId="8c84fa94-04c1-424b-9868-57a2d4851a1d" />
    <TestEntry testId="ca7c9dc9-b5aa-295b-f9e0-71736f077311" executionId="d3904a73-77da-49db-a4b1-97010f0c07be" testListId="8c84fa94-04c1-424b-9868-57a2d4851a1d" />
    <TestEntry testId="3b35c2a8-3e38-b2cb-4559-6d80fc326af9" executionId="5d48c9d1-a9b6-4ee7-b5e0-c63a30e07c8a" testListId="8c84fa94-04c1-424b-9868-57a2d4851a1d" />
    <TestEntry testId="26fe82ea-6934-97ae-f936-21bea2538763" executionId="9fdc0a0a-fbff-44f3-9a14-d4ab1203bde7" testListId="8c84fa94-04c1-424b-9868-57a2d4851a1d" />
    <TestEntry testId="fa706a55-85bc-e28b-8c2f-482c3b8a01ec" executionId="90b24682-780e-4a84-a597-d4edeb0f3b85" testListId="8c84fa94-04c1-424b-9868-57a2d4851a1d" />
    <TestEntry testId="e96c9bcc-bd58-ab23-b373-2b21c1693a1e" executionId="51489085-5d66-4599-bc34-c2f15b38baf6" testListId="8c84fa94-04c1-424b-9868-57a2d4851a1d" />
    <TestEntry testId="b258edbe-17ab-b8b3-d549-79e6211bf0ce" executionId="f65ae9ff-1b73-42d6-8ed3-ebfff0df1016" testListId="8c84fa94-04c1-424b-9868-57a2d4851a1d" />
    <TestEntry testId="dd6655ef-68ba-8957-37c8-e482f3673499" executionId="8d9c4cd3-5ced-428d-bc2f-1d22a9363ddf" testListId="8c84fa94-04c1-424b-9868-57a2d4851a1d" />
    <TestEntry testId="895fb073-c24a-1610-6e64-a44a16a5dba7" executionId="bf8c6c3b-9a8c-4aeb-9ff9-038b437e413e" testListId="8c84fa94-04c1-424b-9868-57a2d4851a1d" />
    <TestEntry testId="395f5d40-4ff7-0a1d-4c27-449ed4894333" executionId="2de57383-2f45-4ada-9463-9404b2502b8a" testListId="8c84fa94-04c1-424b-9868-57a2d4851a1d" />
    <TestEntry testId="07be2996-1f5d-d90f-eb89-31120a65be49" executionId="3de11b3c-f52b-4785-b573-b057f5f47352" testListId="8c84fa94-04c1-424b-9868-57a2d4851a1d" />
    <TestEntry testId="3fab9427-286e-e7fc-6c9f-e76874990ce1" executionId="ab55f5d5-488a-47b7-9dd6-5326959a334f" testListId="8c84fa94-04c1-424b-9868-57a2d4851a1d" />
    <TestEntry testId="b2fb97f7-664d-ba50-ee20-0d8dbaf83826" executionId="7b41e2f8-6054-48dc-aeca-20bb1a86fa3d" testListId="8c84fa94-04c1-424b-9868-57a2d4851a1d" />
    <TestEntry testId="a28d1baa-cf36-84c0-91f3-3410e720850a" executionId="b53fc1c9-2db1-4aa6-913a-f289433e4c18" testListId="8c84fa94-04c1-424b-9868-57a2d4851a1d" />
    <TestEntry testId="0e7e8cdf-f5fe-d9b7-7d08-47498e377bd6" executionId="23af38ef-f8cc-4c22-84d9-ffd83a6f439e" testListId="8c84fa94-04c1-424b-9868-57a2d4851a1d" />
    <TestEntry testId="6cabce8c-2c6e-322c-0332-5dd1a01488c7" executionId="b0ddea41-25b2-4820-b8be-a4cfbc18c485" testListId="8c84fa94-04c1-424b-9868-57a2d4851a1d" />
    <TestEntry testId="e2561aae-46b6-0548-1ee2-2c61954e0677" executionId="a7ae9955-09a3-4d09-89e8-e06f1fd8e641" testListId="8c84fa94-04c1-424b-9868-57a2d4851a1d" />
    <TestEntry testId="39db62e9-849c-db74-1b86-e77a2d4d1d99" executionId="a4aa60c4-b3db-469b-9432-ab619b2328c6" testListId="8c84fa94-04c1-424b-9868-57a2d4851a1d" />
    <TestEntry testId="c286d2a3-3709-61c5-9ddc-0a71b19dd564" executionId="ab79ab46-6be4-4ef8-8756-73c137f05de2" testListId="8c84fa94-04c1-424b-9868-57a2d4851a1d" />
    <TestEntry testId="36eaca2e-fb75-364f-200a-b775b2ee2857" executionId="0278407f-dffd-4676-bfd2-34d46db3890d" testListId="8c84fa94-04c1-424b-9868-57a2d4851a1d" />
    <TestEntry testId="7b0c3e21-cdc3-bffe-acff-30d9c0136a3a" executionId="0b63837d-76c5-47fb-ae30-9b7dca61a71f" testListId="8c84fa94-04c1-424b-9868-57a2d4851a1d" />
    <TestEntry testId="b6854aee-361f-c305-2fc9-808733a1c9da" executionId="fa730caf-4617-47ba-86fe-72a2ae742419" testListId="8c84fa94-04c1-424b-9868-57a2d4851a1d" />
    <TestEntry testId="53a4e1cc-01f5-3c23-c2ac-e2c22a417ac6" executionId="13ef2385-7c4b-4cc7-a0d2-9c825643ce83" testListId="8c84fa94-04c1-424b-9868-57a2d4851a1d" />
    <TestEntry testId="47f97337-5e65-bd72-3966-5195bc9bda39" executionId="cb1e5f27-4fc6-4e22-824e-2236c5559ab6" testListId="8c84fa94-04c1-424b-9868-57a2d4851a1d" />
    <TestEntry testId="e38933e1-035a-df41-793e-181cce9c6783" executionId="9f7f3d2f-d7ad-4017-8433-840378b2fe11" testListId="8c84fa94-04c1-424b-9868-57a2d4851a1d" />
    <TestEntry testId="5ae0b36f-9fbb-7263-9a2a-b83a0fde6eab" executionId="21c57c91-a521-40ca-9edb-ff3445190735" testListId="8c84fa94-04c1-424b-9868-57a2d4851a1d" />
    <TestEntry testId="2b353961-4216-9201-5527-311efe3dfece" executionId="f2afe4ab-88d5-44e4-8d82-73d31917b012" testListId="8c84fa94-04c1-424b-9868-57a2d4851a1d" />
    <TestEntry testId="c05c967f-2866-0632-5580-a1231205f3eb" executionId="37104aa0-f39a-46a7-815e-b59f4123b060" testListId="8c84fa94-04c1-424b-9868-57a2d4851a1d" />
    <TestEntry testId="62a6724f-f258-31ec-564e-cc368b40249d" executionId="59f55565-9efa-4c2d-b496-639e49e7fe33" testListId="8c84fa94-04c1-424b-9868-57a2d4851a1d" />
    <TestEntry testId="a31a9499-19cc-95f2-9198-acf053b62778" executionId="1c4bf98f-2f0d-4ea9-8303-f841690b969e" testListId="8c84fa94-04c1-424b-9868-57a2d4851a1d" />
    <TestEntry testId="e0c894a8-e6f8-0069-08f7-44908d54f851" executionId="ac7e682a-d95c-46f8-a557-df87625e7869" testListId="8c84fa94-04c1-424b-9868-57a2d4851a1d" />
    <TestEntry testId="0f16087e-f20f-dbce-05c3-0acc64d6c85e" executionId="c10357ce-c10e-4b67-a2f6-f259f4224c73" testListId="8c84fa94-04c1-424b-9868-57a2d4851a1d" />
    <TestEntry testId="0c9b545f-87dc-c6c5-f02f-80ee6d9be769" executionId="c85c262e-1387-49ae-b70d-bcee0f4b87d7" testListId="8c84fa94-04c1-424b-9868-57a2d4851a1d" />
    <TestEntry testId="99b4b775-1a44-ab2d-7712-aefa4b9bb40a" executionId="88acc0d7-fecb-4203-850f-805e9602677b" testListId="8c84fa94-04c1-424b-9868-57a2d4851a1d" />
    <TestEntry testId="95707c89-a61d-c492-c097-fd230f5e4ace" executionId="1083186c-42fe-48a0-b601-42c6fdc782c8" testListId="8c84fa94-04c1-424b-9868-57a2d4851a1d" />
    <TestEntry testId="3c2a8079-1660-d7f1-87cd-da6bff714f8a" executionId="041b1754-ce3d-485b-8e8a-bf1338c5454b" testListId="8c84fa94-04c1-424b-9868-57a2d4851a1d" />
    <TestEntry testId="0239e45d-0e67-0101-2935-c7e72289eab8" executionId="c7e095db-cb4a-4768-838c-5f8a7fbad4a6" testListId="8c84fa94-04c1-424b-9868-57a2d4851a1d" />
    <TestEntry testId="911efd09-0b00-2eb6-7db7-6b3c00679bca" executionId="e4a1e3cd-9676-43cf-99a9-384889619a1b" testListId="8c84fa94-04c1-424b-9868-57a2d4851a1d" />
    <TestEntry testId="af7ff17b-7921-6932-0976-af002bca6fc6" executionId="711e7bc2-55be-4012-9b64-214f27a5948f" testListId="8c84fa94-04c1-424b-9868-57a2d4851a1d" />
  </TestEntries>
  <TestLists>
    <TestList name="Results Not in a List" id="8c84fa94-04c1-424b-9868-57a2d4851a1d" />
    <TestList name="All Loaded Results" id="19431567-8539-422a-85d7-44ee4e166bda" />
  </TestLists>
  <ResultSummary outcome="Failed">
    <Counters total="669" executed="668" passed="663" failed="5" error="0" timeout="0" aborted="0" inconclusive="0" passedButRunAborted="0" notRunnable="0" notExecuted="0" disconnected="0" warning="0" completed="0" inProgress="0" pending="0" />
    <Output>
      <StdOut>Test Parallelization enabled for /home/pak/Documents/GitHub/Math-Bridge-BE/MathBridgeSystem.Test/bin/Debug/net8.0/MathBridgeSystem.Test.dll (Workers: 8, Scope: MethodLevel)
[xUnit.net 00:00:00.00] xUnit.net VSTest Adapter v3.1.5+1b188a7b0a (64-bit .NET 8.0.21)
[xUnit.net 00:00:00.15]   Discovering: MathBridgeSystem.Test
[xUnit.net 00:00:00.34]   Discovered:  MathBridgeSystem.Test
[xUnit.net 00:00:00.51]   Starting:    MathBridgeSystem.Test
[xUnit.net 00:00:01.34]       Không thể test do gọi static ContractPdfGenerator. Cần refactor service.
Test 'MathBridgeSystem.Tests.Services.ContractServiceTests.UpdateContractStatusAsync_ToActive_SendsConfirmationEmail' was skipped in the test run.
[xUnit.net 00:00:01.43]       System.Exception : Video conference session not found
[xUnit.net 00:00:01.43]       Stack Trace:
[xUnit.net 00:00:01.43]         /home/pak/Documents/GitHub/Math-Bridge-BE/MathBridgeSystem.Application/Services/VideoConferenceService.cs(79,0): at MathBridgeSystem.Application.Services.VideoConferenceService.GetVideoConferenceAsync(Guid conferenceId)
[xUnit.net 00:00:01.43]         /home/pak/Documents/GitHub/Math-Bridge-BE/MathBridgeSystem.Application/Services/VideoConferenceService.cs(70,0): at MathBridgeSystem.Application.Services.VideoConferenceService.CreateVideoConferenceAsync(CreateVideoConferenceRequest request, Guid createdByUserId)
[xUnit.net 00:00:01.43]         /home/pak/Documents/GitHub/Math-Bridge-BE/MathBridgeSystem.Test/Service/VideoConferenceServiceTests.cs(87,0): at MathBridgeSystem.Tests.Services.VideoConferenceServiceTests.CreateVideoConferenceAsync_ValidRequest_CreatesSession()
[xUnit.net 00:00:01.43]         --- End of stack trace from previous location ---
[xUnit.net 00:00:01.51]       Microsoft.VisualStudio.TestTools.UnitTesting.AssertFailedException : Expected result.ErrorMessage "Exception creating Zoom meeting: The given key was not present in the dictionary." to contain "Zoom access token is empty or not found in response".
[xUnit.net 00:00:01.51]       Stack Trace:
[xUnit.net 00:00:01.51]            at FluentAssertions.Execution.LateBoundTestFramework.Throw(String message)
[xUnit.net 00:00:01.51]            at FluentAssertions.Execution.DefaultAssertionStrategy.HandleFailure(String message)
[xUnit.net 00:00:01.51]            at FluentAssertions.Execution.AssertionScope.AddPreFormattedFailure(String formattedFailureMessage)
[xUnit.net 00:00:01.51]            at FluentAssertions.Execution.AssertionChain.FailWith(Func`1 getFailureReason)
[xUnit.net 00:00:01.51]            at FluentAssertions.Execution.AssertionChain.FailWith(Func`1 getFailureReason)
[xUnit.net 00:00:01.51]            at FluentAssertions.Execution.AssertionChain.FailWith(String message, Object[] args)
[xUnit.net 00:00:01.51]            at FluentAssertions.Primitives.StringAssertions`1.Contain(String expected, String because, Object[] becauseArgs)
[xUnit.net 00:00:01.51]         /home/pak/Documents/GitHub/Math-Bridge-BE/MathBridgeSystem.Test/Service/ZoomProviderTests.cs(151,0): at MathBridgeSystem.Tests.Services.ZoomProviderTests.GetAccessTokenAsync_ResponseMissingToken_ThrowsInvalidOperationException()
[xUnit.net 00:00:01.51]         --- End of stack trace from previous location ---
[xUnit.net 00:00:01.54]       Microsoft.VisualStudio.TestTools.UnitTesting.AssertFailedException : Expected the exception message to match the equivalent of "Updated availability conflicts with an existing time slot", but "At least one teaching mode (online or offline) must be enabled" does not.
[xUnit.net 00:00:01.54]       Stack Trace:
[xUnit.net 00:00:01.54]            at FluentAssertions.Execution.LateBoundTestFramework.Throw(String message)
[xUnit.net 00:00:01.54]            at FluentAssertions.Execution.DefaultAssertionStrategy.HandleFailure(String message)
[xUnit.net 00:00:01.54]            at FluentAssertions.Execution.AssertionScope.AddPreFormattedFailure(String formattedFailureMessage)
[xUnit.net 00:00:01.54]            at FluentAssertions.Execution.AssertionChain.FailWith(Func`1 getFailureReason)
[xUnit.net 00:00:01.54]            at FluentAssertions.Execution.AssertionChain.FailWith(Func`1 getFailureReason)
[xUnit.net 00:00:01.54]            at FluentAssertions.Execution.AssertionChain.FailWith(String message, Object[] args)
[xUnit.net 00:00:01.54]            at FluentAssertions.Specialized.ExceptionAssertions`1.AssertExceptionMessage(Action`1 messageAssertion)
[xUnit.net 00:00:01.54]            at FluentAssertions.Specialized.ExceptionAssertions`1.WithMessage(String expectedWildcardPattern, String because, Object[] becauseArgs)
[xUnit.net 00:00:01.54]            at FluentAssertions.ExceptionAssertionsExtensions.WithMessage[TException](Task`1 task, String expectedWildcardPattern, String because, Object[] becauseArgs)
[xUnit.net 00:00:01.54]         /home/pak/Documents/GitHub/Math-Bridge-BE/MathBridgeSystem.Test/Service/TutorScheduleServiceTests.cs(210,0): at MathBridgeSystem.Tests.Services.TutorScheduleServiceTests.UpdateAvailabilityAsync_HasConflict_ThrowsException()
[xUnit.net 00:00:01.54]         --- End of stack trace from previous location ---
[xUnit.net 00:00:01.60]       Microsoft.VisualStudio.TestTools.UnitTesting.AssertFailedException : Expected result[0].TotalAvailableSlots to be 2, but found 0 (difference of -2).
[xUnit.net 00:00:01.60]       Stack Trace:
[xUnit.net 00:00:01.60]            at FluentAssertions.Execution.LateBoundTestFramework.Throw(String message)
[xUnit.net 00:00:01.60]            at FluentAssertions.Execution.DefaultAssertionStrategy.HandleFailure(String message)
[xUnit.net 00:00:01.60]            at FluentAssertions.Execution.AssertionScope.AddPreFormattedFailure(String formattedFailureMessage)
[xUnit.net 00:00:01.60]            at FluentAssertions.Execution.AssertionChain.FailWith(Func`1 getFailureReason)
[xUnit.net 00:00:01.60]            at FluentAssertions.Execution.AssertionChain.FailWith(Func`1 getFailureReason)
[xUnit.net 00:00:01.60]            at FluentAssertions.Execution.AssertionChain.FailWith(String message, Object[] args)
[xUnit.net 00:00:01.60]            at FluentAssertions.Numeric.NumericAssertionsBase`3.Be(T expected, String because, Object[] becauseArgs)
[xUnit.net 00:00:01.60]         /home/pak/Documents/GitHub/Math-Bridge-BE/MathBridgeSystem.Test/Service/TutorScheduleServiceTests.cs(342,0): at MathBridgeSystem.Tests.Services.TutorScheduleServiceTests.SearchAvailableTutorsAsync_ValidRequest_ReturnsGroupedAndPagedResults()
[xUnit.net 00:00:01.60]         --- End of stack trace from previous location ---
[xUnit.net 00:00:03.61]       Microsoft.VisualStudio.TestTools.UnitTesting.AssertFailedException : Expected result to be "fake-jwt-token", but found MathBridgeSystem.Application.DTOs.LoginResponse
[xUnit.net 00:00:03.61]       {
[xUnit.net 00:00:03.61]           Role = "parent",
[xUnit.net 00:00:03.61]           RoleId = 0,
[xUnit.net 00:00:03.61]           Token = "fake-jwt-token",
[xUnit.net 00:00:03.61]           UserId = {da90352d-ebd4-4d33-aedc-9bbeeb675ec7}
[xUnit.net 00:00:03.61]       }.
[xUnit.net 00:00:03.61]       Stack Trace:
[xUnit.net 00:00:03.61]            at FluentAssertions.Execution.LateBoundTestFramework.Throw(String message)
[xUnit.net 00:00:03.62]            at FluentAssertions.Execution.DefaultAssertionStrategy.HandleFailure(String message)
[xUnit.net 00:00:03.62]            at FluentAssertions.Execution.AssertionScope.AddPreFormattedFailure(String formattedFailureMessage)
[xUnit.net 00:00:03.62]            at FluentAssertions.Execution.AssertionChain.FailWith(Func`1 getFailureReason)
[xUnit.net 00:00:03.62]            at FluentAssertions.Execution.AssertionChain.FailWith(Func`1 getFailureReason)
[xUnit.net 00:00:03.62]            at FluentAssertions.Execution.AssertionChain.FailWith(String message, Object[] args)
[xUnit.net 00:00:03.62]            at FluentAssertions.Primitives.ObjectAssertions`2.Be(TSubject expected, String because, Object[] becauseArgs)
[xUnit.net 00:00:03.62]         /home/pak/Documents/GitHub/Math-Bridge-BE/MathBridgeSystem.Test/Service/AuthServiceTests.cs(297,0): at MathBridgeSystem.Tests.Services.AuthServiceTests.GoogleLoginAsync_ExistingUser_UpdatesAndReturnsToken()
[xUnit.net 00:00:03.62]         --- End of stack trace from previous location ---
[xUnit.net 00:00:04.88]   Finished:    MathBridgeSystem.Test
</StdOut>
    </Output>
    <RunInfos>
      <RunInfo computerName="Precision-7510" outcome="Warning" timestamp="2025-11-15T01:31:54.7878126+07:00">
        <Text>[xUnit.net 00:00:01.34]     MathBridgeSystem.Tests.Services.ContractServiceTests.UpdateContractStatusAsync_ToActive_SendsConfirmationEmail [SKIP]</Text>
      </RunInfo>
      <RunInfo computerName="Precision-7510" outcome="Error" timestamp="2025-11-15T01:31:54.8287566+07:00">
        <Text>[xUnit.net 00:00:01.42]     MathBridgeSystem.Tests.Services.VideoConferenceServiceTests.CreateVideoConferenceAsync_ValidRequest_CreatesSession [FAIL]</Text>
      </RunInfo>
      <RunInfo computerName="Precision-7510" outcome="Error" timestamp="2025-11-15T01:31:54.8728945+07:00">
        <Text>[xUnit.net 00:00:01.51]     MathBridgeSystem.Tests.Services.ZoomProviderTests.GetAccessTokenAsync_ResponseMissingToken_ThrowsInvalidOperationException [FAIL]</Text>
      </RunInfo>
      <RunInfo computerName="Precision-7510" outcome="Error" timestamp="2025-11-15T01:31:54.9107427+07:00">
        <Text>[xUnit.net 00:00:01.54]     MathBridgeSystem.Tests.Services.TutorScheduleServiceTests.UpdateAvailabilityAsync_HasConflict_ThrowsException [FAIL]</Text>
      </RunInfo>
      <RunInfo computerName="Precision-7510" outcome="Error" timestamp="2025-11-15T01:31:54.9661421+07:00">
        <Text>[xUnit.net 00:00:01.60]     MathBridgeSystem.Tests.Services.TutorScheduleServiceTests.SearchAvailableTutorsAsync_ValidRequest_ReturnsGroupedAndPagedResults [FAIL]</Text>
      </RunInfo>
      <RunInfo computerName="Precision-7510" outcome="Error" timestamp="2025-11-15T01:31:56.9749657+07:00">
        <Text>[xUnit.net 00:00:03.61]     MathBridgeSystem.Tests.Services.AuthServiceTests.GoogleLoginAsync_ExistingUser_UpdatesAndReturnsToken [FAIL]</Text>
      </RunInfo>
    </RunInfos>
  </ResultSummary>
</TestRun>