<?xml version="1.0" encoding="utf-8"?>
<TestRun id="309ae1c6-3d8e-4e0b-8f59-fd40c01032a0" name="@Precision-7510 2025-11-15 00:12:29" xmlns="http://microsoft.com/schemas/VisualStudio/TeamTest/2010">
  <Times creation="2025-11-15T00:12:30.0172310+07:00" queuing="2025-11-15T00:12:30.0172311+07:00" start="2025-11-15T00:12:28.2388056+07:00" finish="2025-11-15T00:12:34.0601415+07:00" />
  <TestSettings name="default" id="60af965a-56e8-4fb8-a65e-5caaf5f8d6d0">
    <Deployment runDeploymentRoot="_Precision-7510_2025-11-15_00_12_29" />
  </TestSettings>
  <Results>
    <UnitTestResult executionId="80c6aaeb-5bfd-4718-9a7c-9f7930b24cda" testId="0b1df957-b461-f388-8500-4981752f0ba9" testName="MathBridgeSystem.Tests.Controllers.RoleControllerTests.DeleteRole_RoleNotFound_ReturnsNotFound" computerName="Precision-7510" duration="00:00:00.0153043" startTime="2025-11-15T00:12:30.9380497+07:00" endTime="2025-11-15T00:12:30.9534373+07:00" testType="13cdc9d9-ddb5-4fa4-a97d-d965ccfc6d4b" outcome="Passed" testListId="8c84fa94-04c1-424b-9868-57a2d4851a1d" relativeResultsDirectory="80c6aaeb-5bfd-4718-9a7c-9f7930b24cda" />
    <UnitTestResult executionId="059aa153-3053-4be9-b206-62cca7a6dcbc" testId="c9405ff6-aeda-aa2d-e07c-57e974eb55a4" testName="MathBridgeSystem.Tests.Controllers.AdminControllerTests.UpdateUserStatus_ValidRequest_ReturnsOkResult" computerName="Precision-7510" duration="00:00:00.0065013" startTime="2025-11-15T00:12:30.8181038+07:00" endTime="2025-11-15T00:12:30.8229206+07:00" testType="13cdc9d9-ddb5-4fa4-a97d-d965ccfc6d4b" outcome="Passed" testListId="8c84fa94-04c1-424b-9868-57a2d4851a1d" relativeResultsDirectory="059aa153-3053-4be9-b206-62cca7a6dcbc" />
    <UnitTestResult executionId="a2fe0ded-69e8-4762-8e5f-392e60195d99" testId="784e8dcc-ce83-923e-701e-525248156269" testName="MathBridgeSystem.Tests.Services.SessionServiceTests.GetSessionByIdAsync_SessionNotFound_ReturnsNull" computerName="Precision-7510" duration="00:00:00.0044060" startTime="2025-11-15T00:12:29.9377096+07:00" endTime="2025-11-15T00:12:29.9407544+07:00" testType="13cdc9d9-ddb5-4fa4-a97d-d965ccfc6d4b" outcome="Passed" testListId="8c84fa94-04c1-424b-9868-57a2d4851a1d" relativeResultsDirectory="a2fe0ded-69e8-4762-8e5f-392e60195d99" />
    <UnitTestResult executionId="4ce59204-5da1-4839-a5b9-a69257a4460d" testId="9e171857-a41c-bd97-5f76-4b60eedc9863" testName="MathBridgeSystem.Tests.Services.VideoConferenceServiceTests.GetVideoConferencesByContractAsync_SessionsFound_ReturnsDtoList" computerName="Precision-7510" duration="00:00:00.0160971" startTime="2025-11-15T00:12:31.0626965+07:00" endTime="2025-11-15T00:12:31.0686820+07:00" testType="13cdc9d9-ddb5-4fa4-a97d-d965ccfc6d4b" outcome="Passed" testListId="8c84fa94-04c1-424b-9868-57a2d4851a1d" relativeResultsDirectory="4ce59204-5da1-4839-a5b9-a69257a4460d" />
    <UnitTestResult executionId="bb0997ea-e414-4ffa-8e12-b3d9c9bc1688" testId="2b353961-4216-9201-5527-311efe3dfece" testName="MathBridgeSystem.Tests.EdgeCases.ValidationEdgeCasesTests.Name_WithSpecialCharacters_ShouldBeHandled(name: &quot;Test &amp; Sons&quot;)" computerName="Precision-7510" duration="00:00:00.0002159" startTime="2025-11-15T00:12:31.0211671+07:00" endTime="2025-11-15T00:12:31.0212994+07:00" testType="13cdc9d9-ddb5-4fa4-a97d-d965ccfc6d4b" outcome="Passed" testListId="8c84fa94-04c1-424b-9868-57a2d4851a1d" relativeResultsDirectory="bb0997ea-e414-4ffa-8e12-b3d9c9bc1688" />
    <UnitTestResult executionId="1bf2c920-3f7c-4850-8171-3da9b36bcaeb" testId="1be6d40a-f89b-7ec6-be46-a49a4825e724" testName="MathBridgeSystem.Tests.Services.WalletTransactionServiceTests.CreateTransactionAsync_ShouldThrowArgumentException_WhenParentNotExists" computerName="Precision-7510" duration="00:00:00.0104942" startTime="2025-11-15T00:12:30.2952264+07:00" endTime="2025-11-15T00:12:30.3037326+07:00" testType="13cdc9d9-ddb5-4fa4-a97d-d965ccfc6d4b" outcome="Passed" testListId="8c84fa94-04c1-424b-9868-57a2d4851a1d" relativeResultsDirectory="1bf2c920-3f7c-4850-8171-3da9b36bcaeb" />
    <UnitTestResult executionId="e604e385-259e-41cf-9363-14d9341ae204" testId="001c29d5-7a05-2730-afe5-9791fddbf5b0" testName="MathBridgeSystem.Tests.Services.ContractServiceTests.GetContractsByParentAsync_ReturnsDtoList" computerName="Precision-7510" duration="00:00:00.0028354" startTime="2025-11-15T00:12:30.6013746+07:00" endTime="2025-11-15T00:12:30.6022036+07:00" testType="13cdc9d9-ddb5-4fa4-a97d-d965ccfc6d4b" outcome="Passed" testListId="8c84fa94-04c1-424b-9868-57a2d4851a1d" relativeResultsDirectory="e604e385-259e-41cf-9363-14d9341ae204" />
    <UnitTestResult executionId="17c2796a-81ff-4f4b-afb0-b43970befa87" testId="41c310d2-7aad-cbc6-f2ed-6e5310f6a596" testName="MathBridgeSystem.Tests.Services.SePayServiceTests.ProcessWebhookAsync_ContractPayment_Valid_UpdatesContractStatus" computerName="Precision-7510" duration="00:00:00.0268947" startTime="2025-11-15T00:12:30.5214510+07:00" endTime="2025-11-15T00:12:30.5519693+07:00" testType="13cdc9d9-ddb5-4fa4-a97d-d965ccfc6d4b" outcome="Passed" testListId="8c84fa94-04c1-424b-9868-57a2d4851a1d" relativeResultsDirectory="17c2796a-81ff-4f4b-afb0-b43970befa87" />
    <UnitTestResult executionId="f4583529-4e40-4d6c-9e97-080e424b1dff" testId="25926bfc-de35-7531-4b15-668aa71317ad" testName="MathBridgeSystem.Tests.Services.VideoConferenceServiceTests.GetVideoConferenceAsync_SessionNotFound_ThrowsException" computerName="Precision-7510" duration="00:00:00.0088401" startTime="2025-11-15T00:12:30.9543930+07:00" endTime="2025-11-15T00:12:30.9629855+07:00" testType="13cdc9d9-ddb5-4fa4-a97d-d965ccfc6d4b" outcome="Passed" testListId="8c84fa94-04c1-424b-9868-57a2d4851a1d" relativeResultsDirectory="f4583529-4e40-4d6c-9e97-080e424b1dff" />
    <UnitTestResult executionId="7abd5547-1e56-4f9c-a4fc-72c709836575" testId="21b5d6cc-77fc-f43c-d1eb-86b91ebca81d" testName="MathBridgeSystem.Tests.Services.PackageServiceTests.DeletePackageAsync_ValidId_DeletesPackage" computerName="Precision-7510" duration="00:00:00.0052952" startTime="2025-11-15T00:12:30.2340567+07:00" endTime="2025-11-15T00:12:30.2382537+07:00" testType="13cdc9d9-ddb5-4fa4-a97d-d965ccfc6d4b" outcome="Passed" testListId="8c84fa94-04c1-424b-9868-57a2d4851a1d" relativeResultsDirectory="7abd5547-1e56-4f9c-a4fc-72c709836575" />
    <UnitTestResult executionId="ebf8a0b1-0bf1-4161-93c5-3a832511d0ee" testId="1648772a-9b2f-44f1-6565-9ff762ca2c65" testName="MathBridgeSystem.Tests.Services.VideoConferenceServiceTests.GetVideoConferencesByBookingAsync_SessionsFound_ReturnsDtoList" computerName="Precision-7510" duration="00:00:00.0080815" startTime="2025-11-15T00:12:31.0431974+07:00" endTime="2025-11-15T00:12:31.0607404+07:00" testType="13cdc9d9-ddb5-4fa4-a97d-d965ccfc6d4b" outcome="Passed" testListId="8c84fa94-04c1-424b-9868-57a2d4851a1d" relativeResultsDirectory="ebf8a0b1-0bf1-4161-93c5-3a832511d0ee" />
    <UnitTestResult executionId="3cb0ea34-ed4e-43d5-a2dc-d00c74675017" testId="33642bb3-eec0-8541-06c7-fb9f020c0743" testName="MathBridgeSystem.Tests.Services.SessionServiceTests.GetSessionByBookingIdAsync_AsTutorNotOwner_ReturnsNull" computerName="Precision-7510" duration="00:00:00.1312102" startTime="2025-11-15T00:12:29.6452827+07:00" endTime="2025-11-15T00:12:29.7900454+07:00" testType="13cdc9d9-ddb5-4fa4-a97d-d965ccfc6d4b" outcome="Passed" testListId="8c84fa94-04c1-424b-9868-57a2d4851a1d" relativeResultsDirectory="3cb0ea34-ed4e-43d5-a2dc-d00c74675017" />
    <UnitTestResult executionId="ab74a539-6c47-4704-b9d2-25a2b3c68737" testId="fa073e3e-48a6-c54d-f0f7-2e3574efecba" testName="MathBridgeSystem.Tests.Services.CurriculumServiceTests.CreateCurriculumAsync_MissingName_ThrowsArgumentException" computerName="Precision-7510" duration="00:00:00.0024424" startTime="2025-11-15T00:12:30.8666229+07:00" endTime="2025-11-15T00:12:30.8684990+07:00" testType="13cdc9d9-ddb5-4fa4-a97d-d965ccfc6d4b" outcome="Passed" testListId="8c84fa94-04c1-424b-9868-57a2d4851a1d" relativeResultsDirectory="ab74a539-6c47-4704-b9d2-25a2b3c68737" />
    <UnitTestResult executionId="0daa5f5d-e54d-4e78-928d-84df4d3dcd8b" testId="6b58fe0d-974a-0144-ed90-14eb5660ca30" testName="MathBridgeSystem.Tests.EdgeCases.ValidationEdgeCasesTests.Email_CaseInsensitive_ShouldBeEqual(email1: &quot;test@example.com&quot;, email2: &quot;TEST@EXAMPLE.COM&quot;)" computerName="Precision-7510" duration="00:00:00.0002766" startTime="2025-11-15T00:12:31.0030104+07:00" endTime="2025-11-15T00:12:31.0035446+07:00" testType="13cdc9d9-ddb5-4fa4-a97d-d965ccfc6d4b" outcome="Passed" testListId="8c84fa94-04c1-424b-9868-57a2d4851a1d" relativeResultsDirectory="0daa5f5d-e54d-4e78-928d-84df4d3dcd8b" />
    <UnitTestResult executionId="d11e8771-e43f-43d5-ab19-70420aff539c" testId="07be2996-1f5d-d90f-eb89-31120a65be49" testName="MathBridgeSystem.Tests.Services.LocationServiceTests.GetAddressAutocompleteAsync_GoogleMapsServiceThrowsException_ReturnsFailure" computerName="Precision-7510" duration="00:00:00.0024608" startTime="2025-11-15T00:12:29.9626061+07:00" endTime="2025-11-15T00:12:29.9627774+07:00" testType="13cdc9d9-ddb5-4fa4-a97d-d965ccfc6d4b" outcome="Passed" testListId="8c84fa94-04c1-424b-9868-57a2d4851a1d" relativeResultsDirectory="d11e8771-e43f-43d5-ab19-70420aff539c" />
    <UnitTestResult executionId="c8856cc3-6ae1-48b0-b29e-c89a13560941" testId="e043b09f-9ca8-cec7-902f-770fa7343779" testName="MathBridgeSystem.Tests.Controllers.NotificationControllerTests.GetUnreadCount_NoUnreadNotifications_ReturnsZero" computerName="Precision-7510" duration="00:00:00.0082693" startTime="2025-11-15T00:12:30.8949866+07:00" endTime="2025-11-15T00:12:30.9041555+07:00" testType="13cdc9d9-ddb5-4fa4-a97d-d965ccfc6d4b" outcome="Passed" testListId="8c84fa94-04c1-424b-9868-57a2d4851a1d" relativeResultsDirectory="c8856cc3-6ae1-48b0-b29e-c89a13560941" />
    <UnitTestResult executionId="85b74cf7-060f-4077-a6dc-2dd2f1478946" testId="e16edee9-59e3-0c04-9cd2-bcb54a215547" testName="MathBridgeSystem.Tests.Services.ChildServiceTests.RestoreChildAsync_AlreadyActive_ThrowsException" computerName="Precision-7510" duration="00:00:00.0064396" startTime="2025-11-15T00:12:30.5360611+07:00" endTime="2025-11-15T00:12:30.5451361+07:00" testType="13cdc9d9-ddb5-4fa4-a97d-d965ccfc6d4b" outcome="Passed" testListId="8c84fa94-04c1-424b-9868-57a2d4851a1d" relativeResultsDirectory="85b74cf7-060f-4077-a6dc-2dd2f1478946" />
    <UnitTestResult executionId="35b9a912-5f04-4eed-9016-41a4632d02f9" testId="bef690dc-f8ee-f8b6-fbc7-e22196153f57" testName="MathBridgeSystem.Tests.Services.CurriculumServiceTests.GetAllCurriculaAsync_NoCurricula_ReturnsEmptyList" computerName="Precision-7510" duration="00:00:00.0016028" startTime="2025-11-15T00:12:30.8753974+07:00" endTime="2025-11-15T00:12:30.8757005+07:00" testType="13cdc9d9-ddb5-4fa4-a97d-d965ccfc6d4b" outcome="Passed" testListId="8c84fa94-04c1-424b-9868-57a2d4851a1d" relativeResultsDirectory="35b9a912-5f04-4eed-9016-41a4632d02f9" />
    <UnitTestResult executionId="d7df4c87-53e1-4487-b74e-615b4c4730a9" testId="5b9d90cb-3b01-c47b-4152-44a33b324fad" testName="MathBridgeSystem.Tests.Services.CurriculumServiceTests.DeleteCurriculumAsync_CurriculumNotFound_ThrowsKeyNotFoundException" computerName="Precision-7510" duration="00:00:00.0063604" startTime="2025-11-15T00:12:30.7784407+07:00" endTime="2025-11-15T00:12:30.7852562+07:00" testType="13cdc9d9-ddb5-4fa4-a97d-d965ccfc6d4b" outcome="Passed" testListId="8c84fa94-04c1-424b-9868-57a2d4851a1d" relativeResultsDirectory="d7df4c87-53e1-4487-b74e-615b4c4730a9" />
    <UnitTestResult executionId="463d1d27-bf76-40dd-b8b3-628efbc592b2" testId="a1a76631-644d-9ff1-2cf0-a59c2ccf0f77" testName="MathBridgeSystem.Tests.Services.UserServiceTests.AdminCreateUserAsync_RoleNotExists_ThrowsException" computerName="Precision-7510" duration="00:00:00.0056366" startTime="2025-11-15T00:12:29.9438077+07:00" endTime="2025-11-15T00:12:29.9445573+07:00" testType="13cdc9d9-ddb5-4fa4-a97d-d965ccfc6d4b" outcome="Passed" testListId="8c84fa94-04c1-424b-9868-57a2d4851a1d" relativeResultsDirectory="463d1d27-bf76-40dd-b8b3-628efbc592b2" />
    <UnitTestResult executionId="2eb0c834-7d95-4679-bab9-fcca189cd15c" testId="6c821769-93cf-d4c5-9465-58c14c55fc13" testName="MathBridgeSystem.Tests.Services.CenterServiceTests.GetCentersWithTutorsAsync_ReturnsListWithTutors" computerName="Precision-7510" duration="00:00:00.0173824" startTime="2025-11-15T00:12:30.5288305+07:00" endTime="2025-11-15T00:12:30.5456589+07:00" testType="13cdc9d9-ddb5-4fa4-a97d-d965ccfc6d4b" outcome="Passed" testListId="8c84fa94-04c1-424b-9868-57a2d4851a1d" relativeResultsDirectory="2eb0c834-7d95-4679-bab9-fcca189cd15c" />
    <UnitTestResult executionId="dadbc159-e528-4643-b922-d14521b29c2b" testId="b86c3db8-4854-8819-6bb9-f396a1b4a64c" testName="MathBridgeSystem.Tests.Services.SessionReminderServiceTests.CheckAndSendRemindersAsync_BothSessionTypesFound_CreatesAllNotifications" computerName="Precision-7510" duration="00:00:00.0095701" startTime="2025-11-15T00:12:31.0717515+07:00" endTime="2025-11-15T00:12:31.0810819+07:00" testType="13cdc9d9-ddb5-4fa4-a97d-d965ccfc6d4b" outcome="Passed" testListId="8c84fa94-04c1-424b-9868-57a2d4851a1d" relativeResultsDirectory="dadbc159-e528-4643-b922-d14521b29c2b" />
    <UnitTestResult executionId="cf1835a6-78a7-4862-b737-49b60b538e58" testId="86c25d69-10a1-40e0-42de-12a775875a03" testName="MathBridgeSystem.Tests.Services.SessionServiceTests.UpdateSessionStatusAsync_ValidChangeToCancelled_UpdatesStatusAndReturnsTrue" computerName="Precision-7510" duration="00:00:00.0037467" startTime="2025-11-15T00:12:29.9641963+07:00" endTime="2025-11-15T00:12:29.9730220+07:00" testType="13cdc9d9-ddb5-4fa4-a97d-d965ccfc6d4b" outcome="Passed" testListId="8c84fa94-04c1-424b-9868-57a2d4851a1d" relativeResultsDirectory="cf1835a6-78a7-4862-b737-49b60b538e58" />
    <UnitTestResult executionId="b6b191ba-ff70-47f5-ace2-99dddf145113" testId="fac974ca-3ca5-5549-f623-6b53fa5ec917" testName="MathBridgeSystem.Tests.EdgeCases.ValidationEdgeCasesTests.Name_WithSpecialCharacters_ShouldBeHandled(name: &quot;Test \&quot;quoted\&quot; name&quot;)" computerName="Precision-7510" duration="00:00:00.0000113" startTime="2025-11-15T00:12:31.0215624+07:00" endTime="2025-11-15T00:12:31.0216950+07:00" testType="13cdc9d9-ddb5-4fa4-a97d-d965ccfc6d4b" outcome="Passed" testListId="8c84fa94-04c1-424b-9868-57a2d4851a1d" relativeResultsDirectory="b6b191ba-ff70-47f5-ace2-99dddf145113" />
    <UnitTestResult executionId="a30f3f0e-52fd-45be-b629-4b1398859ca1" testId="15fcc622-7134-ca39-a8d3-60674d6b51d7" testName="MathBridgeSystem.Tests.Controllers.PackageControllerTests.GetActivePackageById_ExistingActivePackage_ReturnsOkWithPackage" computerName="Precision-7510" duration="00:00:00.0055048" startTime="2025-11-15T00:12:29.9270031+07:00" endTime="2025-11-15T00:12:29.9282147+07:00" testType="13cdc9d9-ddb5-4fa4-a97d-d965ccfc6d4b" outcome="Passed" testListId="8c84fa94-04c1-424b-9868-57a2d4851a1d" relativeResultsDirectory="a30f3f0e-52fd-45be-b629-4b1398859ca1" />
    <UnitTestResult executionId="1e836239-ae26-46cc-8a87-bbaabccdf4fe" testId="3d1f8c96-fefd-0424-e402-e2e0750bdcd0" testName="MathBridgeSystem.Tests.Services.SessionServiceTests.UpdateSessionTutorAsync_SessionNotFound_ThrowsKeyNotFoundException" computerName="Precision-7510" duration="00:00:00.0351768" startTime="2025-11-15T00:12:29.9022653+07:00" endTime="2025-11-15T00:12:29.9227813+07:00" testType="13cdc9d9-ddb5-4fa4-a97d-d965ccfc6d4b" outcome="Passed" testListId="8c84fa94-04c1-424b-9868-57a2d4851a1d" relativeResultsDirectory="1e836239-ae26-46cc-8a87-bbaabccdf4fe" />
    <UnitTestResult executionId="ce6f40c4-c622-40cf-8705-893929795ecc" testId="95fd6a0e-0bba-6e7c-78ed-03dea0a39b24" testName="MathBridgeSystem.Tests.Services.CurriculumServiceTests.DeactivateCurriculumAsync_CurriculumNotFound_ThrowsKeyNotFoundException" computerName="Precision-7510" duration="00:00:00.0068241" startTime="2025-11-15T00:12:30.8581339+07:00" endTime="2025-11-15T00:12:30.8631113+07:00" testType="13cdc9d9-ddb5-4fa4-a97d-d965ccfc6d4b" outcome="Passed" testListId="8c84fa94-04c1-424b-9868-57a2d4851a1d" relativeResultsDirectory="ce6f40c4-c622-40cf-8705-893929795ecc" />
    <UnitTestResult executionId="93e796ea-e798-4ff0-8ff9-7bd53d763334" testId="b75339af-454e-5587-dbe0-e58be78d60bd" testName="MathBridgeSystem.Tests.Services.PackageServiceTests.CreatePackageAsync_ZeroPrice_ThrowsArgumentException" computerName="Precision-7510" duration="00:00:00.0019719" startTime="2025-11-15T00:12:30.2385778+07:00" endTime="2025-11-15T00:12:30.2414150+07:00" testType="13cdc9d9-ddb5-4fa4-a97d-d965ccfc6d4b" outcome="Passed" testListId="8c84fa94-04c1-424b-9868-57a2d4851a1d" relativeResultsDirectory="93e796ea-e798-4ff0-8ff9-7bd53d763334" />
    <UnitTestResult executionId="82982bb6-88ec-4588-bf96-1680c5c98e32" testId="a119f19c-7b97-3c81-51e6-46429dd3442d" testName="MathBridgeSystem.Tests.Services.TutorVerificationServiceTests.GetVerificationByIdAsync_Found_ReturnsDto" computerName="Precision-7510" duration="00:00:00.0035374" startTime="2025-11-15T00:12:30.7846580+07:00" endTime="2025-11-15T00:12:30.7862544+07:00" testType="13cdc9d9-ddb5-4fa4-a97d-d965ccfc6d4b" outcome="Passed" testListId="8c84fa94-04c1-424b-9868-57a2d4851a1d" relativeResultsDirectory="82982bb6-88ec-4588-bf96-1680c5c98e32" />
    <UnitTestResult executionId="9fea2e05-c5f8-408c-b4c3-7a059456bd46" testId="2f30e03d-360e-dafa-3d2e-6732c15bdd4e" testName="MathBridgeSystem.Tests.Services.SePayServiceTests.ExtractOrderReference_VariousContent_ReturnsCorrectReferenceOrNull(content: &quot;MB1234&quot;, expected: &quot;MB1234&quot;)" computerName="Precision-7510" duration="00:00:00.0003257" startTime="2025-11-15T00:12:30.4714560+07:00" endTime="2025-11-15T00:12:30.4716045+07:00" testType="13cdc9d9-ddb5-4fa4-a97d-d965ccfc6d4b" outcome="Passed" testListId="8c84fa94-04c1-424b-9868-57a2d4851a1d" relativeResultsDirectory="9fea2e05-c5f8-408c-b4c3-7a059456bd46" />
    <UnitTestResult executionId="4c980291-ac82-4547-be24-3f134c47be7e" testId="c7b6e302-6438-b74d-89ef-df6c7e8277ab" testName="MathBridgeSystem.Tests.Services.AuthServiceTests.RegisterAsync_ExistingEmail_ThrowsException" computerName="Precision-7510" duration="00:00:00.0021729" startTime="2025-11-15T00:12:32.2958057+07:00" endTime="2025-11-15T00:12:32.2975233+07:00" testType="13cdc9d9-ddb5-4fa4-a97d-d965ccfc6d4b" outcome="Passed" testListId="8c84fa94-04c1-424b-9868-57a2d4851a1d" relativeResultsDirectory="4c980291-ac82-4547-be24-3f134c47be7e" />
    <UnitTestResult executionId="731af980-d3f5-486e-989e-bc67580960fd" testId="dc2bd048-50c1-a3fa-679f-d4e42e21a31f" testName="MathBridgeSystem.Tests.Services.UserServiceTests.DeductWalletAsync_ParentNotFound_ThrowsException" computerName="Precision-7510" duration="00:00:00.0054190" startTime="2025-11-15T00:12:29.9275590+07:00" endTime="2025-11-15T00:12:29.9317051+07:00" testType="13cdc9d9-ddb5-4fa4-a97d-d965ccfc6d4b" outcome="Passed" testListId="8c84fa94-04c1-424b-9868-57a2d4851a1d" relativeResultsDirectory="731af980-d3f5-486e-989e-bc67580960fd" />
    <UnitTestResult executionId="16b24c92-5aa8-4c5a-bf63-ae393faa2b1f" testId="0cb57188-a51e-540e-bf6f-f86ff17a7ff4" testName="MathBridgeSystem.Tests.Controllers.StatisticsControllerTests.GetUserStatistics_ServiceThrowsException_ReturnsInternalServerError" computerName="Precision-7510" duration="00:00:00.0223083" startTime="2025-11-15T00:12:30.4740074+07:00" endTime="2025-11-15T00:12:30.4813898+07:00" testType="13cdc9d9-ddb5-4fa4-a97d-d965ccfc6d4b" outcome="Passed" testListId="8c84fa94-04c1-424b-9868-57a2d4851a1d" relativeResultsDirectory="16b24c92-5aa8-4c5a-bf63-ae393faa2b1f" />
    <UnitTestResult executionId="15203f87-15a9-4934-96f4-5fc8325aef20" testId="8875fbb8-88aa-def8-deec-d98247a778d5" testName="MathBridgeSystem.Tests.EdgeCases.ValidationEdgeCasesTests.RegisterRequest_EmptyOrWhitespaceEmail_ShouldBeInvalid(email: &quot;&quot;)" computerName="Precision-7510" duration="00:00:00.0001798" startTime="2025-11-15T00:12:31.0591133+07:00" endTime="2025-11-15T00:12:31.0592678+07:00" testType="13cdc9d9-ddb5-4fa4-a97d-d965ccfc6d4b" outcome="Passed" testListId="8c84fa94-04c1-424b-9868-57a2d4851a1d" relativeResultsDirectory="15203f87-15a9-4934-96f4-5fc8325aef20" />
    <UnitTestResult executionId="d664bbe2-6ab4-4d5b-be64-e1436706b4f9" testId="280bbcd4-45bd-109f-2fbc-1fe66bba2a13" testName="MathBridgeSystem.Tests.Services.CenterServiceTests.CreateCenterAsync_GoogleMapsFails_ThrowsException" computerName="Precision-7510" duration="00:00:00.4041967" startTime="2025-11-15T00:12:30.0503881+07:00" endTime="2025-11-15T00:12:30.4582114+07:00" testType="13cdc9d9-ddb5-4fa4-a97d-d965ccfc6d4b" outcome="Passed" testListId="8c84fa94-04c1-424b-9868-57a2d4851a1d" relativeResultsDirectory="d664bbe2-6ab4-4d5b-be64-e1436706b4f9" />
    <UnitTestResult executionId="d86b64b9-2b37-45be-8e78-bffb00b99d14" testId="85e144b4-1d2a-faff-e47d-6ef479898f9e" testName="MathBridgeSystem.Tests.Services.VideoConferenceServiceTests.GetVideoConferencesByBookingAsync_NoSessions_ReturnsEmptyList" computerName="Precision-7510" duration="00:00:00.1192014" startTime="2025-11-15T00:12:30.8409452+07:00" endTime="2025-11-15T00:12:30.9540401+07:00" testType="13cdc9d9-ddb5-4fa4-a97d-d965ccfc6d4b" outcome="Passed" testListId="8c84fa94-04c1-424b-9868-57a2d4851a1d" relativeResultsDirectory="d86b64b9-2b37-45be-8e78-bffb00b99d14" />
    <UnitTestResult executionId="42bfdeac-6218-453a-9da5-0e84f06f3da5" testId="24ea37ec-d8d5-6976-d01a-abaf3d8b4b1a" testName="MathBridgeSystem.Tests.Services.StatisticsServiceTests.GetUserStatisticsAsync_ShouldReturnCorrectStatistics" computerName="Precision-7510" duration="00:00:00.0187063" startTime="2025-11-15T00:12:30.2722949+07:00" endTime="2025-11-15T00:12:30.2891929+07:00" testType="13cdc9d9-ddb5-4fa4-a97d-d965ccfc6d4b" outcome="Passed" testListId="8c84fa94-04c1-424b-9868-57a2d4851a1d" relativeResultsDirectory="42bfdeac-6218-453a-9da5-0e84f06f3da5" />
    <UnitTestResult executionId="00a71974-f1be-4c2c-b829-e1078252e958" testId="a28d1baa-cf36-84c0-91f3-3410e720850a" testName="MathBridgeSystem.Tests.Services.NotificationServiceTests.MarkAllAsReadAsync_CallsRepository" computerName="Precision-7510" duration="00:00:00.0076504" startTime="2025-11-15T00:12:30.5258917+07:00" endTime="2025-11-15T00:12:30.5328763+07:00" testType="13cdc9d9-ddb5-4fa4-a97d-d965ccfc6d4b" outcome="Passed" testListId="8c84fa94-04c1-424b-9868-57a2d4851a1d" relativeResultsDirectory="00a71974-f1be-4c2c-b829-e1078252e958" />
    <UnitTestResult executionId="23038b09-8960-4879-bf1e-42db09dc9389" testId="96261c79-c049-baf4-dfff-7efd7fa88614" testName="MathBridgeSystem.Tests.Services.ChildServiceTests.UpdateChildAsync_ValidRequest_UpdatesChild" computerName="Precision-7510" duration="00:00:00.0043150" startTime="2025-11-15T00:12:30.6521945+07:00" endTime="2025-11-15T00:12:30.6592914+07:00" testType="13cdc9d9-ddb5-4fa4-a97d-d965ccfc6d4b" outcome="Passed" testListId="8c84fa94-04c1-424b-9868-57a2d4851a1d" relativeResultsDirectory="23038b09-8960-4879-bf1e-42db09dc9389" />
    <UnitTestResult executionId="f90e68a3-7246-4ee9-856d-9b2059c52de9" testId="96a9dc43-21d1-754b-8895-3f221c6e4cec" testName="MathBridgeSystem.Tests.Controllers.AuthControllerTests.VerifyEmailGet_EmptyOobCode_ReturnsBadRequest" computerName="Precision-7510" duration="00:00:00.0053948" startTime="2025-11-15T00:12:30.3302949+07:00" endTime="2025-11-15T00:12:30.3339828+07:00" testType="13cdc9d9-ddb5-4fa4-a97d-d965ccfc6d4b" outcome="Passed" testListId="8c84fa94-04c1-424b-9868-57a2d4851a1d" relativeResultsDirectory="f90e68a3-7246-4ee9-856d-9b2059c52de9" />
    <UnitTestResult executionId="6e42a5d6-c3dd-4076-a410-fe09b012019c" testId="ead227cf-6e30-de0c-3753-3b8c73fc93ec" testName="MathBridgeSystem.Tests.Services.EmailServiceTests.SendResetPasswordLinkAsync_NullEmail_ThrowsArgumentException" computerName="Precision-7510" duration="00:00:00.0144400" startTime="2025-11-15T00:12:31.0337436+07:00" endTime="2025-11-15T00:12:31.0412921+07:00" testType="13cdc9d9-ddb5-4fa4-a97d-d965ccfc6d4b" outcome="Passed" testListId="8c84fa94-04c1-424b-9868-57a2d4851a1d" relativeResultsDirectory="6e42a5d6-c3dd-4076-a410-fe09b012019c" />
    <UnitTestResult executionId="81b6ff12-5d02-49ba-a1b7-6b4024b56970" testId="cf8fb11d-3f9e-6fd3-a82c-102aa4370598" testName="MathBridgeSystem.Tests.EdgeCases.ValidationEdgeCasesTests.DateTime_Now_MultipleCallsShouldBeDifferent" computerName="Precision-7510" duration="00:00:00.0124370" startTime="2025-11-15T00:12:31.0111314+07:00" endTime="2025-11-15T00:12:31.0204192+07:00" testType="13cdc9d9-ddb5-4fa4-a97d-d965ccfc6d4b" outcome="Passed" testListId="8c84fa94-04c1-424b-9868-57a2d4851a1d" relativeResultsDirectory="81b6ff12-5d02-49ba-a1b7-6b4024b56970" />
    <UnitTestResult executionId="31a3e5f6-81c3-44a2-8934-2ee2ce287914" testId="4adc80e7-4dec-e24e-0762-a3b9c87a9bb3" testName="MathBridgeSystem.Tests.Services.EmailServiceTests.SendVerificationLinkAsync_NullEmail_ThrowsArgumentException" computerName="Precision-7510" duration="00:00:00.0151501" startTime="2025-11-15T00:12:30.9754775+07:00" endTime="2025-11-15T00:12:30.9902265+07:00" testType="13cdc9d9-ddb5-4fa4-a97d-d965ccfc6d4b" outcome="Passed" testListId="8c84fa94-04c1-424b-9868-57a2d4851a1d" relativeResultsDirectory="31a3e5f6-81c3-44a2-8934-2ee2ce287914" />
    <UnitTestResult executionId="d2eeb200-0908-4f2a-85ab-eade064016bd" testId="64c5f10c-4599-d480-0920-08ff57b5397c" testName="MathBridgeSystem.Tests.Services.PackageServiceTests.UpdatePackageAsync_EmptyRequest_StillCallsUpdate" computerName="Precision-7510" duration="00:00:00.0074573" startTime="2025-11-15T00:12:30.2205960+07:00" endTime="2025-11-15T00:12:30.2268983+07:00" testType="13cdc9d9-ddb5-4fa4-a97d-d965ccfc6d4b" outcome="Passed" testListId="8c84fa94-04c1-424b-9868-57a2d4851a1d" relativeResultsDirectory="d2eeb200-0908-4f2a-85ab-eade064016bd" />
    <UnitTestResult executionId="46e9f027-e8af-4957-b26d-01969ddc98dd" testId="f64dfbd1-586e-b9cc-f4a7-c8b101ebcdb7" testName="MathBridgeSystem.Tests.Services.CenterServiceTests.UpdateCenterAsync_CenterNotFound_ThrowsException" computerName="Precision-7510" duration="00:00:00.0035572" startTime="2025-11-15T00:12:30.9253098+07:00" endTime="2025-11-15T00:12:30.9284212+07:00" testType="13cdc9d9-ddb5-4fa4-a97d-d965ccfc6d4b" outcome="Passed" testListId="8c84fa94-04c1-424b-9868-57a2d4851a1d" relativeResultsDirectory="46e9f027-e8af-4957-b26d-01969ddc98dd" />
    <UnitTestResult executionId="478698b3-3927-4b48-8bfd-a14519cc6799" testId="80455150-c758-3a75-a0eb-52f957371b71" testName="MathBridgeSystem.Tests.Services.SchoolServiceTests.CreateSchoolAsync_DuplicateName_ThrowsArgumentException" computerName="Precision-7510" duration="00:00:00.0119126" startTime="2025-11-15T00:12:30.1910161+07:00" endTime="2025-11-15T00:12:30.2031051+07:00" testType="13cdc9d9-ddb5-4fa4-a97d-d965ccfc6d4b" outcome="Passed" testListId="8c84fa94-04c1-424b-9868-57a2d4851a1d" relativeResultsDirectory="478698b3-3927-4b48-8bfd-a14519cc6799" />
    <UnitTestResult executionId="0069febe-9b77-41cb-8127-870419150b72" testId="bd41a5d7-50ed-c47b-b7e6-8e23621390ce" testName="MathBridgeSystem.Tests.Services.RescheduleServiceTests.CreateRequestAsync_PendingRequestExists_ThrowsInvalidOperationException" computerName="Precision-7510" duration="00:00:00.0037852" startTime="2025-11-15T00:12:30.7027011+07:00" endTime="2025-11-15T00:12:30.7062969+07:00" testType="13cdc9d9-ddb5-4fa4-a97d-d965ccfc6d4b" outcome="Passed" testListId="8c84fa94-04c1-424b-9868-57a2d4851a1d" relativeResultsDirectory="0069febe-9b77-41cb-8127-870419150b72" />
    <UnitTestResult executionId="d29bbd62-262b-41eb-b459-a15124eccada" testId="85b4f7ab-111c-546b-8ab4-ba5580c57c2f" testName="MathBridgeSystem.Tests.Services.CenterServiceTests.GetAllCentersAsync_ReturnsList" computerName="Precision-7510" duration="00:00:00.0023359" startTime="2025-11-15T00:12:30.8448938+07:00" endTime="2025-11-15T00:12:30.8509087+07:00" testType="13cdc9d9-ddb5-4fa4-a97d-d965ccfc6d4b" outcome="Passed" testListId="8c84fa94-04c1-424b-9868-57a2d4851a1d" relativeResultsDirectory="d29bbd62-262b-41eb-b459-a15124eccada" />
    <UnitTestResult executionId="8a4f689c-9fe2-48c5-8743-1219933f2b5f" testId="72795081-43d9-11dc-7d57-b678b359de07" testName="MathBridgeSystem.Tests.Services.ChildServiceTests.UpdateChildAsync_ChildNotFound_ThrowsException" computerName="Precision-7510" duration="00:00:00.0076945" startTime="2025-11-15T00:12:30.4329579+07:00" endTime="2025-11-15T00:12:30.4448486+07:00" testType="13cdc9d9-ddb5-4fa4-a97d-d965ccfc6d4b" outcome="Passed" testListId="8c84fa94-04c1-424b-9868-57a2d4851a1d" relativeResultsDirectory="8a4f689c-9fe2-48c5-8743-1219933f2b5f" />
    <UnitTestResult executionId="5cf92dad-029c-4cf1-acbe-addae0a86d0b" testId="7b3c811b-be5c-3a41-eb6e-caea371e4fcc" testName="MathBridgeSystem.Tests.Services.RescheduleServiceTests.RejectRequestAsync_RequestNotPending_ThrowsKeyNotFoundException" computerName="Precision-7510" duration="00:00:00.0047397" startTime="2025-11-15T00:12:30.8629273+07:00" endTime="2025-11-15T00:12:30.8635689+07:00" testType="13cdc9d9-ddb5-4fa4-a97d-d965ccfc6d4b" outcome="Passed" testListId="8c84fa94-04c1-424b-9868-57a2d4851a1d" relativeResultsDirectory="5cf92dad-029c-4cf1-acbe-addae0a86d0b" />
    <UnitTestResult executionId="d6c5759c-fa31-458a-b6fb-c2953ddb38be" testId="aa0f22d2-6896-2e66-a2fb-1305965b52d1" testName="MathBridgeSystem.Tests.Services.FinalFeedbackServiceTests.GetByUserIdAsync_ShouldReturnUserFeedbacks" computerName="Precision-7510" duration="00:00:00.0040088" startTime="2025-11-15T00:12:30.0344237+07:00" endTime="2025-11-15T00:12:30.0376462+07:00" testType="13cdc9d9-ddb5-4fa4-a97d-d965ccfc6d4b" outcome="Passed" testListId="8c84fa94-04c1-424b-9868-57a2d4851a1d" relativeResultsDirectory="d6c5759c-fa31-458a-b6fb-c2953ddb38be" />
    <UnitTestResult executionId="41954ecd-86d7-48a9-9909-534d6f1900d0" testId="1f7ea7ea-5983-e6c2-73e2-a26e3284c221" testName="MathBridgeSystem.Tests.Controllers.AuthControllerTests.VerifyEmail_ServiceThrowsException_ReturnsInternalServerError" computerName="Precision-7510" duration="00:00:00.0090324" startTime="2025-11-15T00:12:30.3964223+07:00" endTime="2025-11-15T00:12:30.4038347+07:00" testType="13cdc9d9-ddb5-4fa4-a97d-d965ccfc6d4b" outcome="Passed" testListId="8c84fa94-04c1-424b-9868-57a2d4851a1d" relativeResultsDirectory="41954ecd-86d7-48a9-9909-534d6f1900d0" />
    <UnitTestResult executionId="734513cd-fdbe-4321-81e8-b3a15c127047" testId="c69f74b3-54dd-c724-dbd5-65c2ecd5b5de" testName="MathBridgeSystem.Tests.Services.GoogleAuthServiceTests.ValidateGoogleTokenAsync_InvalidTokenVariants_ThrowsException(token: null)" computerName="Precision-7510" duration="00:00:00.0004452" startTime="2025-11-15T00:12:30.8298467+07:00" endTime="2025-11-15T00:12:30.8306106+07:00" testType="13cdc9d9-ddb5-4fa4-a97d-d965ccfc6d4b" outcome="Passed" testListId="8c84fa94-04c1-424b-9868-57a2d4851a1d" relativeResultsDirectory="734513cd-fdbe-4321-81e8-b3a15c127047" />
    <UnitTestResult executionId="736e1dea-d421-40e0-bdb0-84e2090541cd" testId="f0924bbd-2ab9-ad76-1d9f-46034f7618f4" testName="MathBridgeSystem.Tests.Services.CenterServiceTests.SearchCentersAsync_WithFilters_ReturnsFilteredList" computerName="Precision-7510" duration="00:00:00.0045262" startTime="2025-11-15T00:12:30.9288129+07:00" endTime="2025-11-15T00:12:30.9345752+07:00" testType="13cdc9d9-ddb5-4fa4-a97d-d965ccfc6d4b" outcome="Passed" testListId="8c84fa94-04c1-424b-9868-57a2d4851a1d" relativeResultsDirectory="736e1dea-d421-40e0-bdb0-84e2090541cd" />
    <UnitTestResult executionId="ca26dd29-4172-4880-b8b2-bcea6ba21a34" testId="a127e6a7-972a-7372-5dd6-f156d830c89f" testName="MathBridgeSystem.Tests.Services.SchoolServiceTests.GetAllSchoolsAsync_CallsGetChildrenCountPerSchool" computerName="Precision-7510" duration="00:00:00.0102584" startTime="2025-11-15T00:12:30.1811547+07:00" endTime="2025-11-15T00:12:30.1905436+07:00" testType="13cdc9d9-ddb5-4fa4-a97d-d965ccfc6d4b" outcome="Passed" testListId="8c84fa94-04c1-424b-9868-57a2d4851a1d" relativeResultsDirectory="ca26dd29-4172-4880-b8b2-bcea6ba21a34" />
    <UnitTestResult executionId="9894ba2a-a7e9-4af5-ac5d-389e1df89c39" testId="8999d1cd-4be2-0774-4b5a-13ec4afe4b14" testName="MathBridgeSystem.Tests.Services.CurriculumServiceTests.CreateCurriculumAsync_NullRequest_ThrowsArgumentNullException" computerName="Precision-7510" duration="00:00:00.0042045" startTime="2025-11-15T00:12:30.7686439+07:00" endTime="2025-11-15T00:12:30.7736529+07:00" testType="13cdc9d9-ddb5-4fa4-a97d-d965ccfc6d4b" outcome="Passed" testListId="8c84fa94-04c1-424b-9868-57a2d4851a1d" relativeResultsDirectory="9894ba2a-a7e9-4af5-ac5d-389e1df89c39" />
    <UnitTestResult executionId="6bf13414-0e8a-480e-a9bd-90b3b07228da" testId="5911efae-80cc-7959-3ea4-e443a8deb8b5" testName="MathBridgeSystem.Tests.Services.ContractServiceTests.CreateContractAsync_OverlappingContract_ThrowsInvalidOperationException" computerName="Precision-7510" duration="00:00:00.0172385" startTime="2025-11-15T00:12:30.7999123+07:00" endTime="2025-11-15T00:12:30.8056022+07:00" testType="13cdc9d9-ddb5-4fa4-a97d-d965ccfc6d4b" outcome="Passed" testListId="8c84fa94-04c1-424b-9868-57a2d4851a1d" relativeResultsDirectory="6bf13414-0e8a-480e-a9bd-90b3b07228da" />
    <UnitTestResult executionId="699ae709-b623-4ae0-8254-ece02eae9bfd" testId="08f31ee9-b3db-8e73-1b1c-4ab467bf2c68" testName="MathBridgeSystem.Tests.Services.ContractServiceTests.CreateContractAsync_NoTutor_CreatesContractWithoutSessions" computerName="Precision-7510" duration="00:00:00.0107808" startTime="2025-11-15T00:12:30.6972190+07:00" endTime="2025-11-15T00:12:30.7114808+07:00" testType="13cdc9d9-ddb5-4fa4-a97d-d965ccfc6d4b" outcome="Passed" testListId="8c84fa94-04c1-424b-9868-57a2d4851a1d" relativeResultsDirectory="699ae709-b623-4ae0-8254-ece02eae9bfd" />
    <UnitTestResult executionId="b5e1320d-6287-4b37-b464-9addfc327823" testId="51be650a-deae-6630-8726-85b520981819" testName="MathBridgeSystem.Tests.Services.CenterServiceTests.GetCentersByCityAsync_ValidCity_ReturnsList" computerName="Precision-7510" duration="00:00:00.0034496" startTime="2025-11-15T00:12:30.9109312+07:00" endTime="2025-11-15T00:12:30.9161546+07:00" testType="13cdc9d9-ddb5-4fa4-a97d-d965ccfc6d4b" outcome="Passed" testListId="8c84fa94-04c1-424b-9868-57a2d4851a1d" relativeResultsDirectory="b5e1320d-6287-4b37-b464-9addfc327823" />
    <UnitTestResult executionId="d3e0a871-0f2c-453a-8037-51bdf9ad4a40" testId="b5fb8d86-39f3-d317-9b8c-bee3baf8bbbb" testName="MathBridgeSystem.Tests.Services.VideoConferenceServiceTests.CreateVideoConferenceAsync_ProviderNotFound_ThrowsException" computerName="Precision-7510" duration="00:00:00.0042940" startTime="2025-11-15T00:12:31.0690582+07:00" endTime="2025-11-15T00:12:31.0702185+07:00" testType="13cdc9d9-ddb5-4fa4-a97d-d965ccfc6d4b" outcome="Passed" testListId="8c84fa94-04c1-424b-9868-57a2d4851a1d" relativeResultsDirectory="d3e0a871-0f2c-453a-8037-51bdf9ad4a40" />
    <UnitTestResult executionId="c175c037-6a56-4979-9bd8-bf5dd63eea41" testId="a741d3a5-29b8-7cf5-9f35-06450c0bc1d1" testName="MathBridgeSystem.Tests.Services.EmailServiceTests.SendVerificationLinkAsync_NullLink_ThrowsArgumentException" computerName="Precision-7510" duration="00:00:00.0118964" startTime="2025-11-15T00:12:31.0695221+07:00" endTime="2025-11-15T00:12:31.0761653+07:00" testType="13cdc9d9-ddb5-4fa4-a97d-d965ccfc6d4b" outcome="Passed" testListId="8c84fa94-04c1-424b-9868-57a2d4851a1d" relativeResultsDirectory="c175c037-6a56-4979-9bd8-bf5dd63eea41" />
    <UnitTestResult executionId="84aa397d-8d31-4286-9e5b-b7952dcf7366" testId="100402d1-3558-7f5e-baad-b6b420ac8a87" testName="MathBridgeSystem.Tests.EdgeCases.ValidationEdgeCasesTests.Email_WithWhitespace_ShouldBeTrimmed(email: &quot;\ntest@example.com\n&quot;)" computerName="Precision-7510" duration="00:00:00.0001730" startTime="2025-11-15T00:12:31.0407945+07:00" endTime="2025-11-15T00:12:31.0409211+07:00" testType="13cdc9d9-ddb5-4fa4-a97d-d965ccfc6d4b" outcome="Passed" testListId="8c84fa94-04c1-424b-9868-57a2d4851a1d" relativeResultsDirectory="84aa397d-8d31-4286-9e5b-b7952dcf7366" />
    <UnitTestResult executionId="09eb6571-3790-467e-83b9-0e19b4aa65a1" testId="58e99e76-08a2-9457-bafe-c24886da2431" testName="MathBridgeSystem.Tests.Services.SePayServiceTests.ProcessWebhookAsync_AmountMismatch_ReturnsFailure" computerName="Precision-7510" duration="00:00:00.0068264" startTime="2025-11-15T00:12:30.4879645+07:00" endTime="2025-11-15T00:12:30.4901112+07:00" testType="13cdc9d9-ddb5-4fa4-a97d-d965ccfc6d4b" outcome="Passed" testListId="8c84fa94-04c1-424b-9868-57a2d4851a1d" relativeResultsDirectory="09eb6571-3790-467e-83b9-0e19b4aa65a1" />
    <UnitTestResult executionId="b5336fc6-24c1-4f0f-8a24-70f6b108ea51" testId="7b285109-2638-9420-728f-5504f18a1483" testName="MathBridgeSystem.Tests.Services.TutorScheduleServiceTests.DeleteAvailabilityAsync_NotFound_ThrowsException" computerName="Precision-7510" duration="00:00:00.0029416" startTime="2025-11-15T00:12:30.2057291+07:00" endTime="2025-11-15T00:12:30.2106900+07:00" testType="13cdc9d9-ddb5-4fa4-a97d-d965ccfc6d4b" outcome="Passed" testListId="8c84fa94-04c1-424b-9868-57a2d4851a1d" relativeResultsDirectory="b5336fc6-24c1-4f0f-8a24-70f6b108ea51" />
    <UnitTestResult executionId="511f2634-fc45-4289-a3fe-8e15e70465e5" testId="fc2e97d5-1afd-f648-841d-634c8fe86b8a" testName="MathBridgeSystem.Tests.Services.FinalFeedbackServiceTests.CreateAsync_ShouldCreateFeedback" computerName="Precision-7510" duration="00:00:00.0084009" startTime="2025-11-15T00:12:30.0263015+07:00" endTime="2025-11-15T00:12:30.0339765+07:00" testType="13cdc9d9-ddb5-4fa4-a97d-d965ccfc6d4b" outcome="Passed" testListId="8c84fa94-04c1-424b-9868-57a2d4851a1d" relativeResultsDirectory="511f2634-fc45-4289-a3fe-8e15e70465e5" />
    <UnitTestResult executionId="b64758b4-a18b-4951-a1d0-5f07cc0975f1" testId="554c5cfa-92ad-edc3-1014-035cc88f382b" testName="MathBridgeSystem.Tests.Controllers.NotificationControllerTests.Constructor_NullConnectionManager_ThrowsArgumentNullException" computerName="Precision-7510" duration="00:00:00.0012463" startTime="2025-11-15T00:12:30.8812472+07:00" endTime="2025-11-15T00:12:30.8814064+07:00" testType="13cdc9d9-ddb5-4fa4-a97d-d965ccfc6d4b" outcome="Passed" testListId="8c84fa94-04c1-424b-9868-57a2d4851a1d" relativeResultsDirectory="b64758b4-a18b-4951-a1d0-5f07cc0975f1" />
    <UnitTestResult executionId="f6f11544-f0b3-4d1a-a481-bd5ae84cb4f6" testId="d77e53fc-51f6-d455-f3a6-26133cbb7c96" testName="MathBridgeSystem.Tests.EdgeCases.ValidationEdgeCasesTests.Session_EndTimeBeforeStartTime_ShouldBeInvalid" computerName="Precision-7510" duration="00:00:00.0005384" startTime="2025-11-15T00:12:31.0632840+07:00" endTime="2025-11-15T00:12:31.0640893+07:00" testType="13cdc9d9-ddb5-4fa4-a97d-d965ccfc6d4b" outcome="Passed" testListId="8c84fa94-04c1-424b-9868-57a2d4851a1d" relativeResultsDirectory="f6f11544-f0b3-4d1a-a481-bd5ae84cb4f6" />
    <UnitTestResult executionId="44e52494-6efc-4854-b394-8d8acd58dd06" testId="65b3a98a-2ae1-c7de-74cf-2ee2670b86bc" testName="MathBridgeSystem.Tests.Services.RescheduleServiceTests.CreateRequestAsync_ValidRequest_CreatesRequest" computerName="Precision-7510" duration="00:00:00.0121663" startTime="2025-11-15T00:12:30.6918088+07:00" endTime="2025-11-15T00:12:30.7023860+07:00" testType="13cdc9d9-ddb5-4fa4-a97d-d965ccfc6d4b" outcome="Passed" testListId="8c84fa94-04c1-424b-9868-57a2d4851a1d" relativeResultsDirectory="44e52494-6efc-4854-b394-8d8acd58dd06" />
    <UnitTestResult executionId="46641ce3-f207-48a6-a302-051497af4072" testId="264d5ff7-d0f1-d4ae-7972-fc5467e0a352" testName="MathBridgeSystem.Tests.Services.TutorVerificationServiceTests.RestoreVerificationAsync_NotFound_ThrowsKeyNotFoundException" computerName="Precision-7510" duration="00:00:00.0067008" startTime="2025-11-15T00:12:30.8258401+07:00" endTime="2025-11-15T00:12:30.8327030+07:00" testType="13cdc9d9-ddb5-4fa4-a97d-d965ccfc6d4b" outcome="Passed" testListId="8c84fa94-04c1-424b-9868-57a2d4851a1d" relativeResultsDirectory="46641ce3-f207-48a6-a302-051497af4072" />
    <UnitTestResult executionId="7e164219-2d24-40dc-8469-422a2cc13598" testId="f125508d-b932-9713-defb-959f6bae038d" testName="MathBridgeSystem.Tests.Services.TutorVerificationServiceTests.UpdateVerificationAsync_NotFound_ThrowsKeyNotFoundException" computerName="Precision-7510" duration="00:00:00.0025001" startTime="2025-11-15T00:12:30.7886414+07:00" endTime="2025-11-15T00:12:30.8005899+07:00" testType="13cdc9d9-ddb5-4fa4-a97d-d965ccfc6d4b" outcome="Passed" testListId="8c84fa94-04c1-424b-9868-57a2d4851a1d" relativeResultsDirectory="7e164219-2d24-40dc-8469-422a2cc13598" />
    <UnitTestResult executionId="8659dc43-dfed-4fda-a424-1a24c46ef4ab" testId="82849690-ea12-6dbd-0539-0a7af0196f5a" testName="MathBridgeSystem.Tests.Services.LocationServiceTests.GetAddressAutocompleteAsync_NullInput_ReturnsFailure" computerName="Precision-7510" duration="00:00:00.0036253" startTime="2025-11-15T00:12:29.9482777+07:00" endTime="2025-11-15T00:12:29.9491294+07:00" testType="13cdc9d9-ddb5-4fa4-a97d-d965ccfc6d4b" outcome="Passed" testListId="8c84fa94-04c1-424b-9868-57a2d4851a1d" relativeResultsDirectory="8659dc43-dfed-4fda-a424-1a24c46ef4ab" />
    <UnitTestResult executionId="2354469f-b411-43ea-ae36-0aa2379ae79f" testId="3a8d9fc9-1547-d5ac-9e6f-90888024e4d9" testName="MathBridgeSystem.Tests.Services.NotificationConnectionManagerTests.GetActiveConnectionCount_ReturnsCorrectCount" computerName="Precision-7510" duration="00:00:00.0002236" startTime="2025-11-15T00:12:31.1225532+07:00" endTime="2025-11-15T00:12:31.1227162+07:00" testType="13cdc9d9-ddb5-4fa4-a97d-d965ccfc6d4b" outcome="Passed" testListId="8c84fa94-04c1-424b-9868-57a2d4851a1d" relativeResultsDirectory="2354469f-b411-43ea-ae36-0aa2379ae79f" />
    <UnitTestResult executionId="db2fc63c-74ba-429f-b9a6-b47089c29f9a" testId="e1066eba-5755-2c51-5859-9118ffe4c772" testName="MathBridgeSystem.Tests.Services.TutorVerificationServiceTests.RejectVerificationAsync_Valid_UpdatesStatusToRejected" computerName="Precision-7510" duration="00:00:00.0138961" startTime="2025-11-15T00:12:30.8009338+07:00" endTime="2025-11-15T00:12:30.8050758+07:00" testType="13cdc9d9-ddb5-4fa4-a97d-d965ccfc6d4b" outcome="Passed" testListId="8c84fa94-04c1-424b-9868-57a2d4851a1d" relativeResultsDirectory="db2fc63c-74ba-429f-b9a6-b47089c29f9a" />
    <UnitTestResult executionId="6eedc2d3-8b2f-42a3-a3e1-c604803ef015" testId="7b298ce8-e225-66f8-4541-e3afa978c64c" testName="MathBridgeSystem.Tests.Services.CenterServiceTests.GetCenterByIdAsync_ExistingCenter_ReturnsDto" computerName="Precision-7510" duration="00:00:00.0122739" startTime="2025-11-15T00:12:30.5911459+07:00" endTime="2025-11-15T00:12:30.6025087+07:00" testType="13cdc9d9-ddb5-4fa4-a97d-d965ccfc6d4b" outcome="Passed" testListId="8c84fa94-04c1-424b-9868-57a2d4851a1d" relativeResultsDirectory="6eedc2d3-8b2f-42a3-a3e1-c604803ef015" />
    <UnitTestResult executionId="c163a5d3-c510-4d76-a4f6-b448cf688a74" testId="be842d4e-3d87-d4aa-ffd8-93e45324d94f" testName="TestMethod1" computerName="Precision-7510" duration="00:00:00.0065028" startTime="2025-11-15T00:12:28.9894742+07:00" endTime="2025-11-15T00:12:29.0472490+07:00" testType="13cdc9d9-ddb5-4fa4-a97d-d965ccfc6d4b" outcome="Passed" testListId="8c84fa94-04c1-424b-9868-57a2d4851a1d" relativeResultsDirectory="c163a5d3-c510-4d76-a4f6-b448cf688a74" />
    <UnitTestResult executionId="44653297-88b2-4b3e-9c75-2090705db558" testId="b97d02a1-710a-b19e-59e7-9f80fda7f674" testName="MathBridgeSystem.Tests.Services.ContractServiceTests.CompleteContractAsync_ContractNotFound_ThrowsKeyNotFoundException" computerName="Precision-7510" duration="00:00:00.0050137" startTime="2025-11-15T00:12:30.7291463+07:00" endTime="2025-11-15T00:12:30.7315222+07:00" testType="13cdc9d9-ddb5-4fa4-a97d-d965ccfc6d4b" outcome="Passed" testListId="8c84fa94-04c1-424b-9868-57a2d4851a1d" relativeResultsDirectory="44653297-88b2-4b3e-9c75-2090705db558" />
    <UnitTestResult executionId="675cf70c-6790-426d-baa1-5d5f6b34c5b9" testId="f221fe99-08cf-f20f-a64d-0b0d1753d0cd" testName="MathBridgeSystem.Tests.Services.RescheduleServiceTests.CreateRequestAsync_TutorNotAvailable_ServiceCreatesRequest" computerName="Precision-7510" duration="00:00:00.0141146" startTime="2025-11-15T00:12:30.8042938+07:00" endTime="2025-11-15T00:12:30.8182909+07:00" testType="13cdc9d9-ddb5-4fa4-a97d-d965ccfc6d4b" outcome="Passed" testListId="8c84fa94-04c1-424b-9868-57a2d4851a1d" relativeResultsDirectory="675cf70c-6790-426d-baa1-5d5f6b34c5b9" />
    <UnitTestResult executionId="61eb762c-31bf-450e-91f7-ac04ab46220f" testId="03430a3d-7ba7-97d7-db35-ab7bc7e1978a" testName="MathBridgeSystem.Tests.Services.SessionServiceTests.GetSessionForTutorCheckAsync_InvalidTutor_ReturnsNull" computerName="Precision-7510" duration="00:00:00.0036121" startTime="2025-11-15T00:12:29.9542179+07:00" endTime="2025-11-15T00:12:29.9555768+07:00" testType="13cdc9d9-ddb5-4fa4-a97d-d965ccfc6d4b" outcome="Passed" testListId="8c84fa94-04c1-424b-9868-57a2d4851a1d" relativeResultsDirectory="61eb762c-31bf-450e-91f7-ac04ab46220f" />
    <UnitTestResult executionId="e67aa6c4-f996-444a-a908-e0aefad881d0" testId="d8a74805-e3c1-5cc4-0aaa-0325b5a674ac" testName="MathBridgeSystem.Tests.Services.UserServiceTests.GetWalletAsync_AsAdmin_ReturnsWallet" computerName="Precision-7510" duration="00:00:00.0164131" startTime="2025-11-15T00:12:29.9552555+07:00" endTime="2025-11-15T00:12:29.9600605+07:00" testType="13cdc9d9-ddb5-4fa4-a97d-d965ccfc6d4b" outcome="Passed" testListId="8c84fa94-04c1-424b-9868-57a2d4851a1d" relativeResultsDirectory="e67aa6c4-f996-444a-a908-e0aefad881d0" />
    <UnitTestResult executionId="79c96167-8175-4119-b932-9f899e2c5547" testId="5674865a-d226-b88a-2cea-2838e66d9351" testName="MathBridgeSystem.Tests.Controllers.UnitControllerTests.UpdateUnit_UnexpectedException_ReturnsInternalServerError" computerName="Precision-7510" duration="00:00:00.0109475" startTime="2025-11-15T00:12:30.7477506+07:00" endTime="2025-11-15T00:12:30.7510037+07:00" testType="13cdc9d9-ddb5-4fa4-a97d-d965ccfc6d4b" outcome="Passed" testListId="8c84fa94-04c1-424b-9868-57a2d4851a1d" relativeResultsDirectory="79c96167-8175-4119-b932-9f899e2c5547" />
    <UnitTestResult executionId="7f993ee0-6a37-4a9c-a8d4-560b35b0b334" testId="62a6724f-f258-31ec-564e-cc368b40249d" testName="MathBridgeSystem.Tests.Services.SePayServiceTests.CreateContractDirectPaymentAsync_UserNotAuthorized_ReturnsFailure" computerName="Precision-7510" duration="00:00:00.0090800" startTime="2025-11-15T00:12:30.4024969+07:00" endTime="2025-11-15T00:12:30.4124568+07:00" testType="13cdc9d9-ddb5-4fa4-a97d-d965ccfc6d4b" outcome="Passed" testListId="8c84fa94-04c1-424b-9868-57a2d4851a1d" relativeResultsDirectory="7f993ee0-6a37-4a9c-a8d4-560b35b0b334" />
    <UnitTestResult executionId="eab8ddff-4458-44ae-b950-5292ab97d032" testId="8237c2be-f20a-da9d-a45f-4ddbd7efb4fe" testName="MathBridgeSystem.Tests.Services.EmailServiceTests.Constructor_MissingFromEmail_ThrowsArgumentNullException" computerName="Precision-7510" duration="00:00:00.0207728" startTime="2025-11-15T00:12:30.9159956+07:00" endTime="2025-11-15T00:12:30.9350462+07:00" testType="13cdc9d9-ddb5-4fa4-a97d-d965ccfc6d4b" outcome="Passed" testListId="8c84fa94-04c1-424b-9868-57a2d4851a1d" relativeResultsDirectory="eab8ddff-4458-44ae-b950-5292ab97d032" />
    <UnitTestResult executionId="a9ab10c0-c74d-4a29-9d9d-ab8d5ecf64d6" testId="1169ebbe-dca4-ab38-d426-a6c8e49e9061" testName="MathBridgeSystem.Tests.Services.TokenServiceTests.GenerateJwtToken_MissingJwtKey_ThrowsArgumentNullException" computerName="Precision-7510" duration="00:00:00.0017387" startTime="2025-11-15T00:12:31.0311949+07:00" endTime="2025-11-15T00:12:31.0317989+07:00" testType="13cdc9d9-ddb5-4fa4-a97d-d965ccfc6d4b" outcome="Passed" testListId="8c84fa94-04c1-424b-9868-57a2d4851a1d" relativeResultsDirectory="a9ab10c0-c74d-4a29-9d9d-ab8d5ecf64d6" />
    <UnitTestResult executionId="60180d60-5db8-453a-b39a-1bad3f3e5db1" testId="5d67f7d8-7c6a-02ff-14b2-85922f50c50e" testName="MathBridgeSystem.Tests.Services.SePayServiceTests.ValidateWebhookSignature_Always_ReturnsTrue" computerName="Precision-7510" duration="00:00:00.0007166" startTime="2025-11-15T00:12:30.4812024+07:00" endTime="2025-11-15T00:12:30.4819740+07:00" testType="13cdc9d9-ddb5-4fa4-a97d-d965ccfc6d4b" outcome="Passed" testListId="8c84fa94-04c1-424b-9868-57a2d4851a1d" relativeResultsDirectory="60180d60-5db8-453a-b39a-1bad3f3e5db1" />
    <UnitTestResult executionId="c05de5df-d9cc-4ea2-befd-3d41de43aa96" testId="5d4ef59a-3266-f510-0649-c331b8da88ba" testName="MathBridgeSystem.Tests.Services.ZoomProviderTests.GetAccessTokenAsync_MissingCredentials_ThrowsInvalidOperationException" computerName="Precision-7510" duration="00:00:00.0011530" startTime="2025-11-15T00:12:31.1774473+07:00" endTime="2025-11-15T00:12:31.1775252+07:00" testType="13cdc9d9-ddb5-4fa4-a97d-d965ccfc6d4b" outcome="Passed" testListId="8c84fa94-04c1-424b-9868-57a2d4851a1d" relativeResultsDirectory="c05de5df-d9cc-4ea2-befd-3d41de43aa96" />
    <UnitTestResult executionId="1da5c982-c2c8-4ee4-a7df-682a1db52b20" testId="8f1b8145-736c-eba3-7bd2-5be77fc38593" testName="MathBridgeSystem.Tests.Services.ContractServiceTests.UpdateContractStatusAsync_ToActive_SendsConfirmationEmail" computerName="Precision-7510" duration="00:00:00.0010000" startTime="2025-11-15T00:12:30.5667268+07:00" endTime="2025-11-15T00:12:30.5674176+07:00" testType="13cdc9d9-ddb5-4fa4-a97d-d965ccfc6d4b" outcome="NotExecuted" testListId="8c84fa94-04c1-424b-9868-57a2d4851a1d" relativeResultsDirectory="1da5c982-c2c8-4ee4-a7df-682a1db52b20">
      <Output>
        <ErrorInfo>
          <Message>Không thể test do gọi static ContractPdfGenerator. Cần refactor service.</Message>
        </ErrorInfo>
      </Output>
    </UnitTestResult>
    <UnitTestResult executionId="ea6d2f42-c88e-4192-9535-69c5d33060dc" testId="af7ff17b-7921-6932-0976-af002bca6fc6" testName="MathBridgeSystem.Tests.Services.ChildServiceTests.GetChildByIdAsync_ChildWithNullNavigationProperties_ReturnsDtoWithEmptyStrings" computerName="Precision-7510" duration="00:00:00.0063640" startTime="2025-11-15T00:12:30.5527137+07:00" endTime="2025-11-15T00:12:30.5582404+07:00" testType="13cdc9d9-ddb5-4fa4-a97d-d965ccfc6d4b" outcome="Passed" testListId="8c84fa94-04c1-424b-9868-57a2d4851a1d" relativeResultsDirectory="ea6d2f42-c88e-4192-9535-69c5d33060dc" />
    <UnitTestResult executionId="0496a9f6-eca7-45ce-9ade-863093a9c5fc" testId="5e12739c-6a8c-08ea-4580-48494520730d" testName="MathBridgeSystem.Tests.EdgeCases.ValidationEdgeCasesTests.Gender_ValidValues_ShouldBeRecognized" computerName="Precision-7510" duration="00:00:00.0002688" startTime="2025-11-15T00:12:31.0576340+07:00" endTime="2025-11-15T00:12:31.0577855+07:00" testType="13cdc9d9-ddb5-4fa4-a97d-d965ccfc6d4b" outcome="Passed" testListId="8c84fa94-04c1-424b-9868-57a2d4851a1d" relativeResultsDirectory="0496a9f6-eca7-45ce-9ade-863093a9c5fc" />
    <UnitTestResult executionId="7a776df9-e160-4b8d-9caf-3ece17db1b39" testId="fd0af328-e1f5-7d38-99a8-3935a5a015e5" testName="MathBridgeSystem.Tests.Controllers.EmailTestControllerTests.Constructor_NullLogger_ThrowsArgumentNullException" computerName="Precision-7510" duration="00:00:00.0002173" startTime="2025-11-15T00:12:29.9161783+07:00" endTime="2025-11-15T00:12:29.9163322+07:00" testType="13cdc9d9-ddb5-4fa4-a97d-d965ccfc6d4b" outcome="Passed" testListId="8c84fa94-04c1-424b-9868-57a2d4851a1d" relativeResultsDirectory="7a776df9-e160-4b8d-9caf-3ece17db1b39" />
    <UnitTestResult executionId="9a8a735e-e7c8-4e89-91dc-e949aa9e5d2c" testId="57f9e36b-6dd5-4858-f3e8-8618b42bb439" testName="MathBridgeSystem.Tests.Controllers.UsersControllerTests.GetUser_ValidRequest_ReturnsOkWithUser" computerName="Precision-7510" duration="00:00:00.0046644" startTime="2025-11-15T00:12:30.0242427+07:00" endTime="2025-11-15T00:12:30.0277048+07:00" testType="13cdc9d9-ddb5-4fa4-a97d-d965ccfc6d4b" outcome="Passed" testListId="8c84fa94-04c1-424b-9868-57a2d4851a1d" relativeResultsDirectory="9a8a735e-e7c8-4e89-91dc-e949aa9e5d2c" />
    <UnitTestResult executionId="b3cca54d-c0ad-4682-ae31-fb795c7da7bc" testId="75732a74-fb52-b48d-bdc5-8913bcabe889" testName="MathBridgeSystem.Tests.Services.SePayServiceTests.CheckPaymentStatusAsync_TransactionCompleted_ReturnsPaidStatus" computerName="Precision-7510" duration="00:00:00.0227702" startTime="2025-11-15T00:12:30.4719635+07:00" endTime="2025-11-15T00:12:30.4808201+07:00" testType="13cdc9d9-ddb5-4fa4-a97d-d965ccfc6d4b" outcome="Passed" testListId="8c84fa94-04c1-424b-9868-57a2d4851a1d" relativeResultsDirectory="b3cca54d-c0ad-4682-ae31-fb795c7da7bc" />
    <UnitTestResult executionId="27813e05-c4fa-4c35-889c-409bee6f46b1" testId="e5b526a6-46c0-53bc-8a41-bd337dc83351" testName="MathBridgeSystem.Tests.Services.SchoolServiceTests.GetChildrenBySchoolAsync_SchoolNotFound_ThrowsKeyNotFoundException" computerName="Precision-7510" duration="00:00:00.0037588" startTime="2025-11-15T00:12:30.3078617+07:00" endTime="2025-11-15T00:12:30.3127723+07:00" testType="13cdc9d9-ddb5-4fa4-a97d-d965ccfc6d4b" outcome="Passed" testListId="8c84fa94-04c1-424b-9868-57a2d4851a1d" relativeResultsDirectory="27813e05-c4fa-4c35-889c-409bee6f46b1" />
    <UnitTestResult executionId="d9361445-b65e-4276-ac6f-19cc86d1dae7" testId="6cabce8c-2c6e-322c-0332-5dd1a01488c7" testName="MathBridgeSystem.Tests.Services.SessionServiceTests.UpdateSessionTutorAsync_ValidChange_UpdatesTutorAndReturnsTrue" computerName="Precision-7510" duration="00:00:00.0131865" startTime="2025-11-15T00:12:29.9871273+07:00" endTime="2025-11-15T00:12:29.9971859+07:00" testType="13cdc9d9-ddb5-4fa4-a97d-d965ccfc6d4b" outcome="Passed" testListId="8c84fa94-04c1-424b-9868-57a2d4851a1d" relativeResultsDirectory="d9361445-b65e-4276-ac6f-19cc86d1dae7" />
    <UnitTestResult executionId="ce10cc29-3f51-4052-8c70-29bcff1274e7" testId="64f9321d-233c-3c11-62f8-5b1d3f90d829" testName="MathBridgeSystem.Tests.Services.SessionReminderServiceTests.GetSessionsForReminderAsync_1hr_ReturnsCorrectlyMappedDto" computerName="Precision-7510" duration="00:00:00.0067270" startTime="2025-11-15T00:12:31.0653022+07:00" endTime="2025-11-15T00:12:31.0664990+07:00" testType="13cdc9d9-ddb5-4fa4-a97d-d965ccfc6d4b" outcome="Passed" testListId="8c84fa94-04c1-424b-9868-57a2d4851a1d" relativeResultsDirectory="ce10cc29-3f51-4052-8c70-29bcff1274e7" />
    <UnitTestResult executionId="4c9573af-8c66-4f5d-a9b9-38afb2a67873" testId="19bc8d43-8024-afb3-1848-8119f477662f" testName="MathBridgeSystem.Tests.Services.SessionServiceTests.GetSessionByBookingIdAsync_AsStaff_ReturnsDto" computerName="Precision-7510" duration="00:00:00.0024743" startTime="2025-11-15T00:12:29.9579941+07:00" endTime="2025-11-15T00:12:29.9581411+07:00" testType="13cdc9d9-ddb5-4fa4-a97d-d965ccfc6d4b" outcome="Passed" testListId="8c84fa94-04c1-424b-9868-57a2d4851a1d" relativeResultsDirectory="4c9573af-8c66-4f5d-a9b9-38afb2a67873" />
    <UnitTestResult executionId="179dd104-03c4-46f5-85d4-61696899c537" testId="ddb5a94e-1b75-b9bc-0355-8d8c11387cf9" testName="MathBridgeSystem.Tests.Services.DailyReportServiceTests.Constructor_ShouldThrowArgumentNullException_WhenDailyReportRepositoryIsNull" computerName="Precision-7510" duration="00:00:00.0010042" startTime="2025-11-15T00:12:30.5905247+07:00" endTime="2025-11-15T00:12:30.5913156+07:00" testType="13cdc9d9-ddb5-4fa4-a97d-d965ccfc6d4b" outcome="Passed" testListId="8c84fa94-04c1-424b-9868-57a2d4851a1d" relativeResultsDirectory="179dd104-03c4-46f5-85d4-61696899c537" />
    <UnitTestResult executionId="089b8ce9-117e-4c44-b6ed-560c0828ce23" testId="deac5160-0678-ffcd-fd4c-105ca16cb579" testName="MathBridgeSystem.Tests.Services.AuthServiceTests.ForgotPasswordAsync_NullRequest_ThrowsArgumentNullException" computerName="Precision-7510" duration="00:00:00.0034175" startTime="2025-11-15T00:12:33.9689493+07:00" endTime="2025-11-15T00:12:33.9721528+07:00" testType="13cdc9d9-ddb5-4fa4-a97d-d965ccfc6d4b" outcome="Passed" testListId="8c84fa94-04c1-424b-9868-57a2d4851a1d" relativeResultsDirectory="089b8ce9-117e-4c44-b6ed-560c0828ce23" />
    <UnitTestResult executionId="fa86cef8-ef76-42ec-9e01-e0c47dbbc558" testId="1cb03c57-a904-a6c6-c14e-908b7a24a8b7" testName="MathBridgeSystem.Tests.Controllers.AuthControllerTests.Register_ValidRequest_ReturnsOkWithMessage" computerName="Precision-7510" duration="00:00:00.0155597" startTime="2025-11-15T00:12:30.3730015+07:00" endTime="2025-11-15T00:12:30.3859315+07:00" testType="13cdc9d9-ddb5-4fa4-a97d-d965ccfc6d4b" outcome="Passed" testListId="8c84fa94-04c1-424b-9868-57a2d4851a1d" relativeResultsDirectory="fa86cef8-ef76-42ec-9e01-e0c47dbbc558" />
    <UnitTestResult executionId="317e9a5c-4416-4057-9bd5-3ad7cd76d4a0" testId="e90fca6d-b9f3-fcd6-be75-5e587abf3382" testName="MathBridgeSystem.Tests.Controllers.AuthControllerTests.VerifyEmail_ValidRequest_ReturnsOkWithUserId" computerName="Precision-7510" duration="00:00:00.0134878" startTime="2025-11-15T00:12:30.3139399+07:00" endTime="2025-11-15T00:12:30.3261623+07:00" testType="13cdc9d9-ddb5-4fa4-a97d-d965ccfc6d4b" outcome="Passed" testListId="8c84fa94-04c1-424b-9868-57a2d4851a1d" relativeResultsDirectory="317e9a5c-4416-4057-9bd5-3ad7cd76d4a0" />
    <UnitTestResult executionId="6bf9d00d-202a-46d6-b2fa-01b07d11e062" testId="ea7701d1-81f0-60cc-865b-9d77626a512e" testName="MathBridgeSystem.Tests.Services.UserServiceTests.DeductWalletAsync_ValidRequest_DeductsBalanceAndCreatesTransaction" computerName="Precision-7510" duration="00:00:00.0160620" startTime="2025-11-15T00:12:29.9347932+07:00" endTime="2025-11-15T00:12:29.9423099+07:00" testType="13cdc9d9-ddb5-4fa4-a97d-d965ccfc6d4b" outcome="Passed" testListId="8c84fa94-04c1-424b-9868-57a2d4851a1d" relativeResultsDirectory="6bf9d00d-202a-46d6-b2fa-01b07d11e062" />
    <UnitTestResult executionId="041840fc-cdb5-4375-bb54-3e6053dc397d" testId="b42a504c-2a3a-4ec2-eddb-93ee1ba4cb73" testName="MathBridgeSystem.Tests.Services.TutorVerificationServiceTests.RestoreVerificationAsync_Valid_CallsRepository" computerName="Precision-7510" duration="00:00:00.0159442" startTime="2025-11-15T00:12:30.6582362+07:00" endTime="2025-11-15T00:12:30.6722119+07:00" testType="13cdc9d9-ddb5-4fa4-a97d-d965ccfc6d4b" outcome="Passed" testListId="8c84fa94-04c1-424b-9868-57a2d4851a1d" relativeResultsDirectory="041840fc-cdb5-4375-bb54-3e6053dc397d" />
    <UnitTestResult executionId="b538ff2c-03e8-4f40-8296-962792628c39" testId="aad9910a-1d65-3df6-86b3-cb4bdedf3735" testName="MathBridgeSystem.Tests.Services.TutorVerificationServiceTests.GetVerificationByUserIdAsync_Found_ReturnsDto" computerName="Precision-7510" duration="00:00:00.0144271" startTime="2025-11-15T00:12:30.6078392+07:00" endTime="2025-11-15T00:12:30.6221377+07:00" testType="13cdc9d9-ddb5-4fa4-a97d-d965ccfc6d4b" outcome="Passed" testListId="8c84fa94-04c1-424b-9868-57a2d4851a1d" relativeResultsDirectory="b538ff2c-03e8-4f40-8296-962792628c39" />
    <UnitTestResult executionId="29bb4ae5-e954-4fa1-bc9e-e90d3f87193d" testId="f198784d-452f-2329-bd2a-9a42cff584ba" testName="MathBridgeSystem.Tests.Services.NotificationServiceTests.PublishToPubSubAsync_WithoutProvider_DoesNotCallPublish" computerName="Precision-7510" duration="00:00:00.0083354" startTime="2025-11-15T00:12:30.4896312+07:00" endTime="2025-11-15T00:12:30.4942927+07:00" testType="13cdc9d9-ddb5-4fa4-a97d-d965ccfc6d4b" outcome="Passed" testListId="8c84fa94-04c1-424b-9868-57a2d4851a1d" relativeResultsDirectory="29bb4ae5-e954-4fa1-bc9e-e90d3f87193d" />
    <UnitTestResult executionId="20e4c7c7-2bc7-49f0-9c13-ce9ca88c29a8" testId="2448b891-0dcd-37e0-ad3e-19de97285833" testName="MathBridgeSystem.Tests.Services.TutorScheduleServiceTests.GetTutorSchedulesAsync_All_CallsCorrectRepoMethod" computerName="Precision-7510" duration="00:00:00.0054713" startTime="2025-11-15T00:12:30.1635368+07:00" endTime="2025-11-15T00:12:30.1676648+07:00" testType="13cdc9d9-ddb5-4fa4-a97d-d965ccfc6d4b" outcome="Passed" testListId="8c84fa94-04c1-424b-9868-57a2d4851a1d" relativeResultsDirectory="20e4c7c7-2bc7-49f0-9c13-ce9ca88c29a8" />
    <UnitTestResult executionId="e9086273-4ed4-479b-a1e3-c2778e6a8cf6" testId="95707c89-a61d-c492-c097-fd230f5e4ace" testName="MathBridgeSystem.Tests.Services.CenterServiceTests.CreateCenterAsync_MissingName_ThrowsArgumentException" computerName="Precision-7510" duration="00:00:00.0019099" startTime="2025-11-15T00:12:30.8386837+07:00" endTime="2025-11-15T00:12:30.8444111+07:00" testType="13cdc9d9-ddb5-4fa4-a97d-d965ccfc6d4b" outcome="Passed" testListId="8c84fa94-04c1-424b-9868-57a2d4851a1d" relativeResultsDirectory="e9086273-4ed4-479b-a1e3-c2778e6a8cf6" />
    <UnitTestResult executionId="47ef75a7-be74-4f85-aa8f-2f9ebf7d2645" testId="74816f86-af5c-9945-00c7-57ffb4966220" testName="MathBridgeSystem.Tests.Services.PackageServiceTests.UpdatePackageAsync_ValidRequest_UpdatesAndReturnsDto" computerName="Precision-7510" duration="00:00:00.0073234" startTime="2025-11-15T00:12:30.2271673+07:00" endTime="2025-11-15T00:12:30.2337404+07:00" testType="13cdc9d9-ddb5-4fa4-a97d-d965ccfc6d4b" outcome="Passed" testListId="8c84fa94-04c1-424b-9868-57a2d4851a1d" relativeResultsDirectory="47ef75a7-be74-4f85-aa8f-2f9ebf7d2645" />
    <UnitTestResult executionId="f07d859d-8f73-443d-b83a-805c3a378e22" testId="3daa4300-ff75-50eb-2e2c-7aa6f5fc51f9" testName="MathBridgeSystem.Tests.Services.CenterServiceTests.GetCenterByIdAsync_NonExisting_ThrowsException" computerName="Precision-7510" duration="00:00:00.0052718" startTime="2025-11-15T00:12:30.8975287+07:00" endTime="2025-11-15T00:12:30.9014473+07:00" testType="13cdc9d9-ddb5-4fa4-a97d-d965ccfc6d4b" outcome="Passed" testListId="8c84fa94-04c1-424b-9868-57a2d4851a1d" relativeResultsDirectory="f07d859d-8f73-443d-b83a-805c3a378e22" />
    <UnitTestResult executionId="2aeb642d-91a1-45c9-a26b-1caa95055baa" testId="4272289a-9788-3508-5830-37e4997df6f6" testName="MathBridgeSystem.Tests.Controllers.PackageControllerTests.GetAllActivePackages_NoActivePackages_ReturnsOkWithEmptyList" computerName="Precision-7510" duration="00:00:00.0056457" startTime="2025-11-15T00:12:29.9264972+07:00" endTime="2025-11-15T00:12:29.9266479+07:00" testType="13cdc9d9-ddb5-4fa4-a97d-d965ccfc6d4b" outcome="Passed" testListId="8c84fa94-04c1-424b-9868-57a2d4851a1d" relativeResultsDirectory="2aeb642d-91a1-45c9-a26b-1caa95055baa" />
    <UnitTestResult executionId="8e2df01d-246a-4d3a-bce3-f4b43be1d2cd" testId="111f9275-b23d-4270-c0a5-d8ef3a152ba0" testName="MathBridgeSystem.Tests.EdgeCases.ValidationEdgeCasesTests.PageSize_VariousSizes_ShouldBeHandled(pageSize: 100)" computerName="Precision-7510" duration="00:00:00.0001956" startTime="2025-11-15T00:12:31.0097508+07:00" endTime="2025-11-15T00:12:31.0098625+07:00" testType="13cdc9d9-ddb5-4fa4-a97d-d965ccfc6d4b" outcome="Passed" testListId="8c84fa94-04c1-424b-9868-57a2d4851a1d" relativeResultsDirectory="8e2df01d-246a-4d3a-bce3-f4b43be1d2cd" />
    <UnitTestResult executionId="de544844-0a28-441e-a565-a18390d92791" testId="b57d0980-0c58-9818-38b9-8c9cf51e3f2b" testName="MathBridgeSystem.Tests.Services.SePayServiceTests.GetPaymentDetailsAsync_SepayTransactionNotFound_ReturnsNull" computerName="Precision-7510" duration="00:00:00.0131493" startTime="2025-11-15T00:12:30.3725131+07:00" endTime="2025-11-15T00:12:30.3854468+07:00" testType="13cdc9d9-ddb5-4fa4-a97d-d965ccfc6d4b" outcome="Passed" testListId="8c84fa94-04c1-424b-9868-57a2d4851a1d" relativeResultsDirectory="de544844-0a28-441e-a565-a18390d92791" />
    <UnitTestResult executionId="32ded46d-f34f-41be-8787-3ea13dadcf53" testId="4d28f3c5-77eb-d6c9-d43f-ad565ea373eb" testName="MathBridgeSystem.Tests.Services.AuthServiceTests.ResetPasswordAsync_ValidRequest_ResetsPassword" computerName="Precision-7510" duration="00:00:00.2581780" startTime="2025-11-15T00:12:31.4691579+07:00" endTime="2025-11-15T00:12:31.7251076+07:00" testType="13cdc9d9-ddb5-4fa4-a97d-d965ccfc6d4b" outcome="Passed" testListId="8c84fa94-04c1-424b-9868-57a2d4851a1d" relativeResultsDirectory="32ded46d-f34f-41be-8787-3ea13dadcf53" />
    <UnitTestResult executionId="405a8a55-2231-4a4b-b2fd-347e4eea3aa3" testId="78e58177-c482-1e7f-9f3e-d73c131e417f" testName="MathBridgeSystem.Tests.Services.NotificationConnectionManagerTests.SendNotificationAsync_NonExistentUser_DoesNothing" computerName="Precision-7510" duration="00:00:00.0021497" startTime="2025-11-15T00:12:31.1265806+07:00" endTime="2025-11-15T00:12:31.1286322+07:00" testType="13cdc9d9-ddb5-4fa4-a97d-d965ccfc6d4b" outcome="Passed" testListId="8c84fa94-04c1-424b-9868-57a2d4851a1d" relativeResultsDirectory="405a8a55-2231-4a4b-b2fd-347e4eea3aa3" />
    <UnitTestResult executionId="3a7844a7-29de-40f0-b66d-c1abe44583ec" testId="95a19705-a9c2-24d4-ae5b-a33b91bff70b" testName="MathBridgeSystem.Tests.Services.SessionReminderServiceTests.CreateReminderNotificationsAsync_ForOneSession_CallsCreateNotificationTwice" computerName="Precision-7510" duration="00:00:00.0040790" startTime="2025-11-15T00:12:31.0905619+07:00" endTime="2025-11-15T00:12:31.0943809+07:00" testType="13cdc9d9-ddb5-4fa4-a97d-d965ccfc6d4b" outcome="Passed" testListId="8c84fa94-04c1-424b-9868-57a2d4851a1d" relativeResultsDirectory="3a7844a7-29de-40f0-b66d-c1abe44583ec" />
    <UnitTestResult executionId="589bc613-3681-4844-a434-13baae3fe43c" testId="4ed38314-0146-ff9f-82fe-705cdaf8a841" testName="MathBridgeSystem.Tests.Controllers.NotificationControllerTests.GetUnreadCount_ReturnsOkWithCount" computerName="Precision-7510" duration="00:00:00.0042436" startTime="2025-11-15T00:12:30.9045131+07:00" endTime="2025-11-15T00:12:30.9096394+07:00" testType="13cdc9d9-ddb5-4fa4-a97d-d965ccfc6d4b" outcome="Passed" testListId="8c84fa94-04c1-424b-9868-57a2d4851a1d" relativeResultsDirectory="589bc613-3681-4844-a434-13baae3fe43c" />
    <UnitTestResult executionId="4ba0f8bf-e761-4b85-a008-a0d577fbbe75" testId="3fab9427-286e-e7fc-6c9f-e76874990ce1" testName="MathBridgeSystem.Tests.Services.FinalFeedbackServiceTests.GetByStatusAsync_ShouldReturnFeedbacksByStatus" computerName="Precision-7510" duration="00:00:00.0047360" startTime="2025-11-15T00:12:30.0115243+07:00" endTime="2025-11-15T00:12:30.0138942+07:00" testType="13cdc9d9-ddb5-4fa4-a97d-d965ccfc6d4b" outcome="Passed" testListId="8c84fa94-04c1-424b-9868-57a2d4851a1d" relativeResultsDirectory="4ba0f8bf-e761-4b85-a008-a0d577fbbe75" />
    <UnitTestResult executionId="61c74063-8409-4080-b403-304da228cac2" testId="d33c28cb-9b13-7485-c6b3-47dc549ede4d" testName="MathBridgeSystem.Tests.Services.SchoolServiceTests.UpdateSchoolAsync_SchoolNotFound_ThrowsKeyNotFoundException" computerName="Precision-7510" duration="00:00:00.0022135" startTime="2025-11-15T00:12:30.2677342+07:00" endTime="2025-11-15T00:12:30.2682492+07:00" testType="13cdc9d9-ddb5-4fa4-a97d-d965ccfc6d4b" outcome="Passed" testListId="8c84fa94-04c1-424b-9868-57a2d4851a1d" relativeResultsDirectory="61c74063-8409-4080-b403-304da228cac2" />
    <UnitTestResult executionId="5fd18271-803c-4703-8019-2d2b6630e2d4" testId="9a6b5bc3-f229-d686-7222-80c88886a6d9" testName="MathBridgeSystem.Tests.EdgeCases.ValidationEdgeCasesTests.RegisterRequest_EmptyOrWhitespaceEmail_ShouldBeInvalid(email: &quot;  &quot;)" computerName="Precision-7510" duration="00:00:00.0000110" startTime="2025-11-15T00:12:31.0595388+07:00" endTime="2025-11-15T00:12:31.0596923+07:00" testType="13cdc9d9-ddb5-4fa4-a97d-d965ccfc6d4b" outcome="Passed" testListId="8c84fa94-04c1-424b-9868-57a2d4851a1d" relativeResultsDirectory="5fd18271-803c-4703-8019-2d2b6630e2d4" />
    <UnitTestResult executionId="a9f0054f-97a9-45c1-b409-89f3b21bbb67" testId="f35d7317-dff0-c394-50d1-bd09a2dce947" testName="MathBridgeSystem.Tests.Services.CurriculumServiceTests.GetCurriculumWithSchoolsAsync_NotFound_ReturnsNull" computerName="Precision-7510" duration="00:00:00.0012718" startTime="2025-11-15T00:12:30.8180355+07:00" endTime="2025-11-15T00:12:30.8188729+07:00" testType="13cdc9d9-ddb5-4fa4-a97d-d965ccfc6d4b" outcome="Passed" testListId="8c84fa94-04c1-424b-9868-57a2d4851a1d" relativeResultsDirectory="a9f0054f-97a9-45c1-b409-89f3b21bbb67" />
    <UnitTestResult executionId="a14000d4-cb5c-407e-aae8-82e66a203c60" testId="85d20c9b-d2a6-b7e1-9615-fc1b2afb33e0" testName="MathBridgeSystem.Tests.Controllers.TutorControllerTests.GetAllTutors_ServiceThrowsException_ReturnsBadRequest" computerName="Precision-7510" duration="00:00:00.0013461" startTime="2025-11-15T00:12:30.0663769+07:00" endTime="2025-11-15T00:12:30.0665200+07:00" testType="13cdc9d9-ddb5-4fa4-a97d-d965ccfc6d4b" outcome="Passed" testListId="8c84fa94-04c1-424b-9868-57a2d4851a1d" relativeResultsDirectory="a14000d4-cb5c-407e-aae8-82e66a203c60" />
    <UnitTestResult executionId="64bf8e62-db5b-4353-bb93-1f7328d83515" testId="46f1ba0a-d9c5-c62b-2245-422ceeaf0544" testName="MathBridgeSystem.Tests.Controllers.RoleControllerTests.DeleteRole_UnexpectedException_ReturnsInternalServerError" computerName="Precision-7510" duration="00:00:00.0046724" startTime="2025-11-15T00:12:30.9789599+07:00" endTime="2025-11-15T00:12:30.9820458+07:00" testType="13cdc9d9-ddb5-4fa4-a97d-d965ccfc6d4b" outcome="Passed" testListId="8c84fa94-04c1-424b-9868-57a2d4851a1d" relativeResultsDirectory="64bf8e62-db5b-4353-bb93-1f7328d83515" />
    <UnitTestResult executionId="6c3ecd91-1dc7-44ca-80a4-4ce427e9ceca" testId="8a00f11b-da89-bae1-95ba-6bb32db5e547" testName="MathBridgeSystem.Tests.Services.AuthServiceTests.GoogleLoginAsync_GoogleAuthFails_ThrowsException" computerName="Precision-7510" duration="00:00:00.0049737" startTime="2025-11-15T00:12:32.6621292+07:00" endTime="2025-11-15T00:12:32.6698651+07:00" testType="13cdc9d9-ddb5-4fa4-a97d-d965ccfc6d4b" outcome="Passed" testListId="8c84fa94-04c1-424b-9868-57a2d4851a1d" relativeResultsDirectory="6c3ecd91-1dc7-44ca-80a4-4ce427e9ceca" />
    <UnitTestResult executionId="18f300d5-6e77-4a38-80eb-f9845c196a2d" testId="af184b5f-4c70-e942-690b-49364c0ef152" testName="MathBridgeSystem.Tests.Services.SessionServiceTests.UpdateSessionTutorAsync_NewTutorNotAvailable_ThrowsInvalidOperationException" computerName="Precision-7510" duration="00:00:00.0178004" startTime="2025-11-15T00:12:29.9866059+07:00" endTime="2025-11-15T00:12:29.9867554+07:00" testType="13cdc9d9-ddb5-4fa4-a97d-d965ccfc6d4b" outcome="Passed" testListId="8c84fa94-04c1-424b-9868-57a2d4851a1d" relativeResultsDirectory="18f300d5-6e77-4a38-80eb-f9845c196a2d" />
    <UnitTestResult executionId="7690ea61-a8c8-435c-99f0-e9e38ba52063" testId="27b35049-0bbd-09bd-e74a-548c5b33245e" testName="MathBridgeSystem.Tests.EdgeCases.ValidationEdgeCasesTests.Input_SQLInjectionAttempts_ShouldBeDetectable(input: &quot;SELECT * FROM users&quot;)" computerName="Precision-7510" duration="00:00:00.0001520" startTime="2025-11-15T00:12:31.0058171+07:00" endTime="2025-11-15T00:12:31.0061872+07:00" testType="13cdc9d9-ddb5-4fa4-a97d-d965ccfc6d4b" outcome="Passed" testListId="8c84fa94-04c1-424b-9868-57a2d4851a1d" relativeResultsDirectory="7690ea61-a8c8-435c-99f0-e9e38ba52063" />
    <UnitTestResult executionId="4ac3b476-7a57-4469-a752-c4d590645a4d" testId="ca8a7088-3af3-d3e5-27cb-634e8a988494" testName="MathBridgeSystem.Tests.Services.PackageServiceTests.CreatePackageAsync_NegativePrice_ThrowsArgumentException" computerName="Precision-7510" duration="00:00:00.0042808" startTime="2025-11-15T00:12:30.2105455+07:00" endTime="2025-11-15T00:12:30.2137828+07:00" testType="13cdc9d9-ddb5-4fa4-a97d-d965ccfc6d4b" outcome="Passed" testListId="8c84fa94-04c1-424b-9868-57a2d4851a1d" relativeResultsDirectory="4ac3b476-7a57-4469-a752-c4d590645a4d" />
    <UnitTestResult executionId="70026cbd-b678-4532-9197-abf49e950be7" testId="0dbbdd16-5eac-1b70-7073-814336b757b0" testName="MathBridgeSystem.Tests.Services.ContractServiceTests.GetContractsByParentAsync_OnlineContract_MapsDtoCorrectly" computerName="Precision-7510" duration="00:00:00.0175761" startTime="2025-11-15T00:12:30.5319107+07:00" endTime="2025-11-15T00:12:30.5514989+07:00" testType="13cdc9d9-ddb5-4fa4-a97d-d965ccfc6d4b" outcome="Passed" testListId="8c84fa94-04c1-424b-9868-57a2d4851a1d" relativeResultsDirectory="70026cbd-b678-4532-9197-abf49e950be7" />
    <UnitTestResult executionId="329a3105-b659-42aa-b3d4-edb05ca9fbdc" testId="db3d6b1c-c5c6-2d37-ba8e-b09846cd4265" testName="MathBridgeSystem.Tests.Services.AuthServiceTests.ChangePasswordAsync_NullRequest_ThrowsArgumentNullException" computerName="Precision-7510" duration="00:00:00.0012744" startTime="2025-11-15T00:12:32.7049870+07:00" endTime="2025-11-15T00:12:32.7058602+07:00" testType="13cdc9d9-ddb5-4fa4-a97d-d965ccfc6d4b" outcome="Passed" testListId="8c84fa94-04c1-424b-9868-57a2d4851a1d" relativeResultsDirectory="329a3105-b659-42aa-b3d4-edb05ca9fbdc" />
    <UnitTestResult executionId="b46883b0-bdd2-4a34-8318-3236e47bafe8" testId="a124fa35-2223-67bb-135e-4ac3af4d908b" testName="MathBridgeSystem.Tests.Services.UnitServiceTests.CreateUnitAsync_ShouldThrowException_WhenUnitNameAlreadyExists" computerName="Precision-7510" duration="00:00:00.0218752" startTime="2025-11-15T00:12:29.9406514+07:00" endTime="2025-11-15T00:12:29.9507758+07:00" testType="13cdc9d9-ddb5-4fa4-a97d-d965ccfc6d4b" outcome="Passed" testListId="8c84fa94-04c1-424b-9868-57a2d4851a1d" relativeResultsDirectory="b46883b0-bdd2-4a34-8318-3236e47bafe8" />
    <UnitTestResult executionId="abd54199-0a2a-4c92-8ff8-bcb2fd9328f6" testId="5e170b32-0b5a-b126-3f12-40b80a76b7a2" testName="MathBridgeSystem.Tests.Controllers.PackageControllerTests.GetAllPackages_ServiceThrowsException_ReturnsInternalServerError" computerName="Precision-7510" duration="00:00:00.1353542" startTime="2025-11-15T00:12:29.6457314+07:00" endTime="2025-11-15T00:12:29.8091415+07:00" testType="13cdc9d9-ddb5-4fa4-a97d-d965ccfc6d4b" outcome="Passed" testListId="8c84fa94-04c1-424b-9868-57a2d4851a1d" relativeResultsDirectory="abd54199-0a2a-4c92-8ff8-bcb2fd9328f6" />
    <UnitTestResult executionId="dfef2708-c1bc-4723-bcd4-c14a6d2ed5c3" testId="89442476-88ce-78c1-e6ee-f3a6d7829b6f" testName="MathBridgeSystem.Tests.Services.RescheduleServiceTests.ApproveRequestAsync_TutorNotAvailable_ThrowsInvalidOperationException" computerName="Precision-7510" duration="00:00:00.0099121" startTime="2025-11-15T00:12:30.7808450+07:00" endTime="2025-11-15T00:12:30.7892696+07:00" testType="13cdc9d9-ddb5-4fa4-a97d-d965ccfc6d4b" outcome="Passed" testListId="8c84fa94-04c1-424b-9868-57a2d4851a1d" relativeResultsDirectory="dfef2708-c1bc-4723-bcd4-c14a6d2ed5c3" />
    <UnitTestResult executionId="5033a930-12f6-45c8-835b-9a55bfe71b9c" testId="92b8128a-6bf1-1609-29ee-a3bc3db904da" testName="MathBridgeSystem.Tests.Services.DailyReportServiceTests.GetDailyReportsByChildIdAsync_ShouldReturnAllChildReports" computerName="Precision-7510" duration="00:00:00.0126440" startTime="2025-11-15T00:12:30.5799991+07:00" endTime="2025-11-15T00:12:30.5874667+07:00" testType="13cdc9d9-ddb5-4fa4-a97d-d965ccfc6d4b" outcome="Passed" testListId="8c84fa94-04c1-424b-9868-57a2d4851a1d" relativeResultsDirectory="5033a930-12f6-45c8-835b-9a55bfe71b9c" />
    <UnitTestResult executionId="3315e13f-be34-4101-af54-68b875fb446c" testId="ca8cccc6-ea6c-eaec-3dc9-5c63c0bed2f7" testName="MathBridgeSystem.Tests.Services.PackageServiceTests.GetAllPackagesAsync_WhenNoPackages_ReturnsEmptyList" computerName="Precision-7510" duration="00:00:00.0837827" startTime="2025-11-15T00:12:30.0787185+07:00" endTime="2025-11-15T00:12:30.1604018+07:00" testType="13cdc9d9-ddb5-4fa4-a97d-d965ccfc6d4b" outcome="Passed" testListId="8c84fa94-04c1-424b-9868-57a2d4851a1d" relativeResultsDirectory="3315e13f-be34-4101-af54-68b875fb446c" />
    <UnitTestResult executionId="8691e605-8093-43b5-9452-094629691edc" testId="c13e3873-64c8-4ba0-7d38-cb6922580634" testName="MathBridgeSystem.Tests.EdgeCases.ValidationEdgeCasesTests.PageNumber_BoundaryValues_ShouldBeHandled(pageNumber: 2147483647)" computerName="Precision-7510" duration="00:00:00.0001943" startTime="2025-11-15T00:12:31.0324664+07:00" endTime="2025-11-15T00:12:31.0326290+07:00" testType="13cdc9d9-ddb5-4fa4-a97d-d965ccfc6d4b" outcome="Passed" testListId="8c84fa94-04c1-424b-9868-57a2d4851a1d" relativeResultsDirectory="8691e605-8093-43b5-9452-094629691edc" />
    <UnitTestResult executionId="8bae4e8e-37ac-40bf-8197-9199a0c5b028" testId="b6a8baf9-42af-b0aa-9865-ebc2c6cd6c88" testName="MathBridgeSystem.Tests.Controllers.NotificationControllerTests.GetUnreadNotifications_NoUnread_ReturnsEmptyList" computerName="Precision-7510" duration="00:00:00.0076726" startTime="2025-11-15T00:12:30.8593026+07:00" endTime="2025-11-15T00:12:30.8639801+07:00" testType="13cdc9d9-ddb5-4fa4-a97d-d965ccfc6d4b" outcome="Passed" testListId="8c84fa94-04c1-424b-9868-57a2d4851a1d" relativeResultsDirectory="8bae4e8e-37ac-40bf-8197-9199a0c5b028" />
    <UnitTestResult executionId="f75e3661-4dec-4499-b652-69da4c99cb5b" testId="dccec6ff-3001-cc0c-8b0d-d0afc0091636" testName="MathBridgeSystem.Tests.Services.ChildServiceTests.GetAllChildrenAsync_NoChildren_ReturnsEmptyList" computerName="Precision-7510" duration="00:00:00.0106462" startTime="2025-11-15T00:12:30.6072446+07:00" endTime="2025-11-15T00:12:30.6144185+07:00" testType="13cdc9d9-ddb5-4fa4-a97d-d965ccfc6d4b" outcome="Passed" testListId="8c84fa94-04c1-424b-9868-57a2d4851a1d" relativeResultsDirectory="f75e3661-4dec-4499-b652-69da4c99cb5b" />
    <UnitTestResult executionId="c1a16b74-a9df-44fd-8a57-ed5ce5a8c78c" testId="fcf1b256-0d36-9009-bb88-6a70f5c575a1" testName="MathBridgeSystem.Tests.Services.WalletTransactionServiceTests.UpdateTransactionStatusAsync_ShouldUpdateStatus_WhenTransactionExists" computerName="Precision-7510" duration="00:00:00.0141607" startTime="2025-11-15T00:12:30.2727093+07:00" endTime="2025-11-15T00:12:30.2870422+07:00" testType="13cdc9d9-ddb5-4fa4-a97d-d965ccfc6d4b" outcome="Passed" testListId="8c84fa94-04c1-424b-9868-57a2d4851a1d" relativeResultsDirectory="c1a16b74-a9df-44fd-8a57-ed5ce5a8c78c" />
    <UnitTestResult executionId="ece7112b-70ef-4b7f-81c8-4101052f2e26" testId="911efd09-0b00-2eb6-7db7-6b3c00679bca" testName="MathBridgeSystem.Tests.Controllers.PackageControllerTests.Constructor_NullPackageService_ThrowsArgumentNullException" computerName="Precision-7510" duration="00:00:00.0026568" startTime="2025-11-15T00:12:29.9156392+07:00" endTime="2025-11-15T00:12:29.9170942+07:00" testType="13cdc9d9-ddb5-4fa4-a97d-d965ccfc6d4b" outcome="Passed" testListId="8c84fa94-04c1-424b-9868-57a2d4851a1d" relativeResultsDirectory="ece7112b-70ef-4b7f-81c8-4101052f2e26" />
    <UnitTestResult executionId="95d1a782-4a3a-44db-b4e0-dad08112c6d2" testId="14291328-b85e-b5bf-2e6a-b370bca61c15" testName="MathBridgeSystem.Tests.Services.FinalFeedbackServiceTests.GetByContractIdAsync_ShouldReturnContractFeedbacks" computerName="Precision-7510" duration="00:00:00.0292447" startTime="2025-11-15T00:12:29.9839508+07:00" endTime="2025-11-15T00:12:29.9872889+07:00" testType="13cdc9d9-ddb5-4fa4-a97d-d965ccfc6d4b" outcome="Passed" testListId="8c84fa94-04c1-424b-9868-57a2d4851a1d" relativeResultsDirectory="95d1a782-4a3a-44db-b4e0-dad08112c6d2" />
    <UnitTestResult executionId="b9e124ba-8436-42fe-bc79-35de44fae94d" testId="1782c4af-7253-5e50-4004-0243c3361256" testName="MathBridgeSystem.Tests.Controllers.PackageControllerTests.GetActivePackageById_NonExistingPackage_ReturnsNotFound" computerName="Precision-7510" duration="00:00:00.0028878" startTime="2025-11-15T00:12:29.9315499+07:00" endTime="2025-11-15T00:12:29.9349425+07:00" testType="13cdc9d9-ddb5-4fa4-a97d-d965ccfc6d4b" outcome="Passed" testListId="8c84fa94-04c1-424b-9868-57a2d4851a1d" relativeResultsDirectory="b9e124ba-8436-42fe-bc79-35de44fae94d" />
    <UnitTestResult executionId="88aa060c-4b5b-4e2e-a1b3-3ce765d11b61" testId="7d42ef64-ca6e-9ef0-dfd0-c719d4bdcadb" testName="MathBridgeSystem.Tests.EdgeCases.ValidationEdgeCasesTests.PhoneNumber_WithSpecialCharacters_ShouldBeNormalized" computerName="Precision-7510" duration="00:00:00.0004171" startTime="2025-11-15T00:12:31.0402886+07:00" endTime="2025-11-15T00:12:31.0404437+07:00" testType="13cdc9d9-ddb5-4fa4-a97d-d965ccfc6d4b" outcome="Passed" testListId="8c84fa94-04c1-424b-9868-57a2d4851a1d" relativeResultsDirectory="88aa060c-4b5b-4e2e-a1b3-3ce765d11b61" />
[...]
    <TestEntry testId="02353b2b-e6b9-8f3b-fc73-3f8e67119064" executionId="ca0431fd-9f88-45f8-97ee-2e3e1b5b0551" testListId="8c84fa94-04c1-424b-9868-57a2d4851a1d" />
    <TestEntry testId="e0c894a8-e6f8-0069-08f7-44908d54f851" executionId="05d5d8c9-0517-4701-a926-b66cf0621b3e" testListId="8c84fa94-04c1-424b-9868-57a2d4851a1d" />
    <TestEntry testId="e56a841e-3dc5-69bf-62c7-b6a364d94e0e" executionId="3d9bc7ac-10d7-4673-9098-50e96fad13e7" testListId="8c84fa94-04c1-424b-9868-57a2d4851a1d" />
    <TestEntry testId="91be05ab-70d3-c3bf-3a7f-9046f73f2e2e" executionId="998fedb6-fb0c-4059-bd41-231e616cce12" testListId="8c84fa94-04c1-424b-9868-57a2d4851a1d" />
    <TestEntry testId="e6e3b2bc-f88f-2484-1243-4b31a5b85e06" executionId="6bf88b6c-d0c8-47c6-987f-4a98c5d094de" testListId="8c84fa94-04c1-424b-9868-57a2d4851a1d" />
    <TestEntry testId="41d80ade-81e6-79da-285e-ae5f2e183281" executionId="1cbac883-288f-42bf-9b64-e9e477849651" testListId="8c84fa94-04c1-424b-9868-57a2d4851a1d" />
    <TestEntry testId="4dc4d1ea-88ec-8016-cf75-11e67ffb1beb" executionId="ee3ea514-e0bd-4501-8646-6b35d2a9daed" testListId="8c84fa94-04c1-424b-9868-57a2d4851a1d" />
    <TestEntry testId="5940f66f-2ca9-cd6b-87ac-d2046820b2f4" executionId="426ff792-bf91-4422-b0ce-472117457acb" testListId="8c84fa94-04c1-424b-9868-57a2d4851a1d" />
    <TestEntry testId="6e9382db-dbe9-9ac2-3f30-88eefde18710" executionId="988edbab-c080-41d5-9b6b-c0a001913c5d" testListId="8c84fa94-04c1-424b-9868-57a2d4851a1d" />
    <TestEntry testId="1583db45-8fa0-2f96-2af0-987d3df5c062" executionId="8e59787e-13eb-4663-b285-39b6e46ba2b9" testListId="8c84fa94-04c1-424b-9868-57a2d4851a1d" />
    <TestEntry testId="fa706a55-85bc-e28b-8c2f-482c3b8a01ec" executionId="41070714-1908-4bdd-a18e-4ee468413de8" testListId="8c84fa94-04c1-424b-9868-57a2d4851a1d" />
    <TestEntry testId="86feeb05-0b12-1587-5715-843cea63e2f8" executionId="e00cb9d8-f827-4518-8897-0e90cf959653" testListId="8c84fa94-04c1-424b-9868-57a2d4851a1d" />
    <TestEntry testId="d2b5b7c7-8efc-1edc-13cc-8eedc0f72fe0" executionId="b02b829e-6dc1-40b4-b3ee-3730e0f64501" testListId="8c84fa94-04c1-424b-9868-57a2d4851a1d" />
    <TestEntry testId="d524d6db-9424-9c9e-85b6-732ad348a181" executionId="286822d1-8d61-4475-826d-ab7d02ac81f0" testListId="8c84fa94-04c1-424b-9868-57a2d4851a1d" />
    <TestEntry testId="0a20f142-26b4-d745-d530-d3fb55d5c57d" executionId="c190f650-289f-4b76-aaab-2d2576b2c43f" testListId="8c84fa94-04c1-424b-9868-57a2d4851a1d" />
    <TestEntry testId="f8ca7af0-9cc2-fbbd-a83c-c686bd572434" executionId="02a038b2-b9b0-450d-9f03-4e339fe53d25" testListId="8c84fa94-04c1-424b-9868-57a2d4851a1d" />
    <TestEntry testId="92d3e311-c4a0-3ccc-b77a-1e8145609108" executionId="8c0c2351-6ef2-4796-83e6-f88447f91166" testListId="8c84fa94-04c1-424b-9868-57a2d4851a1d" />
    <TestEntry testId="8fc276a7-ed06-778e-9841-183969a460f3" executionId="fdc1206f-c49f-4e52-81f3-3f22fafc719a" testListId="8c84fa94-04c1-424b-9868-57a2d4851a1d" />
    <TestEntry testId="b6628c5d-5ff3-3e00-96a2-66284c80f421" executionId="6391469b-e6c4-4a21-a455-5cd471dd06bd" testListId="8c84fa94-04c1-424b-9868-57a2d4851a1d" />
    <TestEntry testId="4bc1cb13-97f7-3092-dd54-a0f8ae7dd1eb" executionId="ae746303-5df3-440c-af1a-bc013f6b6797" testListId="8c84fa94-04c1-424b-9868-57a2d4851a1d" />
    <TestEntry testId="969d0044-cbca-6603-65b3-65cd513a10c0" executionId="0b80adf6-90e9-4dc6-9b89-1e60f6535ce1" testListId="8c84fa94-04c1-424b-9868-57a2d4851a1d" />
    <TestEntry testId="05e99e6a-0ec3-dc13-3a75-8e9facbc3e49" executionId="f247f7ef-a682-49a4-a64c-67161483a24e" testListId="8c84fa94-04c1-424b-9868-57a2d4851a1d" />
    <TestEntry testId="ece093a4-c9cc-c07b-7543-258e63c7c42d" executionId="5349366a-0132-4c0f-93fb-1b184f3b1749" testListId="8c84fa94-04c1-424b-9868-57a2d4851a1d" />
    <TestEntry testId="48f820b8-f8cf-1f2e-e1f9-476bc2349e38" executionId="7234caa9-a8b1-47d7-bdf7-a4e00e29963e" testListId="8c84fa94-04c1-424b-9868-57a2d4851a1d" />
    <TestEntry testId="424b546d-9ef6-0198-1f1c-bdf3ab573651" executionId="59bb6ac3-a1e4-42be-b6dd-812937447a7c" testListId="8c84fa94-04c1-424b-9868-57a2d4851a1d" />
    <TestEntry testId="feb9114c-4bcf-a19c-1425-bf5f95f545d8" executionId="c8f2ea52-5c30-484e-bb0f-6565216700bc" testListId="8c84fa94-04c1-424b-9868-57a2d4851a1d" />
    <TestEntry testId="a4b2f8ef-fc79-758c-7098-f250b2d79bc7" executionId="30b6981b-4aea-4bfd-8f00-ad4969ffba97" testListId="8c84fa94-04c1-424b-9868-57a2d4851a1d" />
    <TestEntry testId="0b2768ca-00ff-e51a-bdb3-700f07bcd135" executionId="f7721170-792c-4ace-9988-1c948c30659d" testListId="8c84fa94-04c1-424b-9868-57a2d4851a1d" />
    <TestEntry testId="6b2dc506-460b-383d-1de7-fe030f7f7e45" executionId="9a43ae36-3b6c-495f-beb2-6db63b0f629c" testListId="8c84fa94-04c1-424b-9868-57a2d4851a1d" />
    <TestEntry testId="085d4985-9092-91b6-ca14-4752a39d355d" executionId="a96be9a5-17a9-452f-bf3f-b79e58a42fc1" testListId="8c84fa94-04c1-424b-9868-57a2d4851a1d" />
    <TestEntry testId="8ee9c816-853c-ff84-12b2-48437be1169a" executionId="be1cc989-5bbd-4623-aee9-e43d2fbce6f2" testListId="8c84fa94-04c1-424b-9868-57a2d4851a1d" />
    <TestEntry testId="dff3de47-c830-76c4-d6de-873183602cc2" executionId="a2113d51-b881-42c7-9305-c6e5d68aab9e" testListId="8c84fa94-04c1-424b-9868-57a2d4851a1d" />
    <TestEntry testId="b8d22c5c-260a-e131-0571-4dcad1af5858" executionId="a7627740-6529-470e-90af-7d826006c32d" testListId="8c84fa94-04c1-424b-9868-57a2d4851a1d" />
    <TestEntry testId="6958ec82-83ae-71f7-0d99-16594487c673" executionId="fbb3916c-e2f5-4151-930f-184f405e3272" testListId="8c84fa94-04c1-424b-9868-57a2d4851a1d" />
    <TestEntry testId="e1c2458e-f4fd-8d33-d5ce-6657720625ba" executionId="86cfc561-a86f-44d9-ba68-b0ecb5661475" testListId="8c84fa94-04c1-424b-9868-57a2d4851a1d" />
    <TestEntry testId="40f651d4-3cc1-8ecd-534f-3a9ff186679a" executionId="666cf21e-ddae-4eb7-889b-796e07cbd6c7" testListId="8c84fa94-04c1-424b-9868-57a2d4851a1d" />
    <TestEntry testId="f50f5369-93cd-91a5-2adb-90c6794c951d" executionId="bfb40951-f968-4f12-93b6-407161230411" testListId="8c84fa94-04c1-424b-9868-57a2d4851a1d" />
    <TestEntry testId="014d2c51-ab13-7d27-7ab1-4bb1db01e88c" executionId="d63c0988-5ca3-4932-8e51-287845602af4" testListId="8c84fa94-04c1-424b-9868-57a2d4851a1d" />
    <TestEntry testId="d4cbb7b8-1f23-671c-30b5-9abf03d2f188" executionId="e688fc69-6587-42c4-b024-7ab8c1533b85" testListId="8c84fa94-04c1-424b-9868-57a2d4851a1d" />
    <TestEntry testId="a9d50939-d2fc-03ef-e862-12868b74bbc9" executionId="c330b854-c925-4c21-a8b3-ad0d2b85c174" testListId="8c84fa94-04c1-424b-9868-57a2d4851a1d" />
    <TestEntry testId="95b11063-95b5-e060-f0d1-8b1de6e26ef4" executionId="9f4d6dc7-3251-4872-acad-add338e914e0" testListId="8c84fa94-04c1-424b-9868-57a2d4851a1d" />
    <TestEntry testId="4140be0f-3bdd-7ca4-b58f-7cb869fcc3af" executionId="8e24979d-79af-46aa-8082-3fb6740ffacb" testListId="8c84fa94-04c1-424b-9868-57a2d4851a1d" />
    <TestEntry testId="dabc732e-d47e-8201-6393-90034ff2cc8c" executionId="933c3bc8-1d44-40a8-8fa1-ca38ea23d3be" testListId="8c84fa94-04c1-424b-9868-57a2d4851a1d" />
    <TestEntry testId="4691ca28-d0a2-2dd0-8a4b-fa7ee3234f3b" executionId="53575f56-f8c1-4b7f-a363-647040c16227" testListId="8c84fa94-04c1-424b-9868-57a2d4851a1d" />
    <TestEntry testId="9320692a-4ac1-0cad-4abf-ab8db6bcfa98" executionId="061f941b-1bd2-4095-a907-f954c550a062" testListId="8c84fa94-04c1-424b-9868-57a2d4851a1d" />
    <TestEntry testId="a71906e6-28b3-f886-9979-d80d14eb2b4d" executionId="f70f599d-f4df-411a-9661-798f27ae7fec" testListId="8c84fa94-04c1-424b-9868-57a2d4851a1d" />
    <TestEntry testId="ea09b341-d267-9e25-24d5-f5fe46846b5d" executionId="7ce1b290-4ab7-4e34-acc2-1ebe97e48029" testListId="8c84fa94-04c1-424b-9868-57a2d4851a1d" />
    <TestEntry testId="a5ee8565-109f-8b95-9855-9e5d57e2f77e" executionId="3f7bb2b0-ad97-495b-9c38-7127880e82c2" testListId="8c84fa94-04c1-424b-9868-57a2d4851a1d" />
    <TestEntry testId="61fa6bfb-74c0-b2f6-86fe-02ecd0d19c23" executionId="c254cc99-6913-45ff-960c-eca79dd6fde3" testListId="8c84fa94-04c1-424b-9868-57a2d4851a1d" />
    <TestEntry testId="6f3714ce-dd7a-90da-b388-e87f0eb1342c" executionId="703d2f74-2a8d-4172-9271-4e2e494e35d6" testListId="8c84fa94-04c1-424b-9868-57a2d4851a1d" />
    <TestEntry testId="7b0c3e21-cdc3-bffe-acff-30d9c0136a3a" executionId="7331c2fc-b000-41a1-ab13-59be58ac460f" testListId="8c84fa94-04c1-424b-9868-57a2d4851a1d" />
    <TestEntry testId="7b4e9e8a-9d77-0d61-51d3-1bc43e99bf88" executionId="ff250c79-82e1-4d29-a958-607eb24a1882" testListId="8c84fa94-04c1-424b-9868-57a2d4851a1d" />
    <TestEntry testId="b43e95c0-863b-cefa-d3e1-6c7b1a6bc01a" executionId="a775f04b-c0ad-498f-86dc-374fc2e60e27" testListId="8c84fa94-04c1-424b-9868-57a2d4851a1d" />
    <TestEntry testId="b2fb97f7-664d-ba50-ee20-0d8dbaf83826" executionId="6ad75795-7cb5-4c2d-8033-0e6e90222ce1" testListId="8c84fa94-04c1-424b-9868-57a2d4851a1d" />
    <TestEntry testId="016c6933-403a-557e-723b-82bcc13db10f" executionId="fa9e9613-c6e6-4a1d-a11a-faddecc56c0e" testListId="8c84fa94-04c1-424b-9868-57a2d4851a1d" />
    <TestEntry testId="da8fc7dc-a7ac-f891-d57f-232790385128" executionId="78b47bfb-c204-427e-a41e-4b95ab5da083" testListId="8c84fa94-04c1-424b-9868-57a2d4851a1d" />
  </TestEntries>
  <TestLists>
    <TestList name="Results Not in a List" id="8c84fa94-04c1-424b-9868-57a2d4851a1d" />
    <TestList name="All Loaded Results" id="19431567-8539-422a-85d7-44ee4e166bda" />
  </TestLists>
  <ResultSummary outcome="Failed">
    <Counters total="669" executed="668" passed="663" failed="5" error="0" timeout="0" aborted="0" inconclusive="0" passedButRunAborted="0" notRunnable="0" notExecuted="0" disconnected="0" warning="0" completed="0" inProgress="0" pending="0" />
    <Output>
      <StdOut>Test Parallelization enabled for /home/pak/Documents/GitHub/Math-Bridge-BE/MathBridgeSystem.Test/bin/Debug/net8.0/MathBridgeSystem.Test.dll (Workers: 8, Scope: MethodLevel)
[xUnit.net 00:00:00.00] xUnit.net VSTest Adapter v3.1.5+1b188a7b0a (64-bit .NET 8.0.21)
[xUnit.net 00:00:00.15]   Discovering: MathBridgeSystem.Test
[xUnit.net 00:00:00.34]   Discovered:  MathBridgeSystem.Test
[xUnit.net 00:00:00.53]   Starting:    MathBridgeSystem.Test
[xUnit.net 00:00:01.02]       Microsoft.VisualStudio.TestTools.UnitTesting.AssertFailedException : Expected the exception message to match the equivalent of "Updated availability conflicts with an existing time slot", but "At least one teaching mode (online or offline) must be enabled" does not.
[xUnit.net 00:00:01.02]       Stack Trace:
[xUnit.net 00:00:01.02]            at FluentAssertions.Execution.LateBoundTestFramework.Throw(String message)
[xUnit.net 00:00:01.02]            at FluentAssertions.Execution.DefaultAssertionStrategy.HandleFailure(String message)
[xUnit.net 00:00:01.02]            at FluentAssertions.Execution.AssertionScope.AddPreFormattedFailure(String formattedFailureMessage)
[xUnit.net 00:00:01.02]            at FluentAssertions.Execution.AssertionChain.FailWith(Func`1 getFailureReason)
[xUnit.net 00:00:01.02]            at FluentAssertions.Execution.AssertionChain.FailWith(Func`1 getFailureReason)
[xUnit.net 00:00:01.02]            at FluentAssertions.Execution.AssertionChain.FailWith(String message, Object[] args)
[xUnit.net 00:00:01.02]            at FluentAssertions.Specialized.ExceptionAssertions`1.AssertExceptionMessage(Action`1 messageAssertion)
[xUnit.net 00:00:01.02]            at FluentAssertions.Specialized.ExceptionAssertions`1.WithMessage(String expectedWildcardPattern, String because, Object[] becauseArgs)
[xUnit.net 00:00:01.02]            at FluentAssertions.ExceptionAssertionsExtensions.WithMessage[TException](Task`1 task, String expectedWildcardPattern, String because, Object[] becauseArgs)
[xUnit.net 00:00:01.02]         /home/pak/Documents/GitHub/Math-Bridge-BE/MathBridgeSystem.Test/Service/TutorScheduleServiceTests.cs(210,0): at MathBridgeSystem.Tests.Services.TutorScheduleServiceTests.UpdateAvailabilityAsync_HasConflict_ThrowsException()
[xUnit.net 00:00:01.02]         --- End of stack trace from previous location ---
[xUnit.net 00:00:01.04]       Microsoft.VisualStudio.TestTools.UnitTesting.AssertFailedException : Expected result[0].TotalAvailableSlots to be 2, but found 0 (difference of -2).
[xUnit.net 00:00:01.04]       Stack Trace:
[xUnit.net 00:00:01.04]            at FluentAssertions.Execution.LateBoundTestFramework.Throw(String message)
[xUnit.net 00:00:01.04]            at FluentAssertions.Execution.DefaultAssertionStrategy.HandleFailure(String message)
[xUnit.net 00:00:01.04]            at FluentAssertions.Execution.AssertionScope.AddPreFormattedFailure(String formattedFailureMessage)
[xUnit.net 00:00:01.04]            at FluentAssertions.Execution.AssertionChain.FailWith(Func`1 getFailureReason)
[xUnit.net 00:00:01.04]            at FluentAssertions.Execution.AssertionChain.FailWith(Func`1 getFailureReason)
[xUnit.net 00:00:01.04]            at FluentAssertions.Execution.AssertionChain.FailWith(String message, Object[] args)
[xUnit.net 00:00:01.04]            at FluentAssertions.Numeric.NumericAssertionsBase`3.Be(T expected, String because, Object[] becauseArgs)
[xUnit.net 00:00:01.04]         /home/pak/Documents/GitHub/Math-Bridge-BE/MathBridgeSystem.Test/Service/TutorScheduleServiceTests.cs(342,0): at MathBridgeSystem.Tests.Services.TutorScheduleServiceTests.SearchAvailableTutorsAsync_ValidRequest_ReturnsGroupedAndPagedResults()
[xUnit.net 00:00:01.04]         --- End of stack trace from previous location ---
[xUnit.net 00:00:01.50]       Không thể test do gọi static ContractPdfGenerator. Cần refactor service.
Test 'MathBridgeSystem.Tests.Services.ContractServiceTests.UpdateContractStatusAsync_ToActive_SendsConfirmationEmail' was skipped in the test run.
[xUnit.net 00:00:02.02]       System.Exception : Video conference session not found
[xUnit.net 00:00:02.02]       Stack Trace:
[xUnit.net 00:00:02.02]         /home/pak/Documents/GitHub/Math-Bridge-BE/MathBridgeSystem.Application/Services/VideoConferenceService.cs(79,0): at MathBridgeSystem.Application.Services.VideoConferenceService.GetVideoConferenceAsync(Guid conferenceId)
[xUnit.net 00:00:02.02]         /home/pak/Documents/GitHub/Math-Bridge-BE/MathBridgeSystem.Application/Services/VideoConferenceService.cs(70,0): at MathBridgeSystem.Application.Services.VideoConferenceService.CreateVideoConferenceAsync(CreateVideoConferenceRequest request, Guid createdByUserId)
[xUnit.net 00:00:02.02]         /home/pak/Documents/GitHub/Math-Bridge-BE/MathBridgeSystem.Test/Service/VideoConferenceServiceTests.cs(87,0): at MathBridgeSystem.Tests.Services.VideoConferenceServiceTests.CreateVideoConferenceAsync_ValidRequest_CreatesSession()
[xUnit.net 00:00:02.02]         --- End of stack trace from previous location ---
[xUnit.net 00:00:02.11]       Microsoft.VisualStudio.TestTools.UnitTesting.AssertFailedException : Expected result.ErrorMessage "Exception creating Zoom meeting: The given key was not present in the dictionary." to contain "Zoom access token is empty or not found in response".
[xUnit.net 00:00:02.11]       Stack Trace:
[xUnit.net 00:00:02.11]            at FluentAssertions.Execution.LateBoundTestFramework.Throw(String message)
[xUnit.net 00:00:02.11]            at FluentAssertions.Execution.DefaultAssertionStrategy.HandleFailure(String message)
[xUnit.net 00:00:02.11]            at FluentAssertions.Execution.AssertionScope.AddPreFormattedFailure(String formattedFailureMessage)
[xUnit.net 00:00:02.11]            at FluentAssertions.Execution.AssertionChain.FailWith(Func`1 getFailureReason)
[xUnit.net 00:00:02.11]            at FluentAssertions.Execution.AssertionChain.FailWith(Func`1 getFailureReason)
[xUnit.net 00:00:02.11]            at FluentAssertions.Execution.AssertionChain.FailWith(String message, Object[] args)
[xUnit.net 00:00:02.11]            at FluentAssertions.Primitives.StringAssertions`1.Contain(String expected, String because, Object[] becauseArgs)
[xUnit.net 00:00:02.11]         /home/pak/Documents/GitHub/Math-Bridge-BE/MathBridgeSystem.Test/Service/ZoomProviderTests.cs(151,0): at MathBridgeSystem.Tests.Services.ZoomProviderTests.GetAccessTokenAsync_ResponseMissingToken_ThrowsInvalidOperationException()
[xUnit.net 00:00:02.11]         --- End of stack trace from previous location ---
[xUnit.net 00:00:03.63]       Microsoft.VisualStudio.TestTools.UnitTesting.AssertFailedException : Expected result to be "fake-jwt-token", but found MathBridgeSystem.Application.DTOs.LoginResponse
[xUnit.net 00:00:03.63]       {
[xUnit.net 00:00:03.63]           Role = "parent",
[xUnit.net 00:00:03.63]           RoleId = 0,
[xUnit.net 00:00:03.63]           Token = "fake-jwt-token",
[xUnit.net 00:00:03.63]           UserId = {2134ce74-b216-4dda-a75c-f9b13c369ed3}
[xUnit.net 00:00:03.63]       }.
[xUnit.net 00:00:03.63]       Stack Trace:
[xUnit.net 00:00:03.63]            at FluentAssertions.Execution.LateBoundTestFramework.Throw(String message)
[xUnit.net 00:00:03.63]            at FluentAssertions.Execution.DefaultAssertionStrategy.HandleFailure(String message)
[xUnit.net 00:00:03.63]            at FluentAssertions.Execution.AssertionScope.AddPreFormattedFailure(String formattedFailureMessage)
[xUnit.net 00:00:03.63]            at FluentAssertions.Execution.AssertionChain.FailWith(Func`1 getFailureReason)
[xUnit.net 00:00:03.63]            at FluentAssertions.Execution.AssertionChain.FailWith(Func`1 getFailureReason)
[xUnit.net 00:00:03.63]            at FluentAssertions.Execution.AssertionChain.FailWith(String message, Object[] args)
[xUnit.net 00:00:03.63]            at FluentAssertions.Primitives.ObjectAssertions`2.Be(TSubject expected, String because, Object[] becauseArgs)
[xUnit.net 00:00:03.63]         /home/pak/Documents/GitHub/Math-Bridge-BE/MathBridgeSystem.Test/Service/AuthServiceTests.cs(297,0): at MathBridgeSystem.Tests.Services.AuthServiceTests.GoogleLoginAsync_ExistingUser_UpdatesAndReturnsToken()
[xUnit.net 00:00:03.63]         --- End of stack trace from previous location ---
[xUnit.net 00:00:04.91]   Finished:    MathBridgeSystem.Test
</StdOut>
    </Output>
    <RunInfos>
      <RunInfo computerName="Precision-7510" outcome="Error" timestamp="2025-11-15T00:12:30.4676444+07:00">
        <Text>[xUnit.net 00:00:01.02]     MathBridgeSystem.Tests.Services.TutorScheduleServiceTests.UpdateAvailabilityAsync_HasConflict_ThrowsException [FAIL]</Text>
      </RunInfo>
      <RunInfo computerName="Precision-7510" outcome="Error" timestamp="2025-11-15T00:12:30.4703927+07:00">
        <Text>[xUnit.net 00:00:01.04]     MathBridgeSystem.Tests.Services.TutorScheduleServiceTests.SearchAvailableTutorsAsync_ValidRequest_ReturnsGroupedAndPagedResults [FAIL]</Text>
      </RunInfo>
      <RunInfo computerName="Precision-7510" outcome="Warning" timestamp="2025-11-15T00:12:30.5695663+07:00">
        <Text>[xUnit.net 00:00:01.50]     MathBridgeSystem.Tests.Services.ContractServiceTests.UpdateContractStatusAsync_ToActive_SendsConfirmationEmail [SKIP]</Text>
      </RunInfo>
      <RunInfo computerName="Precision-7510" outcome="Error" timestamp="2025-11-15T00:12:31.0904347+07:00">
        <Text>[xUnit.net 00:00:02.02]     MathBridgeSystem.Tests.Services.VideoConferenceServiceTests.CreateVideoConferenceAsync_ValidRequest_CreatesSession [FAIL]</Text>
      </RunInfo>
      <RunInfo computerName="Precision-7510" outcome="Error" timestamp="2025-11-15T00:12:31.1765690+07:00">
        <Text>[xUnit.net 00:00:02.11]     MathBridgeSystem.Tests.Services.ZoomProviderTests.GetAccessTokenAsync_ResponseMissingToken_ThrowsInvalidOperationException [FAIL]</Text>
      </RunInfo>
      <RunInfo computerName="Precision-7510" outcome="Error" timestamp="2025-11-15T00:12:32.6922756+07:00">
        <Text>[xUnit.net 00:00:03.63]     MathBridgeSystem.Tests.Services.AuthServiceTests.GoogleLoginAsync_ExistingUser_UpdatesAndReturnsToken [FAIL]</Text>
      </RunInfo>
    </RunInfos>
  </ResultSummary>
</TestRun>